[Licensing::Module] Trying to connect to existing licensing client channel...
Built from '6000.2/respin/6000.2.6f2-cc51a95c03' branch; Version is '6000.2.6f2 (4a4dcaec6541) revision 4869578'; Using compiler version '194234433'; Build Type 'Release'
[Licensing::IpcConnector] Successfully connected to: "LicenseClient-TomyP" at "2026-01-06T23:14:20.5943725Z"
OS: 'Windows 11  (10.0.26200) 64bit Core' Language: 'en' Physical Memory: 32666 MB
BatchMode: 1, IsHumanControllingUs: 0, StartBugReporterOnCrash: 0, Is64bit: 1
Date: 2026-01-06T23:14:20Z

COMMAND LINE ARGUMENTS:
D:\Programs\Unity\Installs\6000.2.6f2\Editor\Unity.exe
-adb2
-batchMode
-noUpm
-name
AssetImportWorker2
-projectPath
D:/Projects/Unity/STIG
-logFile
Logs/AssetImportWorker2.log
-srvPort
57692
-licensingIpc
LicenseClient-TomyP
-job-worker-count
7
-background-job-worker-count
8
-gc-helper-count
1
-name
AssetImport
Successfully changed project path to: D:/Projects/Unity/STIG
D:/Projects/Unity/STIG
[UnityMemory] Configuration Parameters - Can be set up in boot.config
    "memorysetup-allocator-temp-initial-block-size-main=262144"
    "memorysetup-allocator-temp-initial-block-size-worker=262144"
    "memorysetup-bucket-allocator-granularity=16"
    "memorysetup-bucket-allocator-bucket-count=8"
    "memorysetup-bucket-allocator-block-size=33554432"
    "memorysetup-bucket-allocator-block-count=8"
    "memorysetup-main-allocator-block-size=16777216"
    "memorysetup-thread-allocator-block-size=16777216"
    "memorysetup-gfx-main-allocator-block-size=16777216"
    "memorysetup-gfx-thread-allocator-block-size=16777216"
    "memorysetup-cache-allocator-block-size=4194304"
    "memorysetup-typetree-allocator-block-size=2097152"
    "memorysetup-profiler-bucket-allocator-granularity=16"
    "memorysetup-profiler-bucket-allocator-bucket-count=8"
    "memorysetup-profiler-bucket-allocator-block-size=33554432"
    "memorysetup-profiler-bucket-allocator-block-count=8"
    "memorysetup-profiler-allocator-block-size=16777216"
    "memorysetup-profiler-editor-allocator-block-size=1048576"
    "memorysetup-temp-allocator-size-main=16777216"
    "memorysetup-job-temp-allocator-block-size=2097152"
    "memorysetup-job-temp-allocator-block-size-background=1048576"
    "memorysetup-job-temp-allocator-reduction-small-platforms=262144"
    "memorysetup-temp-allocator-size-background-worker=32768"
    "memorysetup-temp-allocator-size-job-worker=262144"
    "memorysetup-temp-allocator-size-preload-manager=33554432"
    "memorysetup-temp-allocator-size-nav-mesh-worker=65536"
    "memorysetup-temp-allocator-size-audio-worker=65536"
    "memorysetup-temp-allocator-size-cloud-worker=32768"
    "memorysetup-temp-allocator-size-gi-baking-worker=262144"
    "memorysetup-temp-allocator-size-gi-baking-worker=262144"
    "memorysetup-temp-allocator-size-gi-baking-worker=262144"
    "memorysetup-temp-allocator-size-gi-baking-worker=262144"
    "memorysetup-temp-allocator-size-gi-baking-worker=262144"
    "memorysetup-temp-allocator-size-gfx=262144"
Player connection [30060]  Target information:

Player connection [30060]  * "[IP] 192.168.178.97 [Port] 0 [Flags] 2 [Guid] 673693430 [EditorId] 673693430 [Version] 1048832 [Id] WindowsEditor(7,DESKTOP-OJG25FL) [Debug] 1 [PackageName] WindowsEditor [ProjectName] Editor" 

Player connection [30060] Host joined multi-casting on [225.0.0.222:54997]...
Player connection [30060] Host joined alternative multi-casting on [225.0.0.222:34997]...
JobSystem: Creating JobQueue using job-worker-count value 7
Input System module state changed to: Initialized.
[Physics::Module] Initialized fallback backend.
[Physics::Module] Id: 0xdecafbad
[Licensing::Client] Code 10 while verifying Licensing Client signature (process Id: 9244, path: "C:/Program Files/Unity Hub/UnityLicensingClient_V1/Unity.Licensing.Client.exe")
[Licensing::Module] LicensingClient has failed validation; ignoring
[Licensing::Client] Handshaking with LicensingClient:
  Version:                 1.17.3+a4e98f1
  Session Id:              190d70d113514d71892e104710164554
  Correlation Id:          7863510faa22a592384eba09bb2224be
  External correlation Id: 8501001287723624199
  Machine Id:              asarHZRrUHgVvXWxayz2avrMUA8=
[Licensing::Module] Successfully connected to LicensingClient on channel: "LicenseClient-TomyP" (connect: 0.00s, validation: 0.00s, handshake: 0.03s)
[Licensing::IpcConnector] Successfully connected to: "LicenseClient-TomyP-notifications" at "2026-01-06T23:14:20.6228734Z"
[Licensing::Module] Licensing Background thread has ended after 0.03s
Library Redirect Path: Library/
[Physics::Module] Selected backend.
[Physics::Module] Name: PhysX
[Physics::Module] Id: 0xf2b8ea05
[Physics::Module] SDK Version: 4.1.2
[Physics::Module] Integration Version: 1.0.0
[Physics::Module] Threading Mode: Multi-Threaded
Refreshing native plugins compatible for Editor in 2.05 ms, found 4 plugins.
Preloading 0 native plugins for Editor in 0.00 ms.
Initialize engine version: 6000.2.6f2 (4a4dcaec6541)
[Subsystems] Discovering subsystems at path D:/Programs/Unity/Installs/6000.2.6f2/Editor/Data/Resources/UnitySubsystems
[Subsystems] Discovering subsystems at path D:/Projects/Unity/STIG/Assets
GfxDevice: creating device client; kGfxThreadingModeNonThreaded
Direct3D:
    Version:  Direct3D 11.0 [level 11.1]
    Renderer: AMD Radeon RX 6800 (ID=0x73bf)
    Vendor:   ATI
    VRAM:     16337 MB
    Driver:   32.0.21033.3005
Initialize mono
Mono path[0] = 'D:/Programs/Unity/Installs/6000.2.6f2/Editor/Data/Managed'
Mono path[1] = 'D:/Programs/Unity/Installs/6000.2.6f2/Editor/Data/MonoBleedingEdge/lib/mono/unityjit-win32'
Mono config path = 'D:/Programs/Unity/Installs/6000.2.6f2/Editor/Data/MonoBleedingEdge/etc'
Using monoOptions --debugger-agent=transport=dt_socket,embedding=1,server=y,suspend=n,address=127.0.0.1:56420
Begin MonoManager ReloadAssembly
Registering precompiled unity dll's ...
Register platform support module: D:/Programs/Unity/Installs/6000.2.6f2/Editor/Data/PlaybackEngines/WindowsStandaloneSupport/UnityEditor.WindowsStandalone.Extensions.dll
Registered in 0.000986 seconds.
- Loaded All Assemblies, in  0.347 seconds
Native extension for WindowsStandalone target not found
Mono: successfully reloaded assembly
- Finished resetting the current domain, in  0.320 seconds
Domain Reload Profiling: 667ms
	BeginReloadAssembly (118ms)
		ExecutionOrderSort (0ms)
		DisableScriptedObjects (0ms)
		BackupInstance (0ms)
		ReleaseScriptingObjects (0ms)
		CreateAndSetChildDomain (1ms)
	RebuildCommonClasses (34ms)
	RebuildNativeTypeToScriptingClass (11ms)
	initialDomainReloadingComplete (39ms)
	LoadAllAssembliesAndSetupDomain (143ms)
		LoadAssemblies (117ms)
		RebuildTransferFunctionScriptingTraits (0ms)
		AnalyzeDomain (141ms)
			TypeCache.Refresh (139ms)
				TypeCache.ScanAssembly (128ms)
			BuildScriptInfoCaches (0ms)
			ResolveRequiredComponents (1ms)
	FinalizeReload (321ms)
		ReleaseScriptCaches (0ms)
		RebuildScriptCaches (0ms)
		SetupLoadedEditorAssemblies (276ms)
			LogAssemblyErrors (0ms)
			InitializePlatformSupportModulesInManaged (46ms)
			SetLoadedEditorAssemblies (3ms)
			BeforeProcessingInitializeOnLoad (59ms)
			ProcessInitializeOnLoadAttributes (120ms)
			ProcessInitializeOnLoadMethodAttributes (49ms)
			AfterProcessingInitializeOnLoad (0ms)
			EditorAssembliesLoaded (0ms)
		ExecutionOrderSort2 (0ms)
		AwakeInstancesAfterBackupRestoration (0ms)
========================================================================
Worker process is ready to serve import requests
Import Worker Mode flag is 0x00
Begin MonoManager ReloadAssembly
[Licensing::Client] Successfully resolved entitlement details
[Licensing::Module] License group:
  Id: 9071982197022-UnityPersXXXX
  Product: Unity Personal
  Type: Assigned
  Expiration: Unlimited
- Loaded All Assemblies, in  0.713 seconds
Refreshing native plugins compatible for Editor in 0.98 ms, found 4 plugins.
Native extension for WindowsStandalone target not found
Package Manager log level set to [2]
[Package Manager] Failed to launch server process. Reason: Unity was launched with the -noUpm command-line argument
[Package Manager] Unable to send message (not connected to server process).
[Package Manager] Cannot connect to Unity Package Manager local server
The project currently uses the compatibility mode where the Render Graph API is disabled. Support for this mode will be removed in future Unity versions. Migrate existing ScriptableRenderPasses to the new RenderGraph API. After the migration, disable the compatibility mode in Edit > Projects Settings > Graphics > Render Graph.
UnityEngine.Debug:ExtractStackTraceNoAlloc (byte*,int,string)
UnityEngine.StackTraceUtility:ExtractStackTrace ()
UnityEngine.DebugLogHandler:Internal_Log (UnityEngine.LogType,UnityEngine.LogOption,string,UnityEngine.Object)
UnityEngine.DebugLogHandler:LogFormat (UnityEngine.LogType,UnityEngine.Object,string,object[])
UnityEngine.Logger:Log (UnityEngine.LogType,object)
UnityEngine.Debug:LogWarning (object)
UnityEngine.Rendering.Universal.WarnUsingNonRenderGraph:EmitConsoleWarning () (at ./Library/PackageCache/com.unity.render-pipelines.universal@1e1527b3a17b/Runtime/Data/UniversalRenderPipelineAsset.cs:432)
System.Reflection.RuntimeMethodInfo:Invoke (object,System.Reflection.BindingFlags,System.Reflection.Binder,object[],System.Globalization.CultureInfo)
System.Reflection.MethodBase:Invoke (object,object[])
UnityEditor.EditorAssemblies:ProcessInitializeOnLoadMethodAttributes ()

(Filename: ./Library/PackageCache/com.unity.render-pipelines.universal@1e1527b3a17b/Runtime/Data/UniversalRenderPipelineAsset.cs Line: 432)

Mono: successfully reloaded assembly
- Finished resetting the current domain, in  0.719 seconds
Domain Reload Profiling: 1431ms
	BeginReloadAssembly (164ms)
		ExecutionOrderSort (0ms)
		DisableScriptedObjects (8ms)
		BackupInstance (0ms)
		ReleaseScriptingObjects (0ms)
		CreateAndSetChildDomain (30ms)
	RebuildCommonClasses (33ms)
	RebuildNativeTypeToScriptingClass (11ms)
	initialDomainReloadingComplete (41ms)
	LoadAllAssembliesAndSetupDomain (463ms)
		LoadAssemblies (310ms)
		RebuildTransferFunctionScriptingTraits (0ms)
		AnalyzeDomain (243ms)
			TypeCache.Refresh (175ms)
				TypeCache.ScanAssembly (159ms)
			BuildScriptInfoCaches (54ms)
			ResolveRequiredComponents (10ms)
	FinalizeReload (720ms)
		ReleaseScriptCaches (0ms)
		RebuildScriptCaches (0ms)
		SetupLoadedEditorAssemblies (609ms)
			LogAssemblyErrors (0ms)
			InitializePlatformSupportModulesInManaged (1ms)
			SetLoadedEditorAssemblies (5ms)
			BeforeProcessingInitializeOnLoad (106ms)
			ProcessInitializeOnLoadAttributes (401ms)
			ProcessInitializeOnLoadMethodAttributes (93ms)
			AfterProcessingInitializeOnLoad (2ms)
			EditorAssembliesLoaded (0ms)
		ExecutionOrderSort2 (0ms)
		AwakeInstancesAfterBackupRestoration (5ms)
Launched and connected shader compiler UnityShaderCompiler.exe after 0.01 seconds
Refreshing native plugins compatible for Editor in 1.04 ms, found 4 plugins.
Preloading 0 native plugins for Editor in 0.00 ms.
Unloading 14 Unused Serialized files (Serialized files now loaded: 0)
Unloading 6470 unused Assets / (4.2 MB). Loaded Objects now: 7173.
Memory consumption went from 138.9 MB to 134.7 MB.
Total: 6.961300 ms (FindLiveObjects: 0.599400 ms CreateObjectMapping: 0.379200 ms MarkObjects: 4.238500 ms  DeleteObjects: 1.743500 ms)

========================================================================
Received Import Request.
  Time since last request: 4425.828401 seconds.
  path: Assets/NavMeshComponents/Scripts/NavMeshBuilderState.cs
  artifactKey: Guid(710022065e740cf40bf86ccac60e3741) Importer(2089858483,192608db42251d675da83286b1cce702)
Start importing Assets/NavMeshComponents/Scripts/NavMeshBuilderState.cs using Guid(710022065e740cf40bf86ccac60e3741) Importer(2089858483,192608db42251d675da83286b1cce702) (ScriptedImporter) -> (artifact id: 'a41f9edc742f1d25990e755cc66e5120') in 0.1385947 seconds
Number of updated asset objects reloaded before import = 0Number of asset objects unloaded after import = 0

========================================================================
Received Import Request.
  Time since last request: 0.000015 seconds.
  path: Assets/NavMeshComponents/Editor/NavMeshComponentsGUIUtility.cs
  artifactKey: Guid(6d05c56cb29ad5240bc671605f95db0c) Importer(2089858483,192608db42251d675da83286b1cce702)
Start importing Assets/NavMeshComponents/Editor/NavMeshComponentsGUIUtility.cs using Guid(6d05c56cb29ad5240bc671605f95db0c) Importer(2089858483,192608db42251d675da83286b1cce702) (ScriptedImporter) -> (artifact id: '5fa37ba0f92f7bdc79e332cfbbf0f89d') in 0.0133724 seconds
Number of updated asset objects reloaded before import = 0Number of asset objects unloaded after import = 0

========================================================================
Received Import Request.
  Time since last request: 0.000015 seconds.
  path: Assets/Tilemaps/Background/Trees_3.asset
  artifactKey: Guid(805c80cd698b6e3ba937e83843c555fa) Importer(2089858483,192608db42251d675da83286b1cce702)
Start importing Assets/Tilemaps/Background/Trees_3.asset using Guid(805c80cd698b6e3ba937e83843c555fa) Importer(2089858483,192608db42251d675da83286b1cce702) (ScriptedImporter) -> (artifact id: 'ec1be5a58b6d5060934e1dded0a6c9b5') in 0.0330434 seconds
Number of updated asset objects reloaded before import = 0Number of asset objects unloaded after import = 2

========================================================================
Received Import Request.
  Time since last request: 0.000034 seconds.
  path: Assets/Scenes/StartMenu.unity
  artifactKey: Guid(8c226bd86153385ffa01791d7cabc89c) Importer(2089858483,192608db42251d675da83286b1cce702)
Start importing Assets/Scenes/StartMenu.unity using Guid(8c226bd86153385ffa01791d7cabc89c) Importer(2089858483,192608db42251d675da83286b1cce702) (ScriptedImporter) -> (artifact id: '3e722488ef9643a6c59cb64901c604d7') in 0.0097633 seconds
Number of updated asset objects reloaded before import = 0Number of asset objects unloaded after import = 1

========================================================================
Received Import Request.
  Time since last request: 0.000011 seconds.
  path: Assets/TextMesh Pro/Documentation/TextMesh Pro User Guide 2016.pdf
  artifactKey: Guid(1b8d251f9af63b746bf2f7ffe00ebb9b) Importer(2089858483,192608db42251d675da83286b1cce702)
Start importing Assets/TextMesh Pro/Documentation/TextMesh Pro User Guide 2016.pdf using Guid(1b8d251f9af63b746bf2f7ffe00ebb9b) Importer(2089858483,192608db42251d675da83286b1cce702) (ScriptedImporter) -> (artifact id: '83e453024f018189de3c749272beb401') in 0.0098537 seconds
Number of updated asset objects reloaded before import = 0Number of asset objects unloaded after import = 1

========================================================================
Received Import Request.
  Time since last request: 0.000013 seconds.
  path: Assets/Tilemaps/Background/River_Vertical.png
  artifactKey: Guid(1186ac6c90fef88cfb67f8b45c174a23) Importer(2089858483,192608db42251d675da83286b1cce702)
Start importing Assets/Tilemaps/Background/River_Vertical.png using Guid(1186ac6c90fef88cfb67f8b45c174a23) Importer(2089858483,192608db42251d675da83286b1cce702) (ScriptedImporter) -> (artifact id: '936f857f93c90dbaaa15dc309caf2785') in 0.0456332 seconds
Number of updated asset objects reloaded before import = 0Number of asset objects unloaded after import = 3

========================================================================
Received Import Request.
  Time since last request: 0.000013 seconds.
  path: Assets/NavMeshComponents/Scripts/CollectSources2d.cs
  artifactKey: Guid(70bd44a44cd62c64fbfc1eea95b24880) Importer(2089858483,192608db42251d675da83286b1cce702)
Start importing Assets/NavMeshComponents/Scripts/CollectSources2d.cs using Guid(70bd44a44cd62c64fbfc1eea95b24880) Importer(2089858483,192608db42251d675da83286b1cce702) (ScriptedImporter) -> (artifact id: '8bc0ca372439c0670e02478be2aeb41c') in 0.009638 seconds
Number of updated asset objects reloaded before import = 0Number of asset objects unloaded after import = 0

========================================================================
Received Import Request.
  Time since last request: 0.000013 seconds.
  path: Assets/Tilemaps/Background/River_Vertical_Road_Crossing_Bridge.asset
  artifactKey: Guid(33b821bd1a35ca848a329dcad8a6f6ee) Importer(2089858483,192608db42251d675da83286b1cce702)
Start importing Assets/Tilemaps/Background/River_Vertical_Road_Crossing_Bridge.asset using Guid(33b821bd1a35ca848a329dcad8a6f6ee) Importer(2089858483,192608db42251d675da83286b1cce702) (ScriptedImporter) -> (artifact id: '5d8736b8817044be4674466cddd13069') in 0.0113919 seconds
Number of updated asset objects reloaded before import = 0Number of asset objects unloaded after import = 2

========================================================================
Received Import Request.
  Time since last request: 0.000016 seconds.
  path: Assets/Tilemaps/Background/River_Vertical_End_Bottom.asset
  artifactKey: Guid(38ba14a35a21db75a9b6a06ace74d4ee) Importer(2089858483,192608db42251d675da83286b1cce702)
Start importing Assets/Tilemaps/Background/River_Vertical_End_Bottom.asset using Guid(38ba14a35a21db75a9b6a06ace74d4ee) Importer(2089858483,192608db42251d675da83286b1cce702) (ScriptedImporter) -> (artifact id: 'e30f58f0245f911986c717155271d206') in 0.0113 seconds
Number of updated asset objects reloaded before import = 0Number of asset objects unloaded after import = 2

========================================================================
Received Import Request.
  Time since last request: 5.176136 seconds.
  path: Assets/Tilemaps/GummyBear/Gummy_Bear_Walk_Left_2.png
  artifactKey: Guid(bd9915c64d48c85e08b384ec64dc355b) Importer(2089858483,192608db42251d675da83286b1cce702)
Start importing Assets/Tilemaps/GummyBear/Gummy_Bear_Walk_Left_2.png using Guid(bd9915c64d48c85e08b384ec64dc355b) Importer(2089858483,192608db42251d675da83286b1cce702) (ScriptedImporter) -> (artifact id: 'adb989abb10a9bf8e9d28d9d28816d9e') in 0.0183867 seconds
Number of updated asset objects reloaded before import = 0Number of asset objects unloaded after import = 3

========================================================================
Received Import Request.
  Time since last request: 0.000012 seconds.
  path: Assets/Tilemaps/Snake/Snake_Idle_1.png
  artifactKey: Guid(76d5c92b7f08352968631611b6de955d) Importer(2089858483,192608db42251d675da83286b1cce702)
Start importing Assets/Tilemaps/Snake/Snake_Idle_1.png using Guid(76d5c92b7f08352968631611b6de955d) Importer(2089858483,192608db42251d675da83286b1cce702) (ScriptedImporter) -> (artifact id: '5442ce9fb7c823ba4ab9d859a61439d4') in 0.0200407 seconds
Number of updated asset objects reloaded before import = 0Number of asset objects unloaded after import = 3

========================================================================
Received Import Request.
  Time since last request: 0.000014 seconds.
  path: Assets/Tilemaps/Torii/Torii_Orange.png
  artifactKey: Guid(621282cb2c65ebb4f9295619dbf663d5) Importer(2089858483,192608db42251d675da83286b1cce702)
Start importing Assets/Tilemaps/Torii/Torii_Orange.png using Guid(621282cb2c65ebb4f9295619dbf663d5) Importer(2089858483,192608db42251d675da83286b1cce702) (ScriptedImporter) -> (artifact id: '85abdeac3671924c5001fcfbbaa6bddf') in 0.0210546 seconds
Number of updated asset objects reloaded before import = 0Number of asset objects unloaded after import = 3

========================================================================
Received Import Request.
  Time since last request: 0.000016 seconds.
  path: Assets/Tilemaps/UI/Menu_BG.png
  artifactKey: Guid(87dfb7dc550c6b05dba30c07e8ff0562) Importer(2089858483,192608db42251d675da83286b1cce702)
Start importing Assets/Tilemaps/UI/Menu_BG.png using Guid(87dfb7dc550c6b05dba30c07e8ff0562) Importer(2089858483,192608db42251d675da83286b1cce702) (ScriptedImporter) -> (artifact id: 'b2bab0d0961d14245d69b127e23ba582') in 0.0189357 seconds
Number of updated asset objects reloaded before import = 0Number of asset objects unloaded after import = 3

========================================================================
Received Import Request.
  Time since last request: 0.000024 seconds.
  path: Assets/Tilemaps/Torii/Torii_Purple.png
  artifactKey: Guid(c245ae0a5be0b591ba49514a39c40ba4) Importer(2089858483,192608db42251d675da83286b1cce702)
Start importing Assets/Tilemaps/Torii/Torii_Purple.png using Guid(c245ae0a5be0b591ba49514a39c40ba4) Importer(2089858483,192608db42251d675da83286b1cce702) (ScriptedImporter) -> (artifact id: '4352bceb8813e0bf4fe1bd56ae9f3627') in 0.0196918 seconds
Number of updated asset objects reloaded before import = 0Number of asset objects unloaded after import = 3

========================================================================
Received Import Request.
  Time since last request: 0.000014 seconds.
  path: Assets/Tilemaps/Torii/Torii_Bear_Purple.png
  artifactKey: Guid(08c4850f2d75212069d8cbeb8fc18550) Importer(2089858483,192608db42251d675da83286b1cce702)
Start importing Assets/Tilemaps/Torii/Torii_Bear_Purple.png using Guid(08c4850f2d75212069d8cbeb8fc18550) Importer(2089858483,192608db42251d675da83286b1cce702) (ScriptedImporter) -> (artifact id: 'f1bba2dadd5caa0570cfbc9f041ee0ff') in 0.0197205 seconds
Number of updated asset objects reloaded before import = 0Number of asset objects unloaded after import = 3

========================================================================
Received Import Request.
  Time since last request: 0.000018 seconds.
  path: Assets/Tilemaps/GummyBear/Gummy_Bear_Walk_Right_1.png
  artifactKey: Guid(8d9dca79695ddccc68bfdce3bbf7fc35) Importer(2089858483,192608db42251d675da83286b1cce702)
Start importing Assets/Tilemaps/GummyBear/Gummy_Bear_Walk_Right_1.png using Guid(8d9dca79695ddccc68bfdce3bbf7fc35) Importer(2089858483,192608db42251d675da83286b1cce702) (ScriptedImporter) -> (artifact id: 'f7c4662201794b8f66dec39caf21cbd6') in 0.0175387 seconds
Number of updated asset objects reloaded before import = 0Number of asset objects unloaded after import = 3

========================================================================
Received Import Request.
  Time since last request: 0.000013 seconds.
  path: Assets/Tilemaps/Torii/Torii_Lock.png
  artifactKey: Guid(c6bae1a53a7ae339682c3025709e59bb) Importer(2089858483,192608db42251d675da83286b1cce702)
Start importing Assets/Tilemaps/Torii/Torii_Lock.png using Guid(c6bae1a53a7ae339682c3025709e59bb) Importer(2089858483,192608db42251d675da83286b1cce702) (ScriptedImporter) -> (artifact id: '16254d076d85552bf59680fbb7b6a6d8') in 0.0174159 seconds
Number of updated asset objects reloaded before import = 0Number of asset objects unloaded after import = 3

========================================================================
Received Import Request.
  Time since last request: 0.000013 seconds.
  path: Assets/Tilemaps/UI/Menu_Start_Default.png
  artifactKey: Guid(a9f82d8ad78d5ddd2aa230a8442bfcc3) Importer(2089858483,192608db42251d675da83286b1cce702)
Start importing Assets/Tilemaps/UI/Menu_Start_Default.png using Guid(a9f82d8ad78d5ddd2aa230a8442bfcc3) Importer(2089858483,192608db42251d675da83286b1cce702) (ScriptedImporter) -> (artifact id: '2c0dffef4f29126f32b91a8e5993240f') in 0.0245918 seconds
Number of updated asset objects reloaded before import = 0Number of asset objects unloaded after import = 3

========================================================================
Received Import Request.
  Time since last request: 108.602604 seconds.
  path: Assets/UniversalRenderPipelineGlobalSettings.asset
  artifactKey: Guid(93b439a37f63240aca3dd4e01d978a9f) Importer(2089858483,192608db42251d675da83286b1cce702)
Start importing Assets/UniversalRenderPipelineGlobalSettings.asset using Guid(93b439a37f63240aca3dd4e01d978a9f) Importer(2089858483,192608db42251d675da83286b1cce702) (ScriptedImporter) -> (artifact id: '6320aa0fae6419c5377b35efaec7f3f5') in 0.077949 seconds
Number of updated asset objects reloaded before import = 2Number of asset objects unloaded after import = 0

