[Licensing::Module] Trying to connect to existing licensing client channel...
Built from '6000.2/respin/6000.2.6f2-cc51a95c03' branch; Version is '6000.2.6f2 (4a4dcaec6541) revision 4869578'; Using compiler version '194234433'; Build Type 'Release'
[Licensing::IpcConnector] Successfully connected to: "LicenseClient-TomyP" at "2026-01-06T23:09:45.4127353Z"
OS: 'Windows 11  (10.0.26200) 64bit Core' Language: 'en' Physical Memory: 32666 MB
BatchMode: 1, IsHumanControllingUs: 0, StartBugReporterOnCrash: 0, Is64bit: 1
Date: 2026-01-06T23:09:45Z

COMMAND LINE ARGUMENTS:
D:\Programs\Unity\Installs\6000.2.6f2\Editor\Unity.exe
-adb2
-batchMode
-noUpm
-name
AssetImportWorker0
-projectPath
D:/Projects/Unity/STIG
-logFile
Logs/AssetImportWorker0.log
-srvPort
57692
-licensingIpc
LicenseClient-TomyP
-job-worker-count
7
-background-job-worker-count
8
-gc-helper-count
1
-name
AssetImport
Successfully changed project path to: D:/Projects/Unity/STIG
D:/Projects/Unity/STIG
[UnityMemory] Configuration Parameters - Can be set up in boot.config
    "memorysetup-allocator-temp-initial-block-size-main=262144"
    "memorysetup-allocator-temp-initial-block-size-worker=262144"
    "memorysetup-bucket-allocator-granularity=16"
    "memorysetup-bucket-allocator-bucket-count=8"
    "memorysetup-bucket-allocator-block-size=33554432"
    "memorysetup-bucket-allocator-block-count=8"
    "memorysetup-main-allocator-block-size=16777216"
    "memorysetup-thread-allocator-block-size=16777216"
    "memorysetup-gfx-main-allocator-block-size=16777216"
    "memorysetup-gfx-thread-allocator-block-size=16777216"
    "memorysetup-cache-allocator-block-size=4194304"
    "memorysetup-typetree-allocator-block-size=2097152"
    "memorysetup-profiler-bucket-allocator-granularity=16"
    "memorysetup-profiler-bucket-allocator-bucket-count=8"
    "memorysetup-profiler-bucket-allocator-block-size=33554432"
    "memorysetup-profiler-bucket-allocator-block-count=8"
    "memorysetup-profiler-allocator-block-size=16777216"
    "memorysetup-profiler-editor-allocator-block-size=1048576"
    "memorysetup-temp-allocator-size-main=16777216"
    "memorysetup-job-temp-allocator-block-size=2097152"
    "memorysetup-job-temp-allocator-block-size-background=1048576"
    "memorysetup-job-temp-allocator-reduction-small-platforms=262144"
    "memorysetup-temp-allocator-size-background-worker=32768"
    "memorysetup-temp-allocator-size-job-worker=262144"
    "memorysetup-temp-allocator-size-preload-manager=33554432"
    "memorysetup-temp-allocator-size-nav-mesh-worker=65536"
    "memorysetup-temp-allocator-size-audio-worker=65536"
    "memorysetup-temp-allocator-size-cloud-worker=32768"
    "memorysetup-temp-allocator-size-gi-baking-worker=262144"
    "memorysetup-temp-allocator-size-gi-baking-worker=262144"
    "memorysetup-temp-allocator-size-gi-baking-worker=262144"
    "memorysetup-temp-allocator-size-gi-baking-worker=262144"
    "memorysetup-temp-allocator-size-gi-baking-worker=262144"
    "memorysetup-temp-allocator-size-gfx=262144"
Player connection [17864]  Target information:

Player connection [17864]  * "[IP] 192.168.178.97 [Port] 0 [Flags] 2 [Guid] 1975289582 [EditorId] 1975289582 [Version] 1048832 [Id] WindowsEditor(7,DESKTOP-OJG25FL) [Debug] 1 [PackageName] WindowsEditor [ProjectName] Editor" 

Player connection [17864] Host joined multi-casting on [225.0.0.222:54997]...
Player connection [17864] Host joined alternative multi-casting on [225.0.0.222:34997]...
JobSystem: Creating JobQueue using job-worker-count value 7
Input System module state changed to: Initialized.
[Physics::Module] Initialized fallback backend.
[Physics::Module] Id: 0xdecafbad
[Licensing::Client] Code 10 while verifying Licensing Client signature (process Id: 9244, path: "C:/Program Files/Unity Hub/UnityLicensingClient_V1/Unity.Licensing.Client.exe")
[Licensing::Module] LicensingClient has failed validation; ignoring
[Licensing::Client] Handshaking with LicensingClient:
  Version:                 1.17.3+a4e98f1
  Session Id:              8d76fc233a3c4719b1e9c7547fbf83dc
  Correlation Id:          7863510faa22a592384eba09bb2224be
  External correlation Id: 7207537240960288024
  Machine Id:              asarHZRrUHgVvXWxayz2avrMUA8=
[Licensing::Module] Successfully connected to LicensingClient on channel: "LicenseClient-TomyP" (connect: 0.00s, validation: 0.00s, handshake: 0.05s)
[Licensing::IpcConnector] Successfully connected to: "LicenseClient-TomyP-notifications" at "2026-01-06T23:09:45.4597979Z"
[Licensing::Module] Licensing Background thread has ended after 0.05s
Library Redirect Path: Library/
[Physics::Module] Selected backend.
[Physics::Module] Name: PhysX
[Physics::Module] Id: 0xf2b8ea05
[Physics::Module] SDK Version: 4.1.2
[Physics::Module] Integration Version: 1.0.0
[Physics::Module] Threading Mode: Multi-Threaded
Refreshing native plugins compatible for Editor in 2.66 ms, found 4 plugins.
Preloading 0 native plugins for Editor in 0.00 ms.
Initialize engine version: 6000.2.6f2 (4a4dcaec6541)
[Subsystems] Discovering subsystems at path D:/Programs/Unity/Installs/6000.2.6f2/Editor/Data/Resources/UnitySubsystems
[Subsystems] Discovering subsystems at path D:/Projects/Unity/STIG/Assets
GfxDevice: creating device client; kGfxThreadingModeNonThreaded
Direct3D:
    Version:  Direct3D 11.0 [level 11.1]
    Renderer: AMD Radeon RX 6800 (ID=0x73bf)
    Vendor:   ATI
    VRAM:     16337 MB
    Driver:   32.0.21033.3005
Initialize mono
Mono path[0] = 'D:/Programs/Unity/Installs/6000.2.6f2/Editor/Data/Managed'
Mono path[1] = 'D:/Programs/Unity/Installs/6000.2.6f2/Editor/Data/MonoBleedingEdge/lib/mono/unityjit-win32'
Mono config path = 'D:/Programs/Unity/Installs/6000.2.6f2/Editor/Data/MonoBleedingEdge/etc'
Using monoOptions --debugger-agent=transport=dt_socket,embedding=1,server=y,suspend=n,address=127.0.0.1:56348
Begin MonoManager ReloadAssembly
Registering precompiled unity dll's ...
Register platform support module: D:/Programs/Unity/Installs/6000.2.6f2/Editor/Data/PlaybackEngines/WindowsStandaloneSupport/UnityEditor.WindowsStandalone.Extensions.dll
Registered in 0.001085 seconds.
- Loaded All Assemblies, in  0.326 seconds
Native extension for WindowsStandalone target not found
Mono: successfully reloaded assembly
- Finished resetting the current domain, in  0.283 seconds
Domain Reload Profiling: 609ms
	BeginReloadAssembly (119ms)
		ExecutionOrderSort (0ms)
		DisableScriptedObjects (0ms)
		BackupInstance (0ms)
		ReleaseScriptingObjects (0ms)
		CreateAndSetChildDomain (1ms)
	RebuildCommonClasses (30ms)
	RebuildNativeTypeToScriptingClass (10ms)
	initialDomainReloadingComplete (36ms)
	LoadAllAssembliesAndSetupDomain (130ms)
		LoadAssemblies (118ms)
		RebuildTransferFunctionScriptingTraits (0ms)
		AnalyzeDomain (127ms)
			TypeCache.Refresh (126ms)
				TypeCache.ScanAssembly (115ms)
			BuildScriptInfoCaches (0ms)
			ResolveRequiredComponents (0ms)
	FinalizeReload (284ms)
		ReleaseScriptCaches (0ms)
		RebuildScriptCaches (0ms)
		SetupLoadedEditorAssemblies (239ms)
			LogAssemblyErrors (0ms)
			InitializePlatformSupportModulesInManaged (41ms)
			SetLoadedEditorAssemblies (4ms)
			BeforeProcessingInitializeOnLoad (51ms)
			ProcessInitializeOnLoadAttributes (99ms)
			ProcessInitializeOnLoadMethodAttributes (44ms)
			AfterProcessingInitializeOnLoad (0ms)
			EditorAssembliesLoaded (0ms)
		ExecutionOrderSort2 (0ms)
		AwakeInstancesAfterBackupRestoration (0ms)
========================================================================
Worker process is ready to serve import requests
Import Worker Mode flag is 0x00
Begin MonoManager ReloadAssembly
[Licensing::Client] Successfully resolved entitlement details
[Licensing::Module] License group:
  Id: 9071982197022-UnityPersXXXX
  Product: Unity Personal
  Type: Assigned
  Expiration: Unlimited
- Loaded All Assemblies, in  0.632 seconds
Refreshing native plugins compatible for Editor in 1.04 ms, found 4 plugins.
Native extension for WindowsStandalone target not found
Package Manager log level set to [2]
[Package Manager] Failed to launch server process. Reason: Unity was launched with the -noUpm command-line argument
[Package Manager] Unable to send message (not connected to server process).
[Package Manager] Cannot connect to Unity Package Manager local server
The project currently uses the compatibility mode where the Render Graph API is disabled. Support for this mode will be removed in future Unity versions. Migrate existing ScriptableRenderPasses to the new RenderGraph API. After the migration, disable the compatibility mode in Edit > Projects Settings > Graphics > Render Graph.
UnityEngine.Debug:ExtractStackTraceNoAlloc (byte*,int,string)
UnityEngine.StackTraceUtility:ExtractStackTrace ()
UnityEngine.DebugLogHandler:Internal_Log (UnityEngine.LogType,UnityEngine.LogOption,string,UnityEngine.Object)
UnityEngine.DebugLogHandler:LogFormat (UnityEngine.LogType,UnityEngine.Object,string,object[])
UnityEngine.Logger:Log (UnityEngine.LogType,object)
UnityEngine.Debug:LogWarning (object)
UnityEngine.Rendering.Universal.WarnUsingNonRenderGraph:EmitConsoleWarning () (at ./Library/PackageCache/com.unity.render-pipelines.universal@1e1527b3a17b/Runtime/Data/UniversalRenderPipelineAsset.cs:432)
System.Reflection.RuntimeMethodInfo:Invoke (object,System.Reflection.BindingFlags,System.Reflection.Binder,object[],System.Globalization.CultureInfo)
System.Reflection.MethodBase:Invoke (object,object[])
UnityEditor.EditorAssemblies:ProcessInitializeOnLoadMethodAttributes ()

(Filename: ./Library/PackageCache/com.unity.render-pipelines.universal@1e1527b3a17b/Runtime/Data/UniversalRenderPipelineAsset.cs Line: 432)

Mono: successfully reloaded assembly
- Finished resetting the current domain, in  0.721 seconds
Domain Reload Profiling: 1352ms
	BeginReloadAssembly (152ms)
		ExecutionOrderSort (0ms)
		DisableScriptedObjects (5ms)
		BackupInstance (0ms)
		ReleaseScriptingObjects (0ms)
		CreateAndSetChildDomain (27ms)
	RebuildCommonClasses (29ms)
	RebuildNativeTypeToScriptingClass (10ms)
	initialDomainReloadingComplete (30ms)
	LoadAllAssembliesAndSetupDomain (410ms)
		LoadAssemblies (295ms)
		RebuildTransferFunctionScriptingTraits (0ms)
		AnalyzeDomain (201ms)
			TypeCache.Refresh (146ms)
				TypeCache.ScanAssembly (134ms)
			BuildScriptInfoCaches (43ms)
			ResolveRequiredComponents (8ms)
	FinalizeReload (721ms)
		ReleaseScriptCaches (0ms)
		RebuildScriptCaches (0ms)
		SetupLoadedEditorAssemblies (600ms)
			LogAssemblyErrors (0ms)
			InitializePlatformSupportModulesInManaged (1ms)
			SetLoadedEditorAssemblies (4ms)
			BeforeProcessingInitializeOnLoad (106ms)
			ProcessInitializeOnLoadAttributes (391ms)
			ProcessInitializeOnLoadMethodAttributes (95ms)
			AfterProcessingInitializeOnLoad (2ms)
			EditorAssembliesLoaded (0ms)
		ExecutionOrderSort2 (0ms)
		AwakeInstancesAfterBackupRestoration (5ms)
Launched and connected shader compiler UnityShaderCompiler.exe after 0.01 seconds
Refreshing native plugins compatible for Editor in 1.39 ms, found 4 plugins.
Preloading 0 native plugins for Editor in 0.00 ms.
Unloading 14 Unused Serialized files (Serialized files now loaded: 0)
Unloading 6468 unused Assets / (4.8 MB). Loaded Objects now: 7170.
Memory consumption went from 137.1 MB to 132.3 MB.
Total: 9.272100 ms (FindLiveObjects: 0.635900 ms CreateObjectMapping: 0.779500 ms MarkObjects: 5.131700 ms  DeleteObjects: 2.724300 ms)

========================================================================
Received Prepare
Refreshing native plugins compatible for Editor in 1.16 ms, found 4 plugins.
Preloading 0 native plugins for Editor in 0.00 ms.
Unloading 14 Unused Serialized files (Serialized files now loaded: 0)
Unloading 14 unused Assets / (1.8 MB). Loaded Objects now: 7170.
Memory consumption went from 130.2 MB to 128.3 MB.
Total: 5.988300 ms (FindLiveObjects: 0.334500 ms CreateObjectMapping: 0.304900 ms MarkObjects: 4.972800 ms  DeleteObjects: 0.374800 ms)

Prepare: number of updated asset objects reloaded= 6
========================================================================
Received Import Request.
  Time since last request: 4152.373419 seconds.
  path: Assets/DefaultVolumeProfile.asset
  artifactKey: Guid(5a1c5330e373c2e469a0e285a90fea87) Importer(815301076,1909f56bfc062723c751e8b465ee728b)
Start importing Assets/DefaultVolumeProfile.asset using Guid(5a1c5330e373c2e469a0e285a90fea87) Importer(815301076,1909f56bfc062723c751e8b465ee728b) (PreviewImporter) -> (artifact id: '612c4774ce7eaf742c5e1e94953eae45') in 0.0157557 seconds
Number of updated asset objects reloaded before import = 0Number of asset objects unloaded after import = 0

========================================================================
Received Prepare
Begin MonoManager ReloadAssembly
- Loaded All Assemblies, in  0.653 seconds
Refreshing native plugins compatible for Editor in 1.41 ms, found 4 plugins.
Native extension for WindowsStandalone target not found
[Package Manager] Failed to launch server process. Reason: Unity was launched with the -noUpm command-line argument
[Package Manager] Unable to send message (not connected to server process).
[Package Manager] Cannot connect to Unity Package Manager local server
The project currently uses the compatibility mode where the Render Graph API is disabled. Support for this mode will be removed in future Unity versions. Migrate existing ScriptableRenderPasses to the new RenderGraph API. After the migration, disable the compatibility mode in Edit > Projects Settings > Graphics > Render Graph.
UnityEngine.Debug:ExtractStackTraceNoAlloc (byte*,int,string)
UnityEngine.StackTraceUtility:ExtractStackTrace ()
UnityEngine.DebugLogHandler:Internal_Log (UnityEngine.LogType,UnityEngine.LogOption,string,UnityEngine.Object)
UnityEngine.DebugLogHandler:LogFormat (UnityEngine.LogType,UnityEngine.Object,string,object[])
UnityEngine.Logger:Log (UnityEngine.LogType,object)
UnityEngine.Debug:LogWarning (object)
UnityEngine.Rendering.Universal.WarnUsingNonRenderGraph:EmitConsoleWarning () (at ./Library/PackageCache/com.unity.render-pipelines.universal@1e1527b3a17b/Runtime/Data/UniversalRenderPipelineAsset.cs:432)
System.Reflection.RuntimeMethodInfo:Invoke (object,System.Reflection.BindingFlags,System.Reflection.Binder,object[],System.Globalization.CultureInfo)
System.Reflection.MethodBase:Invoke (object,object[])
UnityEditor.EditorAssemblies:ProcessInitializeOnLoadMethodAttributes ()

(Filename: ./Library/PackageCache/com.unity.render-pipelines.universal@1e1527b3a17b/Runtime/Data/UniversalRenderPipelineAsset.cs Line: 432)

Mono: successfully reloaded assembly
- Finished resetting the current domain, in  0.870 seconds
Domain Reload Profiling: 1526ms
	BeginReloadAssembly (196ms)
		ExecutionOrderSort (0ms)
		DisableScriptedObjects (15ms)
		BackupInstance (0ms)
		ReleaseScriptingObjects (0ms)
		CreateAndSetChildDomain (52ms)
	RebuildCommonClasses (29ms)
	RebuildNativeTypeToScriptingClass (10ms)
	initialDomainReloadingComplete (20ms)
	LoadAllAssembliesAndSetupDomain (400ms)
		LoadAssemblies (284ms)
		RebuildTransferFunctionScriptingTraits (0ms)
		AnalyzeDomain (199ms)
			TypeCache.Refresh (9ms)
				TypeCache.ScanAssembly (1ms)
			BuildScriptInfoCaches (178ms)
			ResolveRequiredComponents (9ms)
	FinalizeReload (871ms)
		ReleaseScriptCaches (0ms)
		RebuildScriptCaches (0ms)
		SetupLoadedEditorAssemblies (695ms)
			LogAssemblyErrors (0ms)
			InitializePlatformSupportModulesInManaged (2ms)
			SetLoadedEditorAssemblies (6ms)
			BeforeProcessingInitializeOnLoad (153ms)
			ProcessInitializeOnLoadAttributes (468ms)
			ProcessInitializeOnLoadMethodAttributes (65ms)
			AfterProcessingInitializeOnLoad (2ms)
			EditorAssembliesLoaded (0ms)
		ExecutionOrderSort2 (0ms)
		AwakeInstancesAfterBackupRestoration (18ms)
Refreshing native plugins compatible for Editor in 1.61 ms, found 4 plugins.
Preloading 0 native plugins for Editor in 0.00 ms.
Unloading 14 Unused Serialized files (Serialized files now loaded: 0)
Unloading 6466 unused Assets / (4.5 MB). Loaded Objects now: 7176.
Memory consumption went from 138.8 MB to 134.3 MB.
Total: 11.778600 ms (FindLiveObjects: 0.907100 ms CreateObjectMapping: 1.087200 ms MarkObjects: 6.885500 ms  DeleteObjects: 2.898200 ms)

Prepare: number of updated asset objects reloaded= 0
========================================================================
Received Prepare
Begin MonoManager ReloadAssembly
- Loaded All Assemblies, in  0.574 seconds
Refreshing native plugins compatible for Editor in 1.03 ms, found 4 plugins.
Native extension for WindowsStandalone target not found
[Package Manager] Failed to launch server process. Reason: Unity was launched with the -noUpm command-line argument
[Package Manager] Unable to send message (not connected to server process).
[Package Manager] Cannot connect to Unity Package Manager local server
The project currently uses the compatibility mode where the Render Graph API is disabled. Support for this mode will be removed in future Unity versions. Migrate existing ScriptableRenderPasses to the new RenderGraph API. After the migration, disable the compatibility mode in Edit > Projects Settings > Graphics > Render Graph.
UnityEngine.Debug:ExtractStackTraceNoAlloc (byte*,int,string)
UnityEngine.StackTraceUtility:ExtractStackTrace ()
UnityEngine.DebugLogHandler:Internal_Log (UnityEngine.LogType,UnityEngine.LogOption,string,UnityEngine.Object)
UnityEngine.DebugLogHandler:LogFormat (UnityEngine.LogType,UnityEngine.Object,string,object[])
UnityEngine.Logger:Log (UnityEngine.LogType,object)
UnityEngine.Debug:LogWarning (object)
UnityEngine.Rendering.Universal.WarnUsingNonRenderGraph:EmitConsoleWarning () (at ./Library/PackageCache/com.unity.render-pipelines.universal@1e1527b3a17b/Runtime/Data/UniversalRenderPipelineAsset.cs:432)
System.Reflection.RuntimeMethodInfo:Invoke (object,System.Reflection.BindingFlags,System.Reflection.Binder,object[],System.Globalization.CultureInfo)
System.Reflection.MethodBase:Invoke (object,object[])
UnityEditor.EditorAssemblies:ProcessInitializeOnLoadMethodAttributes ()

(Filename: ./Library/PackageCache/com.unity.render-pipelines.universal@1e1527b3a17b/Runtime/Data/UniversalRenderPipelineAsset.cs Line: 432)

Mono: successfully reloaded assembly
- Finished resetting the current domain, in  0.667 seconds
Domain Reload Profiling: 1243ms
	BeginReloadAssembly (187ms)
		ExecutionOrderSort (0ms)
		DisableScriptedObjects (14ms)
		BackupInstance (0ms)
		ReleaseScriptingObjects (0ms)
		CreateAndSetChildDomain (46ms)
	RebuildCommonClasses (28ms)
	RebuildNativeTypeToScriptingClass (10ms)
	initialDomainReloadingComplete (20ms)
	LoadAllAssembliesAndSetupDomain (331ms)
		LoadAssemblies (265ms)
		RebuildTransferFunctionScriptingTraits (0ms)
		AnalyzeDomain (149ms)
			TypeCache.Refresh (12ms)
				TypeCache.ScanAssembly (6ms)
			BuildScriptInfoCaches (125ms)
			ResolveRequiredComponents (8ms)
	FinalizeReload (668ms)
		ReleaseScriptCaches (0ms)
		RebuildScriptCaches (0ms)
		SetupLoadedEditorAssemblies (539ms)
			LogAssemblyErrors (0ms)
			InitializePlatformSupportModulesInManaged (1ms)
			SetLoadedEditorAssemblies (4ms)
			BeforeProcessingInitializeOnLoad (105ms)
			ProcessInitializeOnLoadAttributes (379ms)
			ProcessInitializeOnLoadMethodAttributes (48ms)
			AfterProcessingInitializeOnLoad (2ms)
			EditorAssembliesLoaded (0ms)
		ExecutionOrderSort2 (0ms)
		AwakeInstancesAfterBackupRestoration (13ms)
Refreshing native plugins compatible for Editor in 1.27 ms, found 4 plugins.
Preloading 0 native plugins for Editor in 0.00 ms.
Unloading 14 Unused Serialized files (Serialized files now loaded: 0)
Unloading 6468 unused Assets / (4.5 MB). Loaded Objects now: 7180.
Memory consumption went from 138.8 MB to 134.3 MB.
Total: 8.486000 ms (FindLiveObjects: 0.641500 ms CreateObjectMapping: 0.808500 ms MarkObjects: 4.698300 ms  DeleteObjects: 2.336900 ms)

Prepare: number of updated asset objects reloaded= 0
========================================================================
Received Prepare
Begin MonoManager ReloadAssembly
[Licensing::Client] Successfully resolved entitlement details
- Loaded All Assemblies, in  0.804 seconds
Refreshing native plugins compatible for Editor in 1.63 ms, found 4 plugins.
Native extension for WindowsStandalone target not found
[Package Manager] Failed to launch server process. Reason: Unity was launched with the -noUpm command-line argument
[Package Manager] Unable to send message (not connected to server process).
[Package Manager] Cannot connect to Unity Package Manager local server
The project currently uses the compatibility mode where the Render Graph API is disabled. Support for this mode will be removed in future Unity versions. Migrate existing ScriptableRenderPasses to the new RenderGraph API. After the migration, disable the compatibility mode in Edit > Projects Settings > Graphics > Render Graph.
UnityEngine.Debug:ExtractStackTraceNoAlloc (byte*,int,string)
UnityEngine.StackTraceUtility:ExtractStackTrace ()
UnityEngine.DebugLogHandler:Internal_Log (UnityEngine.LogType,UnityEngine.LogOption,string,UnityEngine.Object)
UnityEngine.DebugLogHandler:LogFormat (UnityEngine.LogType,UnityEngine.Object,string,object[])
UnityEngine.Logger:Log (UnityEngine.LogType,object)
UnityEngine.Debug:LogWarning (object)
UnityEngine.Rendering.Universal.WarnUsingNonRenderGraph:EmitConsoleWarning () (at ./Library/PackageCache/com.unity.render-pipelines.universal@1e1527b3a17b/Runtime/Data/UniversalRenderPipelineAsset.cs:432)
System.Reflection.RuntimeMethodInfo:Invoke (object,System.Reflection.BindingFlags,System.Reflection.Binder,object[],System.Globalization.CultureInfo)
System.Reflection.MethodBase:Invoke (object,object[])
UnityEditor.EditorAssemblies:ProcessInitializeOnLoadMethodAttributes ()

(Filename: ./Library/PackageCache/com.unity.render-pipelines.universal@1e1527b3a17b/Runtime/Data/UniversalRenderPipelineAsset.cs Line: 432)

Mono: successfully reloaded assembly
- Finished resetting the current domain, in  0.876 seconds
Domain Reload Profiling: 1685ms
	BeginReloadAssembly (246ms)
		ExecutionOrderSort (0ms)
		DisableScriptedObjects (17ms)
		BackupInstance (0ms)
		ReleaseScriptingObjects (0ms)
		CreateAndSetChildDomain (57ms)
	RebuildCommonClasses (45ms)
	RebuildNativeTypeToScriptingClass (14ms)
	initialDomainReloadingComplete (23ms)
	LoadAllAssembliesAndSetupDomain (478ms)
		LoadAssemblies (339ms)
		RebuildTransferFunctionScriptingTraits (0ms)
		AnalyzeDomain (250ms)
			TypeCache.Refresh (44ms)
				TypeCache.ScanAssembly (33ms)
			BuildScriptInfoCaches (187ms)
			ResolveRequiredComponents (14ms)
	FinalizeReload (877ms)
		ReleaseScriptCaches (0ms)
		RebuildScriptCaches (0ms)
		SetupLoadedEditorAssemblies (705ms)
			LogAssemblyErrors (0ms)
			InitializePlatformSupportModulesInManaged (2ms)
			SetLoadedEditorAssemblies (7ms)
			BeforeProcessingInitializeOnLoad (161ms)
			ProcessInitializeOnLoadAttributes (471ms)
			ProcessInitializeOnLoadMethodAttributes (60ms)
			AfterProcessingInitializeOnLoad (3ms)
			EditorAssembliesLoaded (0ms)
		ExecutionOrderSort2 (0ms)
		AwakeInstancesAfterBackupRestoration (18ms)
Refreshing native plugins compatible for Editor in 1.12 ms, found 4 plugins.
Preloading 0 native plugins for Editor in 0.00 ms.
Unloading 14 Unused Serialized files (Serialized files now loaded: 0)
Unloading 6470 unused Assets / (4.3 MB). Loaded Objects now: 7184.
Memory consumption went from 138.9 MB to 134.6 MB.
Total: 8.101900 ms (FindLiveObjects: 0.577000 ms CreateObjectMapping: 0.332700 ms MarkObjects: 5.117200 ms  DeleteObjects: 2.074000 ms)

Prepare: number of updated asset objects reloaded= 0
========================================================================
Received Prepare
Begin MonoManager ReloadAssembly
- Loaded All Assemblies, in  0.786 seconds
Refreshing native plugins compatible for Editor in 1.54 ms, found 4 plugins.
Native extension for WindowsStandalone target not found
[Package Manager] Failed to launch server process. Reason: Unity was launched with the -noUpm command-line argument
[Package Manager] Unable to send message (not connected to server process).
[Package Manager] Cannot connect to Unity Package Manager local server
The project currently uses the compatibility mode where the Render Graph API is disabled. Support for this mode will be removed in future Unity versions. Migrate existing ScriptableRenderPasses to the new RenderGraph API. After the migration, disable the compatibility mode in Edit > Projects Settings > Graphics > Render Graph.
UnityEngine.Debug:ExtractStackTraceNoAlloc (byte*,int,string)
UnityEngine.StackTraceUtility:ExtractStackTrace ()
UnityEngine.DebugLogHandler:Internal_Log (UnityEngine.LogType,UnityEngine.LogOption,string,UnityEngine.Object)
UnityEngine.DebugLogHandler:LogFormat (UnityEngine.LogType,UnityEngine.Object,string,object[])
UnityEngine.Logger:Log (UnityEngine.LogType,object)
UnityEngine.Debug:LogWarning (object)
UnityEngine.Rendering.Universal.WarnUsingNonRenderGraph:EmitConsoleWarning () (at ./Library/PackageCache/com.unity.render-pipelines.universal@1e1527b3a17b/Runtime/Data/UniversalRenderPipelineAsset.cs:432)
System.Reflection.RuntimeMethodInfo:Invoke (object,System.Reflection.BindingFlags,System.Reflection.Binder,object[],System.Globalization.CultureInfo)
System.Reflection.MethodBase:Invoke (object,object[])
UnityEditor.EditorAssemblies:ProcessInitializeOnLoadMethodAttributes ()

(Filename: ./Library/PackageCache/com.unity.render-pipelines.universal@1e1527b3a17b/Runtime/Data/UniversalRenderPipelineAsset.cs Line: 432)

Mono: successfully reloaded assembly
- Finished resetting the current domain, in  0.882 seconds
Domain Reload Profiling: 1670ms
	BeginReloadAssembly (247ms)
		ExecutionOrderSort (0ms)
		DisableScriptedObjects (15ms)
		BackupInstance (0ms)
		ReleaseScriptingObjects (0ms)
		CreateAndSetChildDomain (60ms)
	RebuildCommonClasses (45ms)
	RebuildNativeTypeToScriptingClass (15ms)
	initialDomainReloadingComplete (31ms)
	LoadAllAssembliesAndSetupDomain (450ms)
		LoadAssemblies (336ms)
		RebuildTransferFunctionScriptingTraits (0ms)
		AnalyzeDomain (228ms)
			TypeCache.Refresh (11ms)
				TypeCache.ScanAssembly (2ms)
			BuildScriptInfoCaches (199ms)
			ResolveRequiredComponents (13ms)
	FinalizeReload (882ms)
		ReleaseScriptCaches (0ms)
		RebuildScriptCaches (0ms)
		SetupLoadedEditorAssemblies (727ms)
			LogAssemblyErrors (0ms)
			InitializePlatformSupportModulesInManaged (2ms)
			SetLoadedEditorAssemblies (6ms)
			BeforeProcessingInitializeOnLoad (170ms)
			ProcessInitializeOnLoadAttributes (477ms)
			ProcessInitializeOnLoadMethodAttributes (68ms)
			AfterProcessingInitializeOnLoad (5ms)
			EditorAssembliesLoaded (0ms)
		ExecutionOrderSort2 (0ms)
		AwakeInstancesAfterBackupRestoration (16ms)
Refreshing native plugins compatible for Editor in 1.04 ms, found 4 plugins.
Preloading 0 native plugins for Editor in 0.00 ms.
Unloading 14 Unused Serialized files (Serialized files now loaded: 0)
Unloading 6468 unused Assets / (4.9 MB). Loaded Objects now: 7185.
Memory consumption went from 140.9 MB to 136.0 MB.
Total: 9.262700 ms (FindLiveObjects: 0.788500 ms CreateObjectMapping: 0.740300 ms MarkObjects: 4.984300 ms  DeleteObjects: 2.749000 ms)

Prepare: number of updated asset objects reloaded= 0
========================================================================
Received Import Request.
  Time since last request: 262.444426 seconds.
  path: Assets/Scenes
  artifactKey: Guid(a54e0bc8d40c31677ac95d0978bfcf8b) Importer(815301076,1909f56bfc062723c751e8b465ee728b)
Start importing Assets/Scenes using Guid(a54e0bc8d40c31677ac95d0978bfcf8b) Importer(815301076,1909f56bfc062723c751e8b465ee728b) (PreviewImporter) -> (artifact id: 'ad78f8fc68bdc8bbf9dd9a493da94fa5') in 0.0012779 seconds
Number of updated asset objects reloaded before import = 0Number of asset objects unloaded after import = 0

========================================================================
Received Import Request.
  Time since last request: 0.836777 seconds.
  path: Assets/Scenes/BossTalisScene.unity
  artifactKey: Guid(44beebb48867644dd80a9328aa347404) Importer(815301076,1909f56bfc062723c751e8b465ee728b)
Start importing Assets/Scenes/BossTalisScene.unity using Guid(44beebb48867644dd80a9328aa347404) Importer(815301076,1909f56bfc062723c751e8b465ee728b) (PreviewImporter) -> (artifact id: '8efe4a98e6b6655085a7e71576ce40cf') in 0.000449 seconds
Number of updated asset objects reloaded before import = 0Number of asset objects unloaded after import = 0

========================================================================
Received Import Request.
  Time since last request: 6.772345 seconds.
  path: Assets/DefaultVolumeProfile.asset
  artifactKey: Guid(5a1c5330e373c2e469a0e285a90fea87) Importer(2089858483,192608db42251d675da83286b1cce702)
Start importing Assets/DefaultVolumeProfile.asset using Guid(5a1c5330e373c2e469a0e285a90fea87) Importer(2089858483,192608db42251d675da83286b1cce702) (ScriptedImporter) -> (artifact id: 'a70b6abaaed0f172c6f12290126a3978') in 0.1595162 seconds
Number of updated asset objects reloaded before import = 0Number of asset objects unloaded after import = 0

========================================================================
Received Import Request.
  Time since last request: 0.000018 seconds.
  path: Assets/NavMeshComponents/Scripts/AgentOverride2d.cs
  artifactKey: Guid(7e39f6090724e4a4a8aadeb042afa2bc) Importer(2089858483,192608db42251d675da83286b1cce702)
Start importing Assets/NavMeshComponents/Scripts/AgentOverride2d.cs using Guid(7e39f6090724e4a4a8aadeb042afa2bc) Importer(2089858483,192608db42251d675da83286b1cce702) (ScriptedImporter) -> (artifact id: 'b636ce2241ca446b587ae5fcb7ecaece') in 0.0184253 seconds
Number of updated asset objects reloaded before import = 0Number of asset objects unloaded after import = 0

========================================================================
Received Import Request.
  Time since last request: 0.000025 seconds.
  path: Assets/NavMeshComponents/Editor/NavMeshSurfaceEditor.cs
  artifactKey: Guid(3a7b2ae8284a9b14abd6d688cc877cef) Importer(2089858483,192608db42251d675da83286b1cce702)
Start importing Assets/NavMeshComponents/Editor/NavMeshSurfaceEditor.cs using Guid(3a7b2ae8284a9b14abd6d688cc877cef) Importer(2089858483,192608db42251d675da83286b1cce702) (ScriptedImporter) -> (artifact id: '87509f15b992642bae40092db0b6882f') in 0.0104361 seconds
Number of updated asset objects reloaded before import = 0Number of asset objects unloaded after import = 0

========================================================================
Received Import Request.
  Time since last request: 0.000015 seconds.
  path: Assets/TextMesh Pro/Shaders/TMP_Bitmap.shader
  artifactKey: Guid(128e987d567d4e2c824d754223b3f3b0) Importer(2089858483,192608db42251d675da83286b1cce702)
Start importing Assets/TextMesh Pro/Shaders/TMP_Bitmap.shader using Guid(128e987d567d4e2c824d754223b3f3b0) Importer(2089858483,192608db42251d675da83286b1cce702) (ScriptedImporter) -> (artifact id: '10253bdcb3e794901ebf2332a9875b90') in 0.0169174 seconds
Number of updated asset objects reloaded before import = 0Number of asset objects unloaded after import = 1

========================================================================
Received Import Request.
  Time since last request: 0.000013 seconds.
  path: Assets/TextMesh Pro/Shaders/TMP_SDF Overlay.shader
  artifactKey: Guid(dd89cf5b9246416f84610a006f916af7) Importer(2089858483,192608db42251d675da83286b1cce702)
Start importing Assets/TextMesh Pro/Shaders/TMP_SDF Overlay.shader using Guid(dd89cf5b9246416f84610a006f916af7) Importer(2089858483,192608db42251d675da83286b1cce702) (ScriptedImporter) -> (artifact id: '7970e61ede751eb3a426c5809a1b0307') in 0.0126326 seconds
Number of updated asset objects reloaded before import = 0Number of asset objects unloaded after import = 1

========================================================================
Received Import Request.
  Time since last request: 0.000014 seconds.
  path: Assets/TextMesh Pro/Shaders/TMP_SDF SSD.shader
  artifactKey: Guid(14eb328de4b8eb245bb7cea29e4ac00b) Importer(2089858483,192608db42251d675da83286b1cce702)
Start importing Assets/TextMesh Pro/Shaders/TMP_SDF SSD.shader using Guid(14eb328de4b8eb245bb7cea29e4ac00b) Importer(2089858483,192608db42251d675da83286b1cce702) (ScriptedImporter) -> (artifact id: '5e79c07bb9d62a135725a1f308f9aa5d') in 0.0115726 seconds
Number of updated asset objects reloaded before import = 0Number of asset objects unloaded after import = 1

========================================================================
Received Import Request.
  Time since last request: 0.000024 seconds.
  path: Assets/TextMesh Pro/Resources/TMP Settings.asset
  artifactKey: Guid(3f5b5dff67a942289a9defa416b206f3) Importer(2089858483,192608db42251d675da83286b1cce702)
Start importing Assets/TextMesh Pro/Resources/TMP Settings.asset using Guid(3f5b5dff67a942289a9defa416b206f3) Importer(2089858483,192608db42251d675da83286b1cce702) (ScriptedImporter) -> (artifact id: '217168bad9189e2a8347a59d7cf0ee27') in 0.0497872 seconds
Number of updated asset objects reloaded before import = 0Number of asset objects unloaded after import = 15

========================================================================
Received Import Request.
  Time since last request: 0.000019 seconds.
  path: Assets/Scripts/PlayerController.cs
  artifactKey: Guid(c76aef95d7bf54136908cdb25c70af54) Importer(2089858483,192608db42251d675da83286b1cce702)
Start importing Assets/Scripts/PlayerController.cs using Guid(c76aef95d7bf54136908cdb25c70af54) Importer(2089858483,192608db42251d675da83286b1cce702) (ScriptedImporter) -> (artifact id: 'dbbbbf689e6c7015861e5ebd2ebb0e95') in 0.01067 seconds
Number of updated asset objects reloaded before import = 0Number of asset objects unloaded after import = 0

========================================================================
Received Import Request.
  Time since last request: 0.000022 seconds.
  path: Assets/Tilemaps/Background/Grass.asset
  artifactKey: Guid(431edce5110369fcaa6dee72f46b737f) Importer(2089858483,192608db42251d675da83286b1cce702)
Start importing Assets/Tilemaps/Background/Grass.asset using Guid(431edce5110369fcaa6dee72f46b737f) Importer(2089858483,192608db42251d675da83286b1cce702) (ScriptedImporter) -> (artifact id: '63cc29ba0caa61ae8b634e823b1157a5') in 0.0172053 seconds
Number of updated asset objects reloaded before import = 0Number of asset objects unloaded after import = 2

========================================================================
Received Import Request.
  Time since last request: 0.000013 seconds.
  path: Assets/TextMesh Pro/Resources/LineBreaking Following Characters.txt
  artifactKey: Guid(fade42e8bc714b018fac513c043d323b) Importer(2089858483,192608db42251d675da83286b1cce702)
Start importing Assets/TextMesh Pro/Resources/LineBreaking Following Characters.txt using Guid(fade42e8bc714b018fac513c043d323b) Importer(2089858483,192608db42251d675da83286b1cce702) (ScriptedImporter) -> (artifact id: '135d8ab4049616bdc19ef59ffdc3dd6d') in 0.0129047 seconds
Number of updated asset objects reloaded before import = 0Number of asset objects unloaded after import = 1

========================================================================
Received Import Request.
  Time since last request: 0.000014 seconds.
  path: Assets/Scripts/ResetWater.cs
  artifactKey: Guid(a43fa380c21864459a929b7b3ab8c5f2) Importer(2089858483,192608db42251d675da83286b1cce702)
Start importing Assets/Scripts/ResetWater.cs using Guid(a43fa380c21864459a929b7b3ab8c5f2) Importer(2089858483,192608db42251d675da83286b1cce702) (ScriptedImporter) -> (artifact id: 'bed03cd9cb049a62ab07d69b5974ec76') in 0.0107688 seconds
Number of updated asset objects reloaded before import = 0Number of asset objects unloaded after import = 0

========================================================================
Received Import Request.
  Time since last request: 0.000015 seconds.
  path: Assets/Scenes/TalisScene1.unity
  artifactKey: Guid(88a950cd79789691eb38293e2a1a9551) Importer(2089858483,192608db42251d675da83286b1cce702)
Start importing Assets/Scenes/TalisScene1.unity using Guid(88a950cd79789691eb38293e2a1a9551) Importer(2089858483,192608db42251d675da83286b1cce702) (ScriptedImporter) -> (artifact id: 'd9727aa76a904ef6ddb0d1d83c040d3f') in 0.0134681 seconds
Number of updated asset objects reloaded before import = 0Number of asset objects unloaded after import = 1

========================================================================
Received Import Request.
  Time since last request: 0.000013 seconds.
  path: Assets/NavMeshComponents/Scripts/AgentRotateSmooth2d.cs
  artifactKey: Guid(8c7f4db162bab4443818dd13bed4b1dc) Importer(2089858483,192608db42251d675da83286b1cce702)
Start importing Assets/NavMeshComponents/Scripts/AgentRotateSmooth2d.cs using Guid(8c7f4db162bab4443818dd13bed4b1dc) Importer(2089858483,192608db42251d675da83286b1cce702) (ScriptedImporter) -> (artifact id: 'd8692bbd01fad72ce2d61a23ed2f9497') in 0.0100399 seconds
Number of updated asset objects reloaded before import = 0Number of asset objects unloaded after import = 0

========================================================================
Received Import Request.
  Time since last request: 0.000016 seconds.
  path: Assets/NavMeshComponents/Scripts/CollectSourcesCache2d.cs
  artifactKey: Guid(5492b7ed96378624cbcd72212fce093d) Importer(2089858483,192608db42251d675da83286b1cce702)
Start importing Assets/NavMeshComponents/Scripts/CollectSourcesCache2d.cs using Guid(5492b7ed96378624cbcd72212fce093d) Importer(2089858483,192608db42251d675da83286b1cce702) (ScriptedImporter) -> (artifact id: '9974a6ae80098be6d1eec4e254bef929') in 0.0113362 seconds
Number of updated asset objects reloaded before import = 0Number of asset objects unloaded after import = 0

========================================================================
Received Import Request.
  Time since last request: 0.000023 seconds.
  path: Assets/Scenes/BossTalisScene.unity
  artifactKey: Guid(44beebb48867644dd80a9328aa347404) Importer(2089858483,192608db42251d675da83286b1cce702)
Start importing Assets/Scenes/BossTalisScene.unity using Guid(44beebb48867644dd80a9328aa347404) Importer(2089858483,192608db42251d675da83286b1cce702) (ScriptedImporter) -> (artifact id: '6e4970a2879b52019a0cf6b6d2c2c2db') in 0.0195543 seconds
Number of updated asset objects reloaded before import = 0Number of asset objects unloaded after import = 1

========================================================================
Received Import Request.
  Time since last request: 0.000014 seconds.
  path: Assets/TextMesh Pro/Shaders/TMP_Bitmap-Mobile.shader
  artifactKey: Guid(1e3b057af24249748ff873be7fafee47) Importer(2089858483,192608db42251d675da83286b1cce702)
Start importing Assets/TextMesh Pro/Shaders/TMP_Bitmap-Mobile.shader using Guid(1e3b057af24249748ff873be7fafee47) Importer(2089858483,192608db42251d675da83286b1cce702) (ScriptedImporter) -> (artifact id: '6c55dc53ccefdcf64d5a9193d7a2c24e') in 0.0120111 seconds
Number of updated asset objects reloaded before import = 0Number of asset objects unloaded after import = 1

========================================================================
Received Import Request.
  Time since last request: 0.000013 seconds.
  path: Assets/NavMeshComponents/Scripts/NavMeshExtension.cs
  artifactKey: Guid(0528335b682da1f42901dc790b763830) Importer(2089858483,192608db42251d675da83286b1cce702)
Start importing Assets/NavMeshComponents/Scripts/NavMeshExtension.cs using Guid(0528335b682da1f42901dc790b763830) Importer(2089858483,192608db42251d675da83286b1cce702) (ScriptedImporter) -> (artifact id: 'f6870cc98037d0aba3058efa48e44f0a') in 0.0110701 seconds
Number of updated asset objects reloaded before import = 0Number of asset objects unloaded after import = 0

========================================================================
Received Import Request.
  Time since last request: 0.000017 seconds.
  path: Assets/NavMeshComponents/Scripts/NavMeshAreaAttribute.cs
  artifactKey: Guid(ed6d9f7764b9451f97a6658cdc760e00) Importer(2089858483,192608db42251d675da83286b1cce702)
Start importing Assets/NavMeshComponents/Scripts/NavMeshAreaAttribute.cs using Guid(ed6d9f7764b9451f97a6658cdc760e00) Importer(2089858483,192608db42251d675da83286b1cce702) (ScriptedImporter) -> (artifact id: '157666871c4b882717794f40640630d1') in 0.0103741 seconds
Number of updated asset objects reloaded before import = 0Number of asset objects unloaded after import = 0

========================================================================
Received Import Request.
  Time since last request: 0.000019 seconds.
  path: Assets/Tilemaps/Background/Path_Bottom_Right.png
  artifactKey: Guid(c01acb28cddc459918c544735ac8cc11) Importer(2089858483,192608db42251d675da83286b1cce702)
Start importing Assets/Tilemaps/Background/Path_Bottom_Right.png using Guid(c01acb28cddc459918c544735ac8cc11) Importer(2089858483,192608db42251d675da83286b1cce702) (ScriptedImporter) -> (artifact id: '4ed0fd807a73b2b3f448961f9a06ff89') in 0.0448544 seconds
Number of updated asset objects reloaded before import = 0Number of asset objects unloaded after import = 3

========================================================================
Received Import Request.
  Time since last request: 0.000015 seconds.
  path: Assets/Tilemaps/Background/Road_L.asset
  artifactKey: Guid(11b538208166509c7b34c5ac29b0984d) Importer(2089858483,192608db42251d675da83286b1cce702)
Start importing Assets/Tilemaps/Background/Road_L.asset using Guid(11b538208166509c7b34c5ac29b0984d) Importer(2089858483,192608db42251d675da83286b1cce702) (ScriptedImporter) -> (artifact id: '72909b376d76200f881c96e1f326ae43') in 0.0113918 seconds
Number of updated asset objects reloaded before import = 0Number of asset objects unloaded after import = 2

========================================================================
Received Import Request.
  Time since last request: 0.000020 seconds.
  path: Assets/Tilemaps/Background/Trees_1.png
  artifactKey: Guid(00d1c275dd63c0463884a5b195db00f2) Importer(2089858483,192608db42251d675da83286b1cce702)
Start importing Assets/Tilemaps/Background/Trees_1.png using Guid(00d1c275dd63c0463884a5b195db00f2) Importer(2089858483,192608db42251d675da83286b1cce702) (ScriptedImporter) -> (artifact id: '88ee0f7dc8bb8b4f945dd91640700579') in 0.0163264 seconds
Number of updated asset objects reloaded before import = 0Number of asset objects unloaded after import = 3

========================================================================
Received Import Request.
  Time since last request: 0.000012 seconds.
  path: Assets/Tilemaps/Background/River_Vertical_Road_Crossing.asset
  artifactKey: Guid(b197a189b00ff10508d4f1332aab7430) Importer(2089858483,192608db42251d675da83286b1cce702)
Start importing Assets/Tilemaps/Background/River_Vertical_Road_Crossing.asset using Guid(b197a189b00ff10508d4f1332aab7430) Importer(2089858483,192608db42251d675da83286b1cce702) (ScriptedImporter) -> (artifact id: 'd7f7beaffda3014e7fe34b38d10d9ee7') in 0.0138465 seconds
Number of updated asset objects reloaded before import = 0Number of asset objects unloaded after import = 2

========================================================================
Received Import Request.
  Time since last request: 0.000013 seconds.
  path: Assets/Simple Scene Fade Load System/Scripts/Fader.cs
  artifactKey: Guid(fc74b55a9de3e0e4b8490869beb9118e) Importer(2089858483,192608db42251d675da83286b1cce702)
Start importing Assets/Simple Scene Fade Load System/Scripts/Fader.cs using Guid(fc74b55a9de3e0e4b8490869beb9118e) Importer(2089858483,192608db42251d675da83286b1cce702) (ScriptedImporter) -> (artifact id: 'a09426bb7a7ee7d47c7538951755fe22') in 0.0114126 seconds
Number of updated asset objects reloaded before import = 0Number of asset objects unloaded after import = 0

========================================================================
Received Import Request.
  Time since last request: 0.000012 seconds.
  path: Assets/Scenes/SampleScene.unity
  artifactKey: Guid(8c9cfa26abfee488c85f1582747f6a02) Importer(2089858483,192608db42251d675da83286b1cce702)
Start importing Assets/Scenes/SampleScene.unity using Guid(8c9cfa26abfee488c85f1582747f6a02) Importer(2089858483,192608db42251d675da83286b1cce702) (ScriptedImporter) -> (artifact id: 'c3542088588edb5630eac5543ee32bff') in 0.0116976 seconds
Number of updated asset objects reloaded before import = 0Number of asset objects unloaded after import = 1

========================================================================
Received Import Request.
  Time since last request: 0.000013 seconds.
  path: Assets/Settings/Scenes/URP2DSceneTemplate.unity
  artifactKey: Guid(2cda990e2423bbf4892e6590ba056729) Importer(2089858483,192608db42251d675da83286b1cce702)
Start importing Assets/Settings/Scenes/URP2DSceneTemplate.unity using Guid(2cda990e2423bbf4892e6590ba056729) Importer(2089858483,192608db42251d675da83286b1cce702) (ScriptedImporter) -> (artifact id: '89114588f7a0e69b141b888b3d175dfd') in 0.009326 seconds
Number of updated asset objects reloaded before import = 0Number of asset objects unloaded after import = 1

========================================================================
Received Import Request.
  Time since last request: 0.000016 seconds.
  path: Assets/Scripts/Shooting AI.cs
  artifactKey: Guid(1fa261d716b994ca4920e9b681e81f71) Importer(2089858483,192608db42251d675da83286b1cce702)
Start importing Assets/Scripts/Shooting AI.cs using Guid(1fa261d716b994ca4920e9b681e81f71) Importer(2089858483,192608db42251d675da83286b1cce702) (ScriptedImporter) -> (artifact id: 'd4971dccff3af9a2ca1f6abeca0a270f') in 0.0104358 seconds
Number of updated asset objects reloaded before import = 0Number of asset objects unloaded after import = 0

========================================================================
Received Import Request.
  Time since last request: 0.000026 seconds.
  path: Assets/Scripts/StartMenu.cs
  artifactKey: Guid(384cc533a5b4fa870bdd28bd9495eb28) Importer(2089858483,192608db42251d675da83286b1cce702)
Start importing Assets/Scripts/StartMenu.cs using Guid(384cc533a5b4fa870bdd28bd9495eb28) Importer(2089858483,192608db42251d675da83286b1cce702) (ScriptedImporter) -> (artifact id: '72dfb3ac49086a91795b0a58689ce230') in 0.0112333 seconds
Number of updated asset objects reloaded before import = 0Number of asset objects unloaded after import = 0

========================================================================
Received Import Request.
  Time since last request: 0.000017 seconds.
  path: Assets/Tilemaps/Background/Cleansing_Water_Dirty.png
  artifactKey: Guid(72db52a57f567a4e189e36df637846e4) Importer(2089858483,192608db42251d675da83286b1cce702)
Start importing Assets/Tilemaps/Background/Cleansing_Water_Dirty.png using Guid(72db52a57f567a4e189e36df637846e4) Importer(2089858483,192608db42251d675da83286b1cce702) (ScriptedImporter) -> (artifact id: '07a294c603392f30e26b885f35033589') in 0.0249524 seconds
Number of updated asset objects reloaded before import = 0Number of asset objects unloaded after import = 3

========================================================================
Received Import Request.
  Time since last request: 0.000018 seconds.
  path: Assets/TextMesh Pro/Shaders/TMP_SDF-Surface.shader
  artifactKey: Guid(f7ada0af4f174f0694ca6a487b8f543d) Importer(2089858483,192608db42251d675da83286b1cce702)
Start importing Assets/TextMesh Pro/Shaders/TMP_SDF-Surface.shader using Guid(f7ada0af4f174f0694ca6a487b8f543d) Importer(2089858483,192608db42251d675da83286b1cce702) (ScriptedImporter) -> (artifact id: 'c7c71842a512c491639342ba4998ddee') in 0.014861 seconds
Number of updated asset objects reloaded before import = 0Number of asset objects unloaded after import = 1

========================================================================
Received Import Request.
  Time since last request: 0.000012 seconds.
  path: Assets/NavMeshComponents/Editor/CollectSources2dEditor.cs
  artifactKey: Guid(3fc821cbc11a48745bc9edea6bfda007) Importer(2089858483,192608db42251d675da83286b1cce702)
Start importing Assets/NavMeshComponents/Editor/CollectSources2dEditor.cs using Guid(3fc821cbc11a48745bc9edea6bfda007) Importer(2089858483,192608db42251d675da83286b1cce702) (ScriptedImporter) -> (artifact id: 'bf8a41ebb36314f5c0576d6651b3a843') in 0.012097 seconds
Number of updated asset objects reloaded before import = 0Number of asset objects unloaded after import = 0

========================================================================
Received Import Request.
  Time since last request: 0.000014 seconds.
  path: Assets/Tilemaps/Background/Trees_10.asset
  artifactKey: Guid(6ef4200ce588460b1b86e669446b6c50) Importer(2089858483,192608db42251d675da83286b1cce702)
Start importing Assets/Tilemaps/Background/Trees_10.asset using Guid(6ef4200ce588460b1b86e669446b6c50) Importer(2089858483,192608db42251d675da83286b1cce702) (ScriptedImporter) -> (artifact id: 'c595ce86cb80f2acaea36d241c105122') in 0.0150532 seconds
Number of updated asset objects reloaded before import = 0Number of asset objects unloaded after import = 2

========================================================================
Received Import Request.
  Time since last request: 0.000017 seconds.
  path: Assets/Tilemaps/Background/Trees_8.png
  artifactKey: Guid(b5564c7cf94222207a3226ddf86c477b) Importer(2089858483,192608db42251d675da83286b1cce702)
Start importing Assets/Tilemaps/Background/Trees_8.png using Guid(b5564c7cf94222207a3226ddf86c477b) Importer(2089858483,192608db42251d675da83286b1cce702) (ScriptedImporter) -> (artifact id: '5c02ee8b07668a68add705f8f54dd545') in 0.0226522 seconds
Number of updated asset objects reloaded before import = 0Number of asset objects unloaded after import = 3

========================================================================
Received Import Request.
  Time since last request: 0.000031 seconds.
  path: Assets/Tilemaps/Background/Trees_2.png
  artifactKey: Guid(4a163f819b60c4d138d4d94dcb8cd5ef) Importer(2089858483,192608db42251d675da83286b1cce702)
Start importing Assets/Tilemaps/Background/Trees_2.png using Guid(4a163f819b60c4d138d4d94dcb8cd5ef) Importer(2089858483,192608db42251d675da83286b1cce702) (ScriptedImporter) -> (artifact id: '3ffd2bd64c2e6b22203f4c614af048b1') in 0.0193843 seconds
Number of updated asset objects reloaded before import = 0Number of asset objects unloaded after import = 3

========================================================================
Received Import Request.
  Time since last request: 0.000015 seconds.
  path: Assets/Tilemaps/Background/Trees_8.asset
  artifactKey: Guid(605217b171964bfacbb8d93d9a14afdc) Importer(2089858483,192608db42251d675da83286b1cce702)
Start importing Assets/Tilemaps/Background/Trees_8.asset using Guid(605217b171964bfacbb8d93d9a14afdc) Importer(2089858483,192608db42251d675da83286b1cce702) (ScriptedImporter) -> (artifact id: '8671d3cde227351346d15449371af9e8') in 0.013537 seconds
Number of updated asset objects reloaded before import = 0Number of asset objects unloaded after import = 2

========================================================================
Received Import Request.
  Time since last request: 0.000014 seconds.
  path: Assets/NavMeshComponents/Scripts/NavMeshModifierVolume.cs
  artifactKey: Guid(7fa0352a4d56abd42ad2fc69deb72448) Importer(2089858483,192608db42251d675da83286b1cce702)
Start importing Assets/NavMeshComponents/Scripts/NavMeshModifierVolume.cs using Guid(7fa0352a4d56abd42ad2fc69deb72448) Importer(2089858483,192608db42251d675da83286b1cce702) (ScriptedImporter) -> (artifact id: 'e921f36061be4d632ff3e61aefff2cd6') in 0.012194 seconds
Number of updated asset objects reloaded before import = 0Number of asset objects unloaded after import = 0

========================================================================
Received Import Request.
  Time since last request: 0.000018 seconds.
  path: Assets/NavMeshComponents/Scripts/AgentRotate2d.cs
  artifactKey: Guid(8550f034611a06e4f88fc261204d8a7b) Importer(2089858483,192608db42251d675da83286b1cce702)
Start importing Assets/NavMeshComponents/Scripts/AgentRotate2d.cs using Guid(8550f034611a06e4f88fc261204d8a7b) Importer(2089858483,192608db42251d675da83286b1cce702) (ScriptedImporter) -> (artifact id: '17fff25db09858f77e02fed10e9b2434') in 0.0142807 seconds
Number of updated asset objects reloaded before import = 0Number of asset objects unloaded after import = 0

========================================================================
Received Import Request.
  Time since last request: 0.000016 seconds.
  path: Assets/Scripts/Torii.cs
  artifactKey: Guid(8d1420c8f0cca4c399b2da855932f0d7) Importer(2089858483,192608db42251d675da83286b1cce702)
Start importing Assets/Scripts/Torii.cs using Guid(8d1420c8f0cca4c399b2da855932f0d7) Importer(2089858483,192608db42251d675da83286b1cce702) (ScriptedImporter) -> (artifact id: 'a348bcc8ca889263bf0b29b94be5d062') in 0.0116006 seconds
Number of updated asset objects reloaded before import = 0Number of asset objects unloaded after import = 0

========================================================================
Received Import Request.
  Time since last request: 0.000015 seconds.
  path: Assets/Tilemaps/Background/(name_conflict)_Road_Vertical.asset
  artifactKey: Guid(f468bafc2afcf7e44922658f19df830b) Importer(2089858483,192608db42251d675da83286b1cce702)
Start importing Assets/Tilemaps/Background/(name_conflict)_Road_Vertical.asset using Guid(f468bafc2afcf7e44922658f19df830b) Importer(2089858483,192608db42251d675da83286b1cce702) (ScriptedImporter) -> (artifact id: '1e56202aabc4c572696143ec3651814c') in 0.0132695 seconds
Number of updated asset objects reloaded before import = 0Number of asset objects unloaded after import = 2

========================================================================
Received Import Request.
  Time since last request: 0.000019 seconds.
  path: Assets/Tilemaps/Background/Cleansing_Water.asset
  artifactKey: Guid(10af3ce8ac4dc217b88d8e9850688824) Importer(2089858483,192608db42251d675da83286b1cce702)
Start importing Assets/Tilemaps/Background/Cleansing_Water.asset using Guid(10af3ce8ac4dc217b88d8e9850688824) Importer(2089858483,192608db42251d675da83286b1cce702) (ScriptedImporter) -> (artifact id: '3edde847da76888bf587c757396f8e9d') in 0.0124381 seconds
Number of updated asset objects reloaded before import = 0Number of asset objects unloaded after import = 2

========================================================================
Received Import Request.
  Time since last request: 0.000013 seconds.
  path: Assets/TextMesh Pro/Shaders/TMP_SDF.shader
  artifactKey: Guid(68e6db2ebdc24f95958faec2be5558d6) Importer(2089858483,192608db42251d675da83286b1cce702)
Start importing Assets/TextMesh Pro/Shaders/TMP_SDF.shader using Guid(68e6db2ebdc24f95958faec2be5558d6) Importer(2089858483,192608db42251d675da83286b1cce702) (ScriptedImporter) -> (artifact id: '42bde9f067897e0cd73c8bbd1deac82c') in 0.0117447 seconds
Number of updated asset objects reloaded before import = 0Number of asset objects unloaded after import = 1

========================================================================
Received Import Request.
  Time since last request: 0.000012 seconds.
  path: Assets/NavMeshComponents/Editor/NavMeshModifierTilemapEditor.cs
  artifactKey: Guid(1fa3ed80a7c8401995efba10b64226e9) Importer(2089858483,192608db42251d675da83286b1cce702)
Start importing Assets/NavMeshComponents/Editor/NavMeshModifierTilemapEditor.cs using Guid(1fa3ed80a7c8401995efba10b64226e9) Importer(2089858483,192608db42251d675da83286b1cce702) (ScriptedImporter) -> (artifact id: '7c7db1b013ff3471ed5953f71d37af4e') in 0.0099421 seconds
Number of updated asset objects reloaded before import = 0Number of asset objects unloaded after import = 0

========================================================================
Received Import Request.
  Time since last request: 0.000012 seconds.
  path: Assets/Tilemaps/Background/Water_3.asset
  artifactKey: Guid(5f6df8f73b597eb0e930a770f5d19465) Importer(2089858483,192608db42251d675da83286b1cce702)
Start importing Assets/Tilemaps/Background/Water_3.asset using Guid(5f6df8f73b597eb0e930a770f5d19465) Importer(2089858483,192608db42251d675da83286b1cce702) (ScriptedImporter) -> (artifact id: 'a21fc3b46d4593888e066d1dbd9a8dc8') in 0.010753 seconds
Number of updated asset objects reloaded before import = 0Number of asset objects unloaded after import = 2

========================================================================
Received Import Request.
  Time since last request: 0.000015 seconds.
  path: Assets/Tilemaps/GummyBear/Gummy_Bear_Walk_Fwd_4.png
  artifactKey: Guid(d344d2da0eaa710ee9948d0e3e7b7ff7) Importer(2089858483,192608db42251d675da83286b1cce702)
Start importing Assets/Tilemaps/GummyBear/Gummy_Bear_Walk_Fwd_4.png using Guid(d344d2da0eaa710ee9948d0e3e7b7ff7) Importer(2089858483,192608db42251d675da83286b1cce702) (ScriptedImporter) -> (artifact id: '9e39f56370cf8a1149bb542216093b55') in 0.0179008 seconds
Number of updated asset objects reloaded before import = 0Number of asset objects unloaded after import = 3

========================================================================
Received Import Request.
  Time since last request: 0.000014 seconds.
  path: Assets/Tilemaps/GummyBear/Gummy_Bear_Walk_3.png
  artifactKey: Guid(22aeb819d40d4ec05beb56a683537037) Importer(2089858483,192608db42251d675da83286b1cce702)
Start importing Assets/Tilemaps/GummyBear/Gummy_Bear_Walk_3.png using Guid(22aeb819d40d4ec05beb56a683537037) Importer(2089858483,192608db42251d675da83286b1cce702) (ScriptedImporter) -> (artifact id: '03938615fd79c2a107d4dc56851993d2') in 0.0166112 seconds
Number of updated asset objects reloaded before import = 0Number of asset objects unloaded after import = 3

========================================================================
Received Import Request.
  Time since last request: 0.000021 seconds.
  path: Assets/Tilemaps/GummyBear/GummyBear.controller
  artifactKey: Guid(2a34d5a8137e2b90a88b7b0a1af311c3) Importer(2089858483,192608db42251d675da83286b1cce702)
Start importing Assets/Tilemaps/GummyBear/GummyBear.controller using Guid(2a34d5a8137e2b90a88b7b0a1af311c3) Importer(2089858483,192608db42251d675da83286b1cce702) (ScriptedImporter) -> (artifact id: 'fb8cb964a096cfbf6073ac868bb17019') in 0.0120684 seconds
Number of updated asset objects reloaded before import = 0Number of asset objects unloaded after import = 20

========================================================================
Received Import Request.
  Time since last request: 0.000013 seconds.
  path: Assets/Tilemaps/GummyBear/Gummy_Bear_Walk_Fwd_2.png
  artifactKey: Guid(d4edbf41e230b87d6bc3e07ca0b6ec98) Importer(2089858483,192608db42251d675da83286b1cce702)
Start importing Assets/Tilemaps/GummyBear/Gummy_Bear_Walk_Fwd_2.png using Guid(d4edbf41e230b87d6bc3e07ca0b6ec98) Importer(2089858483,192608db42251d675da83286b1cce702) (ScriptedImporter) -> (artifact id: 'ccd9de340ff7b427001dd11c8a1859d2') in 0.0160709 seconds
Number of updated asset objects reloaded before import = 0Number of asset objects unloaded after import = 3

========================================================================
Received Import Request.
  Time since last request: 0.000012 seconds.
  path: Assets/Tilemaps/Background/Path_Bottom_Left.png
  artifactKey: Guid(e4b0352480fcb854b84689d6438df685) Importer(2089858483,192608db42251d675da83286b1cce702)
Start importing Assets/Tilemaps/Background/Path_Bottom_Left.png using Guid(e4b0352480fcb854b84689d6438df685) Importer(2089858483,192608db42251d675da83286b1cce702) (ScriptedImporter) -> (artifact id: 'a88116ec6bec3a09f1ffeda1d25e6a84') in 0.0159263 seconds
Number of updated asset objects reloaded before import = 0Number of asset objects unloaded after import = 3

========================================================================
Received Import Request.
  Time since last request: 0.000012 seconds.
  path: Assets/Tilemaps/Background/Background_Pallette.prefab
  artifactKey: Guid(1f01cc5cc8ae444099b7cd65b7580ee2) Importer(2089858483,192608db42251d675da83286b1cce702)
Start importing Assets/Tilemaps/Background/Background_Pallette.prefab using Guid(1f01cc5cc8ae444099b7cd65b7580ee2) Importer(2089858483,192608db42251d675da83286b1cce702) (ScriptedImporter) -> (artifact id: '16c45fc686eb6aa7e531c6bbfb220328') in 0.019922 seconds
Number of updated asset objects reloaded before import = 0Number of asset objects unloaded after import = 10

========================================================================
Received Import Request.
  Time since last request: 0.000013 seconds.
  path: Assets/TextMesh Pro/Resources/LineBreaking Leading Characters.txt
  artifactKey: Guid(d82c1b31c7e74239bff1220585707d2b) Importer(2089858483,192608db42251d675da83286b1cce702)
Start importing Assets/TextMesh Pro/Resources/LineBreaking Leading Characters.txt using Guid(d82c1b31c7e74239bff1220585707d2b) Importer(2089858483,192608db42251d675da83286b1cce702) (ScriptedImporter) -> (artifact id: '00751a71f7a93b2348e777737e5e5071') in 0.0083186 seconds
Number of updated asset objects reloaded before import = 0Number of asset objects unloaded after import = 1

========================================================================
Received Import Request.
  Time since last request: 0.000013 seconds.
  path: Assets/NavMeshComponents/Scripts/NavMeshAgentAttribute.cs
  artifactKey: Guid(7f3fe2b336bf34749a146f6bf7d462d0) Importer(2089858483,192608db42251d675da83286b1cce702)
Start importing Assets/NavMeshComponents/Scripts/NavMeshAgentAttribute.cs using Guid(7f3fe2b336bf34749a146f6bf7d462d0) Importer(2089858483,192608db42251d675da83286b1cce702) (ScriptedImporter) -> (artifact id: 'f713b93d52473a14d5b5ee30d26784de') in 0.0097413 seconds
Number of updated asset objects reloaded before import = 0Number of asset objects unloaded after import = 0

========================================================================
Received Import Request.
  Time since last request: 0.000021 seconds.
  path: Assets/TextMesh Pro/Sprites/EmojiOne.json
  artifactKey: Guid(8f05276190cf498a8153f6cbe761d4e6) Importer(2089858483,192608db42251d675da83286b1cce702)
Start importing Assets/TextMesh Pro/Sprites/EmojiOne.json using Guid(8f05276190cf498a8153f6cbe761d4e6) Importer(2089858483,192608db42251d675da83286b1cce702) (ScriptedImporter) -> (artifact id: 'e45f15d08cfc3862512b7fb74a5a0945') in 0.0116467 seconds
Number of updated asset objects reloaded before import = 0Number of asset objects unloaded after import = 1

========================================================================
Received Import Request.
  Time since last request: 0.000014 seconds.
  path: Assets/Tilemaps/Background/Background.prefab
  artifactKey: Guid(9e14dcbb916b940fe9176645299c92b3) Importer(2089858483,192608db42251d675da83286b1cce702)
Start importing Assets/Tilemaps/Background/Background.prefab using Guid(9e14dcbb916b940fe9176645299c92b3) Importer(2089858483,192608db42251d675da83286b1cce702) (ScriptedImporter) -> (artifact id: '060960f35b974362acbc34120fcec407') in 0.0203618 seconds
Number of updated asset objects reloaded before import = 0Number of asset objects unloaded after import = 18

========================================================================
Received Import Request.
  Time since last request: 0.000014 seconds.
  path: Assets/TextMesh Pro/Shaders/TMPro.cginc
  artifactKey: Guid(407bc68d299748449bbf7f48ee690f8d) Importer(2089858483,192608db42251d675da83286b1cce702)
Start importing Assets/TextMesh Pro/Shaders/TMPro.cginc using Guid(407bc68d299748449bbf7f48ee690f8d) Importer(2089858483,192608db42251d675da83286b1cce702) (ScriptedImporter) -> (artifact id: 'e8a340d71ee10aa1b470dc5dafae504e') in 0.0098254 seconds
Number of updated asset objects reloaded before import = 0Number of asset objects unloaded after import = 1

========================================================================
Received Import Request.
  Time since last request: 0.000012 seconds.
  path: Assets/PreFabs/Bullet.prefab
  artifactKey: Guid(c786338ade134433abbd68a0c383b198) Importer(2089858483,192608db42251d675da83286b1cce702)
Start importing Assets/PreFabs/Bullet.prefab using Guid(c786338ade134433abbd68a0c383b198) Importer(2089858483,192608db42251d675da83286b1cce702) (ScriptedImporter) -> (artifact id: 'c672f875ee6d79658d4da9edded01e48') in 0.0295068 seconds
Number of updated asset objects reloaded before import = 0Number of asset objects unloaded after import = 10

========================================================================
Received Import Request.
  Time since last request: 0.000015 seconds.
  path: Assets/Tilemaps/King.png
  artifactKey: Guid(daa3faadf98ce99e58d0a29e5d87b7bf) Importer(2089858483,192608db42251d675da83286b1cce702)
Start importing Assets/Tilemaps/King.png using Guid(daa3faadf98ce99e58d0a29e5d87b7bf) Importer(2089858483,192608db42251d675da83286b1cce702) (ScriptedImporter) -> (artifact id: 'cb275a1be44c04d8f87477540e027c10') in 0.0154737 seconds
Number of updated asset objects reloaded before import = 0Number of asset objects unloaded after import = 3

========================================================================
Received Import Request.
  Time since last request: 0.000016 seconds.
  path: Assets/Tilemaps/Background/Path_Vertical.asset
  artifactKey: Guid(341834ee34bf112c8b1b265118bcba22) Importer(2089858483,192608db42251d675da83286b1cce702)
Start importing Assets/Tilemaps/Background/Path_Vertical.asset using Guid(341834ee34bf112c8b1b265118bcba22) Importer(2089858483,192608db42251d675da83286b1cce702) (ScriptedImporter) -> (artifact id: '95c09c86fbcd2507cd5c3e7e217cc134') in 0.0106262 seconds
Number of updated asset objects reloaded before import = 0Number of asset objects unloaded after import = 2

========================================================================
Received Import Request.
  Time since last request: 0.000021 seconds.
  path: Assets/NavMeshComponents/Scripts/NavMeshSurface.cs
  artifactKey: Guid(e04976799df50f54ba128eff723155a7) Importer(2089858483,192608db42251d675da83286b1cce702)
Start importing Assets/NavMeshComponents/Scripts/NavMeshSurface.cs using Guid(e04976799df50f54ba128eff723155a7) Importer(2089858483,192608db42251d675da83286b1cce702) (ScriptedImporter) -> (artifact id: 'dafd21458f8b0f81998c2663b34455fe') in 0.0123181 seconds
Number of updated asset objects reloaded before import = 0Number of asset objects unloaded after import = 0

========================================================================
Received Import Request.
  Time since last request: 0.000013 seconds.
  path: Assets/NavMeshComponents/Editor/NavMeshLinkEditor.cs
  artifactKey: Guid(03832abc07e3394479eec5708b22e984) Importer(2089858483,192608db42251d675da83286b1cce702)
Start importing Assets/NavMeshComponents/Editor/NavMeshLinkEditor.cs using Guid(03832abc07e3394479eec5708b22e984) Importer(2089858483,192608db42251d675da83286b1cce702) (ScriptedImporter) -> (artifact id: '43f7f6008b93ad091b9f82db597efc28') in 0.0089787 seconds
Number of updated asset objects reloaded before import = 0Number of asset objects unloaded after import = 0

========================================================================
Received Import Request.
  Time since last request: 0.000015 seconds.
  path: Assets/Tilemaps/Background/Water_5.png
  artifactKey: Guid(dc135640bbd7492c0b5fd4a0a192b66c) Importer(2089858483,192608db42251d675da83286b1cce702)
Start importing Assets/Tilemaps/Background/Water_5.png using Guid(dc135640bbd7492c0b5fd4a0a192b66c) Importer(2089858483,192608db42251d675da83286b1cce702) (ScriptedImporter) -> (artifact id: 'b555f94bb8654f213a6a4fe04b3a860f') in 0.0144933 seconds
Number of updated asset objects reloaded before import = 0Number of asset objects unloaded after import = 3

========================================================================
Received Import Request.
  Time since last request: 0.000014 seconds.
  path: Assets/Tilemaps/Background/Path_T.png
  artifactKey: Guid(d8eab30a3194cae30ae8bda3fa701dba) Importer(2089858483,192608db42251d675da83286b1cce702)
Start importing Assets/Tilemaps/Background/Path_T.png using Guid(d8eab30a3194cae30ae8bda3fa701dba) Importer(2089858483,192608db42251d675da83286b1cce702) (ScriptedImporter) -> (artifact id: 'fd7f7e434696ee03a987b1f67b092fd7') in 0.0156487 seconds
Number of updated asset objects reloaded before import = 0Number of asset objects unloaded after import = 3

========================================================================
Received Import Request.
  Time since last request: 0.000014 seconds.
  path: Assets/Simple Scene Fade Load System/Scripts/Initiate.cs
  artifactKey: Guid(9d8ace4dfb9f90c4e8213ec4bdc8a745) Importer(2089858483,192608db42251d675da83286b1cce702)
Start importing Assets/Simple Scene Fade Load System/Scripts/Initiate.cs using Guid(9d8ace4dfb9f90c4e8213ec4bdc8a745) Importer(2089858483,192608db42251d675da83286b1cce702) (ScriptedImporter) -> (artifact id: 'd0c88988f38d942b51f4e653bd8df6d1') in 0.0108905 seconds
Number of updated asset objects reloaded before import = 0Number of asset objects unloaded after import = 0

========================================================================
Received Import Request.
  Time since last request: 0.000017 seconds.
  path: Assets/Simple Scene Fade Load System/ReadMeFirst.txt
  artifactKey: Guid(b1ad542b4e472094c9d9b290ccbfd1da) Importer(2089858483,192608db42251d675da83286b1cce702)
Start importing Assets/Simple Scene Fade Load System/ReadMeFirst.txt using Guid(b1ad542b4e472094c9d9b290ccbfd1da) Importer(2089858483,192608db42251d675da83286b1cce702) (ScriptedImporter) -> (artifact id: '009ca167be744057b31b4ba18c28f647') in 0.0129493 seconds
Number of updated asset objects reloaded before import = 0Number of asset objects unloaded after import = 1

========================================================================
Received Import Request.
  Time since last request: 0.000023 seconds.
  path: Assets/Tilemaps/GummyBear/Gummy_Bear_Walk_4.png
  artifactKey: Guid(08b131db7d2df579f944a80d3050e6a9) Importer(2089858483,192608db42251d675da83286b1cce702)
Start importing Assets/Tilemaps/GummyBear/Gummy_Bear_Walk_4.png using Guid(08b131db7d2df579f944a80d3050e6a9) Importer(2089858483,192608db42251d675da83286b1cce702) (ScriptedImporter) -> (artifact id: '6f9f466fadd77ca32a08fbac36eae109') in 0.0142205 seconds
Number of updated asset objects reloaded before import = 0Number of asset objects unloaded after import = 3

========================================================================
Received Import Request.
  Time since last request: 0.000013 seconds.
  path: Assets/TextMesh Pro/Sprites/EmojiOne.png
  artifactKey: Guid(dffef66376be4fa480fb02b19edbe903) Importer(2089858483,192608db42251d675da83286b1cce702)
Start importing Assets/TextMesh Pro/Sprites/EmojiOne.png using Guid(dffef66376be4fa480fb02b19edbe903) Importer(2089858483,192608db42251d675da83286b1cce702) (ScriptedImporter) -> (artifact id: '04bd51cc94af9be7f273e3865c171894') in 0.0188202 seconds
Number of updated asset objects reloaded before import = 0Number of asset objects unloaded after import = 1

========================================================================
Received Import Request.
  Time since last request: 0.000014 seconds.
  path: Assets/Scenes/TalisScene2.unity
  artifactKey: Guid(40ccccad63462467c8b2c98a94578659) Importer(2089858483,192608db42251d675da83286b1cce702)
Start importing Assets/Scenes/TalisScene2.unity using Guid(40ccccad63462467c8b2c98a94578659) Importer(2089858483,192608db42251d675da83286b1cce702) (ScriptedImporter) -> (artifact id: '07974d9008ee99356f9d17af5f1c79dc') in 0.024816 seconds
Number of updated asset objects reloaded before import = 0Number of asset objects unloaded after import = 1

========================================================================
Received Import Request.
  Time since last request: 0.000012 seconds.
  path: Assets/Tilemaps/Background/Water_4.png
  artifactKey: Guid(54efb8311837bad98914b12145790584) Importer(2089858483,192608db42251d675da83286b1cce702)
Start importing Assets/Tilemaps/Background/Water_4.png using Guid(54efb8311837bad98914b12145790584) Importer(2089858483,192608db42251d675da83286b1cce702) (ScriptedImporter) -> (artifact id: '2fd9cbd02a16764031038cf31b876742') in 0.0155861 seconds
Number of updated asset objects reloaded before import = 0Number of asset objects unloaded after import = 3

========================================================================
Received Import Request.
  Time since last request: 0.000018 seconds.
  path: Assets/TextMesh Pro/Shaders/TMP_Bitmap-Custom-Atlas.shader
  artifactKey: Guid(48bb5f55d8670e349b6e614913f9d910) Importer(2089858483,192608db42251d675da83286b1cce702)
Start importing Assets/TextMesh Pro/Shaders/TMP_Bitmap-Custom-Atlas.shader using Guid(48bb5f55d8670e349b6e614913f9d910) Importer(2089858483,192608db42251d675da83286b1cce702) (ScriptedImporter) -> (artifact id: '4ddb84cb0c64e45ae31c32a525313b4b') in 0.011111 seconds
Number of updated asset objects reloaded before import = 0Number of asset objects unloaded after import = 1

========================================================================
Received Import Request.
  Time since last request: 0.000015 seconds.
  path: Assets/NavMeshComponents/Editor/NavMeshComponentsEditor.asmdef
  artifactKey: Guid(a38ed33481bedd74d8c590f5043f49dc) Importer(2089858483,192608db42251d675da83286b1cce702)
Start importing Assets/NavMeshComponents/Editor/NavMeshComponentsEditor.asmdef using Guid(a38ed33481bedd74d8c590f5043f49dc) Importer(2089858483,192608db42251d675da83286b1cce702) (ScriptedImporter) -> (artifact id: '25f8b5072864568f38b607064a5fa448') in 0.0103181 seconds
Number of updated asset objects reloaded before import = 0Number of asset objects unloaded after import = 1

========================================================================
Received Import Request.
  Time since last request: 0.000020 seconds.
  path: Assets/NavMeshComponents/Editor/CollectSourcesCache2dEditor.cs
  artifactKey: Guid(3616009fd1ab770409e0321881372357) Importer(2089858483,192608db42251d675da83286b1cce702)
Start importing Assets/NavMeshComponents/Editor/CollectSourcesCache2dEditor.cs using Guid(3616009fd1ab770409e0321881372357) Importer(2089858483,192608db42251d675da83286b1cce702) (ScriptedImporter) -> (artifact id: 'c4b0273846af664fe9962fdae136570b') in 0.0100325 seconds
Number of updated asset objects reloaded before import = 0Number of asset objects unloaded after import = 0

========================================================================
Received Import Request.
  Time since last request: 0.000013 seconds.
  path: Assets/Tilemaps/Background/Water_2.png
  artifactKey: Guid(8529af5ea94cff3e1bb06c14b327d36b) Importer(2089858483,192608db42251d675da83286b1cce702)
Start importing Assets/Tilemaps/Background/Water_2.png using Guid(8529af5ea94cff3e1bb06c14b327d36b) Importer(2089858483,192608db42251d675da83286b1cce702) (ScriptedImporter) -> (artifact id: '143a28e1feefd1bf9655d8fadf27c407') in 0.0197396 seconds
Number of updated asset objects reloaded before import = 0Number of asset objects unloaded after import = 3

========================================================================
Received Import Request.
  Time since last request: 0.000012 seconds.
  path: Assets/Tilemaps/Background/Trees_6.asset
  artifactKey: Guid(0d7026c28dabc5fa5ae652b3130eb426) Importer(2089858483,192608db42251d675da83286b1cce702)
Start importing Assets/Tilemaps/Background/Trees_6.asset using Guid(0d7026c28dabc5fa5ae652b3130eb426) Importer(2089858483,192608db42251d675da83286b1cce702) (ScriptedImporter) -> (artifact id: '0f3339c42b0e8c86e0796c6655f6e328') in 0.0127299 seconds
Number of updated asset objects reloaded before import = 0Number of asset objects unloaded after import = 2

========================================================================
Received Import Request.
  Time since last request: 0.000013 seconds.
  path: Assets/Tilemaps/Background/Water_1.asset
  artifactKey: Guid(3fd638da8152f780598e9826c0b5e419) Importer(2089858483,192608db42251d675da83286b1cce702)
Start importing Assets/Tilemaps/Background/Water_1.asset using Guid(3fd638da8152f780598e9826c0b5e419) Importer(2089858483,192608db42251d675da83286b1cce702) (ScriptedImporter) -> (artifact id: 'cd5838176f83ab9b4c70009cd30ba3f9') in 0.0107783 seconds
Number of updated asset objects reloaded before import = 0Number of asset objects unloaded after import = 2

========================================================================
Received Import Request.
  Time since last request: 0.000013 seconds.
  path: Assets/Tilemaps/Background/River_Vertical_End_Top.asset
  artifactKey: Guid(2966770800edf416ba94f4f7e7ad9920) Importer(2089858483,192608db42251d675da83286b1cce702)
Start importing Assets/Tilemaps/Background/River_Vertical_End_Top.asset using Guid(2966770800edf416ba94f4f7e7ad9920) Importer(2089858483,192608db42251d675da83286b1cce702) (ScriptedImporter) -> (artifact id: '46baf4550147793488188716478039ef') in 0.010244 seconds
Number of updated asset objects reloaded before import = 0Number of asset objects unloaded after import = 2

========================================================================
Received Import Request.
  Time since last request: 0.000012 seconds.
  path: Assets/NavMeshComponents/Editor/RootSources2dEditor.cs
  artifactKey: Guid(7e3d768af6ee1774cb39815bd8e5b221) Importer(2089858483,192608db42251d675da83286b1cce702)
Start importing Assets/NavMeshComponents/Editor/RootSources2dEditor.cs using Guid(7e3d768af6ee1774cb39815bd8e5b221) Importer(2089858483,192608db42251d675da83286b1cce702) (ScriptedImporter) -> (artifact id: '1a548fe85ec6d5717aa7070e33521e09') in 0.0123152 seconds
Number of updated asset objects reloaded before import = 0Number of asset objects unloaded after import = 0

========================================================================
Received Import Request.
  Time since last request: 0.000014 seconds.
  path: Assets/Tilemaps/Background/road_vertical.jpeg
  artifactKey: Guid(f8be1b036d0f54509bc07bbc1ce63d29) Importer(2089858483,192608db42251d675da83286b1cce702)
Start importing Assets/Tilemaps/Background/road_vertical.jpeg using Guid(f8be1b036d0f54509bc07bbc1ce63d29) Importer(2089858483,192608db42251d675da83286b1cce702) (ScriptedImporter) -> (artifact id: '3c2a302ac6b96c5f77951279a780d39a') in 0.0141155 seconds
Number of updated asset objects reloaded before import = 0Number of asset objects unloaded after import = 3

========================================================================
Received Import Request.
  Time since last request: 0.000021 seconds.
  path: Assets/Tilemaps/Background/Trees_9.png
  artifactKey: Guid(7838e735ba35b604a9f38dc80b0d98d9) Importer(2089858483,192608db42251d675da83286b1cce702)
Start importing Assets/Tilemaps/Background/Trees_9.png using Guid(7838e735ba35b604a9f38dc80b0d98d9) Importer(2089858483,192608db42251d675da83286b1cce702) (ScriptedImporter) -> (artifact id: '2bc1c15e5a86909f44fa4e52d00c7035') in 0.0201088 seconds
Number of updated asset objects reloaded before import = 0Number of asset objects unloaded after import = 3

========================================================================
Received Import Request.
  Time since last request: 0.000016 seconds.
  path: Assets/Scenes/TalisScene/NavMesh-Navmesh.asset
  artifactKey: Guid(e5494f15284844549a476781a23c8f0f) Importer(2089858483,192608db42251d675da83286b1cce702)
Start importing Assets/Scenes/TalisScene/NavMesh-Navmesh.asset using Guid(e5494f15284844549a476781a23c8f0f) Importer(2089858483,192608db42251d675da83286b1cce702) (ScriptedImporter) -> (artifact id: 'bde50a791d9d0227b8c56dd97e0e4c81') in 0.0113422 seconds
Number of updated asset objects reloaded before import = 0Number of asset objects unloaded after import = 1

========================================================================
Received Import Request.
  Time since last request: 0.000012 seconds.
  path: Assets/Tilemaps/Background/Water_1.png
  artifactKey: Guid(28162f1b439ea415c98afdf5f450627c) Importer(2089858483,192608db42251d675da83286b1cce702)
Start importing Assets/Tilemaps/Background/Water_1.png using Guid(28162f1b439ea415c98afdf5f450627c) Importer(2089858483,192608db42251d675da83286b1cce702) (ScriptedImporter) -> (artifact id: '857305abfce5ee085cf48d7c0af45891') in 0.018347 seconds
Number of updated asset objects reloaded before import = 0Number of asset objects unloaded after import = 3

========================================================================
Received Import Request.
  Time since last request: 0.000017 seconds.
  path: Assets/TextMesh Pro/Shaders/TMP_SDF-Mobile Masking.shader
  artifactKey: Guid(bc1ede39bf3643ee8e493720e4259791) Importer(2089858483,192608db42251d675da83286b1cce702)
Start importing Assets/TextMesh Pro/Shaders/TMP_SDF-Mobile Masking.shader using Guid(bc1ede39bf3643ee8e493720e4259791) Importer(2089858483,192608db42251d675da83286b1cce702) (ScriptedImporter) -> (artifact id: 'd39accc40c79d0faff54e14dc3bc7388') in 0.0101505 seconds
Number of updated asset objects reloaded before import = 0Number of asset objects unloaded after import = 1

========================================================================
Received Import Request.
  Time since last request: 0.000012 seconds.
  path: Assets/Scripts/BulletDespawn.cs
  artifactKey: Guid(615b9d632ffa1409f9034e1fbe1ba669) Importer(2089858483,192608db42251d675da83286b1cce702)
Start importing Assets/Scripts/BulletDespawn.cs using Guid(615b9d632ffa1409f9034e1fbe1ba669) Importer(2089858483,192608db42251d675da83286b1cce702) (ScriptedImporter) -> (artifact id: '74e31d8bd79b44f92bc87ac670f48ec3') in 0.0094719 seconds
Number of updated asset objects reloaded before import = 0Number of asset objects unloaded after import = 0

========================================================================
Received Import Request.
  Time since last request: 0.000013 seconds.
  path: Assets/TextMesh Pro/Fonts/LiberationSans.ttf
  artifactKey: Guid(e3265ab4bf004d28a9537516768c1c75) Importer(2089858483,192608db42251d675da83286b1cce702)
Start importing Assets/TextMesh Pro/Fonts/LiberationSans.ttf using Guid(e3265ab4bf004d28a9537516768c1c75) Importer(2089858483,192608db42251d675da83286b1cce702) (ScriptedImporter) -> (artifact id: '57c39a44adf242c1a330e2b074a36c92') in 0.0180239 seconds
Number of updated asset objects reloaded before import = 0Number of asset objects unloaded after import = 3

========================================================================
Received Import Request.
  Time since last request: 5.194763 seconds.
  path: Assets/Tilemaps/GummyBear/Gummy_Bear_Walk_Left_3.png
  artifactKey: Guid(6750c2553218704d890381b504ffa007) Importer(2089858483,192608db42251d675da83286b1cce702)
Start importing Assets/Tilemaps/GummyBear/Gummy_Bear_Walk_Left_3.png using Guid(6750c2553218704d890381b504ffa007) Importer(2089858483,192608db42251d675da83286b1cce702) (ScriptedImporter) -> (artifact id: '317e6ffb73b85d67d6adaee31395a3ee') in 0.0171623 seconds
Number of updated asset objects reloaded before import = 0Number of asset objects unloaded after import = 3

========================================================================
Received Import Request.
  Time since last request: 0.000011 seconds.
  path: Assets/Tilemaps/Torii/Torii_Bear_Red.png
  artifactKey: Guid(f9c665730610a67a6acf4edfe308e983) Importer(2089858483,192608db42251d675da83286b1cce702)
Start importing Assets/Tilemaps/Torii/Torii_Bear_Red.png using Guid(f9c665730610a67a6acf4edfe308e983) Importer(2089858483,192608db42251d675da83286b1cce702) (ScriptedImporter) -> (artifact id: 'e8da2b14bfb0a4a6a5924288837dc946') in 0.0203223 seconds
Number of updated asset objects reloaded before import = 0Number of asset objects unloaded after import = 3

========================================================================
Received Import Request.
  Time since last request: 0.000015 seconds.
  path: Assets/TextMesh Pro/Resources/Style Sheets/Default Style Sheet.asset
  artifactKey: Guid(f952c082cb03451daed3ee968ac6c63e) Importer(2089858483,192608db42251d675da83286b1cce702)
Start importing Assets/TextMesh Pro/Resources/Style Sheets/Default Style Sheet.asset using Guid(f952c082cb03451daed3ee968ac6c63e) Importer(2089858483,192608db42251d675da83286b1cce702) (ScriptedImporter) -> (artifact id: 'e2bb483ee13bb0146a902260312d3e7d') in 0.012564 seconds
Number of updated asset objects reloaded before import = 0Number of asset objects unloaded after import = 1

========================================================================
Received Import Request.
  Time since last request: 0.000027 seconds.
  path: Assets/TextMesh Pro/Resources/Fonts & Materials/LiberationSans SDF.asset
  artifactKey: Guid(8f586378b4e144a9851e7b34d9b748ee) Importer(2089858483,192608db42251d675da83286b1cce702)
Start importing Assets/TextMesh Pro/Resources/Fonts & Materials/LiberationSans SDF.asset using Guid(8f586378b4e144a9851e7b34d9b748ee) Importer(2089858483,192608db42251d675da83286b1cce702) (ScriptedImporter) -> (artifact id: '95df9c2691738028cfbf76bc70622377') in 0.0549882 seconds
Number of updated asset objects reloaded before import = 0Number of asset objects unloaded after import = 8

========================================================================
Received Import Request.
  Time since last request: 0.000015 seconds.
  path: Assets/Tilemaps/Snake/Snake_Idle.anim
  artifactKey: Guid(a00789153e74bdf48aca0a68da298ce2) Importer(2089858483,192608db42251d675da83286b1cce702)
Start importing Assets/Tilemaps/Snake/Snake_Idle.anim using Guid(a00789153e74bdf48aca0a68da298ce2) Importer(2089858483,192608db42251d675da83286b1cce702) (ScriptedImporter) -> (artifact id: '8463f055be9747ec8f9e88bbba013b17') in 0.0198621 seconds
Number of updated asset objects reloaded before import = 0Number of asset objects unloaded after import = 1

========================================================================
Received Import Request.
  Time since last request: 0.000012 seconds.
  path: Assets/TextMesh Pro/Resources/Sprite Assets/EmojiOne.asset
  artifactKey: Guid(c41005c129ba4d66911b75229fd70b45) Importer(2089858483,192608db42251d675da83286b1cce702)
Start importing Assets/TextMesh Pro/Resources/Sprite Assets/EmojiOne.asset using Guid(c41005c129ba4d66911b75229fd70b45) Importer(2089858483,192608db42251d675da83286b1cce702) (ScriptedImporter) -> (artifact id: 'b8bb6bb8d8a582af9b09d97552315e7e') in 0.0138924 seconds
Number of updated asset objects reloaded before import = 0Number of asset objects unloaded after import = 3

========================================================================
Received Import Request.
  Time since last request: 0.000014 seconds.
  path: Assets/Tilemaps/Snake/Player.controller
  artifactKey: Guid(d1fb2ff7f5d853cd5a462b0422989968) Importer(2089858483,192608db42251d675da83286b1cce702)
Start importing Assets/Tilemaps/Snake/Player.controller using Guid(d1fb2ff7f5d853cd5a462b0422989968) Importer(2089858483,192608db42251d675da83286b1cce702) (ScriptedImporter) -> (artifact id: '10ad018265226aa4a55d995d56380322') in 0.0116786 seconds
Number of updated asset objects reloaded before import = 0Number of asset objects unloaded after import = 4

========================================================================
Received Import Request.
  Time since last request: 0.000017 seconds.
  path: Assets/Tilemaps/Torii/Torii_Bear_Green.png
  artifactKey: Guid(fe628c129ec7fd475b5ba8c8d1f5231f) Importer(2089858483,192608db42251d675da83286b1cce702)
Start importing Assets/Tilemaps/Torii/Torii_Bear_Green.png using Guid(fe628c129ec7fd475b5ba8c8d1f5231f) Importer(2089858483,192608db42251d675da83286b1cce702) (ScriptedImporter) -> (artifact id: '82b8fe222820fac3ad7038b07f2a9fdb') in 0.0190447 seconds
Number of updated asset objects reloaded before import = 0Number of asset objects unloaded after import = 3

Editor requested this worker to shutdown with reason: Scaling down because of idle timeout
AssetImportWorker is now disconnected from the server
Process exiting
Exiting without the bug reporter. Application will terminate with return code 0