[Licensing::Module] Trying to connect to existing licensing client channel...
Built from '6000.2/respin/6000.2.6f2-cc51a95c03' branch; Version is '6000.2.6f2 (4a4dcaec6541) revision 4869578'; Using compiler version '194234433'; Build Type 'Release'
[Licensing::IpcConnector] Successfully connected to: "LicenseClient-TomyP" at "2026-01-06T23:09:45.4236718Z"
OS: 'Windows 11  (10.0.26200) 64bit Core' Language: 'en' Physical Memory: 32666 MB
BatchMode: 1, IsHumanControllingUs: 0, StartBugReporterOnCrash: 0, Is64bit: 1
Date: 2026-01-06T23:09:45Z

COMMAND LINE ARGUMENTS:
D:\Programs\Unity\Installs\6000.2.6f2\Editor\Unity.exe
-adb2
-batchMode
-noUpm
-name
AssetImportWorker1
-projectPath
D:/Projects/Unity/STIG
-logFile
Logs/AssetImportWorker1.log
-srvPort
57692
-licensingIpc
LicenseClient-TomyP
-job-worker-count
7
-background-job-worker-count
8
-gc-helper-count
1
-name
AssetImport
Successfully changed project path to: D:/Projects/Unity/STIG
D:/Projects/Unity/STIG
[UnityMemory] Configuration Parameters - Can be set up in boot.config
    "memorysetup-allocator-temp-initial-block-size-main=262144"
    "memorysetup-allocator-temp-initial-block-size-worker=262144"
    "memorysetup-bucket-allocator-granularity=16"
    "memorysetup-bucket-allocator-bucket-count=8"
    "memorysetup-bucket-allocator-block-size=33554432"
    "memorysetup-bucket-allocator-block-count=8"
    "memorysetup-main-allocator-block-size=16777216"
    "memorysetup-thread-allocator-block-size=16777216"
    "memorysetup-gfx-main-allocator-block-size=16777216"
    "memorysetup-gfx-thread-allocator-block-size=16777216"
    "memorysetup-cache-allocator-block-size=4194304"
    "memorysetup-typetree-allocator-block-size=2097152"
    "memorysetup-profiler-bucket-allocator-granularity=16"
    "memorysetup-profiler-bucket-allocator-bucket-count=8"
    "memorysetup-profiler-bucket-allocator-block-size=33554432"
    "memorysetup-profiler-bucket-allocator-block-count=8"
    "memorysetup-profiler-allocator-block-size=16777216"
    "memorysetup-profiler-editor-allocator-block-size=1048576"
    "memorysetup-temp-allocator-size-main=16777216"
    "memorysetup-job-temp-allocator-block-size=2097152"
    "memorysetup-job-temp-allocator-block-size-background=1048576"
    "memorysetup-job-temp-allocator-reduction-small-platforms=262144"
    "memorysetup-temp-allocator-size-background-worker=32768"
    "memorysetup-temp-allocator-size-job-worker=262144"
    "memorysetup-temp-allocator-size-preload-manager=33554432"
    "memorysetup-temp-allocator-size-nav-mesh-worker=65536"
    "memorysetup-temp-allocator-size-audio-worker=65536"
    "memorysetup-temp-allocator-size-cloud-worker=32768"
    "memorysetup-temp-allocator-size-gi-baking-worker=262144"
    "memorysetup-temp-allocator-size-gi-baking-worker=262144"
    "memorysetup-temp-allocator-size-gi-baking-worker=262144"
    "memorysetup-temp-allocator-size-gi-baking-worker=262144"
    "memorysetup-temp-allocator-size-gi-baking-worker=262144"
    "memorysetup-temp-allocator-size-gfx=262144"
Player connection [26172]  Target information:

Player connection [26172]  * "[IP] 192.168.178.97 [Port] 0 [Flags] 2 [Guid] 2425732275 [EditorId] 2425732275 [Version] 1048832 [Id] WindowsEditor(7,DESKTOP-OJG25FL) [Debug] 1 [PackageName] WindowsEditor [ProjectName] Editor" 

Player connection [26172] Host joined multi-casting on [225.0.0.222:54997]...
Player connection [26172] Host joined alternative multi-casting on [225.0.0.222:34997]...
JobSystem: Creating JobQueue using job-worker-count value 7
Input System module state changed to: Initialized.
[Physics::Module] Initialized fallback backend.
[Physics::Module] Id: 0xdecafbad
[Licensing::Client] Code 10 while verifying Licensing Client signature (process Id: 9244, path: "C:/Program Files/Unity Hub/UnityLicensingClient_V1/Unity.Licensing.Client.exe")
[Licensing::Module] LicensingClient has failed validation; ignoring
[Licensing::Client] Handshaking with LicensingClient:
  Version:                 1.17.3+a4e98f1
  Session Id:              0789a6f349594faaa60a491cd2687304
  Correlation Id:          7863510faa22a592384eba09bb2224be
  External correlation Id: 3336264108397847169
  Machine Id:              asarHZRrUHgVvXWxayz2avrMUA8=
[Licensing::Module] Successfully connected to LicensingClient on channel: "LicenseClient-TomyP" (connect: 0.00s, validation: 0.00s, handshake: 0.03s)
[Licensing::IpcConnector] Successfully connected to: "LicenseClient-TomyP-notifications" at "2026-01-06T23:09:45.4600975Z"
[Licensing::Module] Licensing Background thread has ended after 0.04s
Library Redirect Path: Library/
[Physics::Module] Selected backend.
[Physics::Module] Name: PhysX
[Physics::Module] Id: 0xf2b8ea05
[Physics::Module] SDK Version: 4.1.2
[Physics::Module] Integration Version: 1.0.0
[Physics::Module] Threading Mode: Multi-Threaded
Refreshing native plugins compatible for Editor in 2.64 ms, found 4 plugins.
Preloading 0 native plugins for Editor in 0.00 ms.
Initialize engine version: 6000.2.6f2 (4a4dcaec6541)
[Subsystems] Discovering subsystems at path D:/Programs/Unity/Installs/6000.2.6f2/Editor/Data/Resources/UnitySubsystems
[Subsystems] Discovering subsystems at path D:/Projects/Unity/STIG/Assets
GfxDevice: creating device client; kGfxThreadingModeNonThreaded
Direct3D:
    Version:  Direct3D 11.0 [level 11.1]
    Renderer: AMD Radeon RX 6800 (ID=0x73bf)
    Vendor:   ATI
    VRAM:     16337 MB
    Driver:   32.0.21033.3005
Initialize mono
Mono path[0] = 'D:/Programs/Unity/Installs/6000.2.6f2/Editor/Data/Managed'
Mono path[1] = 'D:/Programs/Unity/Installs/6000.2.6f2/Editor/Data/MonoBleedingEdge/lib/mono/unityjit-win32'
Mono config path = 'D:/Programs/Unity/Installs/6000.2.6f2/Editor/Data/MonoBleedingEdge/etc'
Using monoOptions --debugger-agent=transport=dt_socket,embedding=1,server=y,suspend=n,address=127.0.0.1:56692
Begin MonoManager ReloadAssembly
Registering precompiled unity dll's ...
Register platform support module: D:/Programs/Unity/Installs/6000.2.6f2/Editor/Data/PlaybackEngines/WindowsStandaloneSupport/UnityEditor.WindowsStandalone.Extensions.dll
Registered in 0.000863 seconds.
- Loaded All Assemblies, in  0.312 seconds
Native extension for WindowsStandalone target not found
Mono: successfully reloaded assembly
- Finished resetting the current domain, in  0.279 seconds
Domain Reload Profiling: 591ms
	BeginReloadAssembly (111ms)
		ExecutionOrderSort (0ms)
		DisableScriptedObjects (0ms)
		BackupInstance (0ms)
		ReleaseScriptingObjects (0ms)
		CreateAndSetChildDomain (1ms)
	RebuildCommonClasses (31ms)
	RebuildNativeTypeToScriptingClass (10ms)
	initialDomainReloadingComplete (35ms)
	LoadAllAssembliesAndSetupDomain (126ms)
		LoadAssemblies (109ms)
		RebuildTransferFunctionScriptingTraits (0ms)
		AnalyzeDomain (123ms)
			TypeCache.Refresh (122ms)
				TypeCache.ScanAssembly (111ms)
			BuildScriptInfoCaches (0ms)
			ResolveRequiredComponents (0ms)
	FinalizeReload (279ms)
		ReleaseScriptCaches (0ms)
		RebuildScriptCaches (0ms)
		SetupLoadedEditorAssemblies (234ms)
			LogAssemblyErrors (0ms)
			InitializePlatformSupportModulesInManaged (39ms)
			SetLoadedEditorAssemblies (3ms)
			BeforeProcessingInitializeOnLoad (51ms)
			ProcessInitializeOnLoadAttributes (97ms)
			ProcessInitializeOnLoadMethodAttributes (44ms)
			AfterProcessingInitializeOnLoad (0ms)
			EditorAssembliesLoaded (0ms)
		ExecutionOrderSort2 (0ms)
		AwakeInstancesAfterBackupRestoration (0ms)
========================================================================
Worker process is ready to serve import requests
Import Worker Mode flag is 0x00
Begin MonoManager ReloadAssembly
[Licensing::Client] Successfully resolved entitlement details
[Licensing::Module] License group:
  Id: 9071982197022-UnityPersXXXX
  Product: Unity Personal
  Type: Assigned
  Expiration: Unlimited
- Loaded All Assemblies, in  0.640 seconds
Refreshing native plugins compatible for Editor in 1.13 ms, found 4 plugins.
Native extension for WindowsStandalone target not found
Package Manager log level set to [2]
[Package Manager] Failed to launch server process. Reason: Unity was launched with the -noUpm command-line argument
[Package Manager] Unable to send message (not connected to server process).
[Package Manager] Cannot connect to Unity Package Manager local server
The project currently uses the compatibility mode where the Render Graph API is disabled. Support for this mode will be removed in future Unity versions. Migrate existing ScriptableRenderPasses to the new RenderGraph API. After the migration, disable the compatibility mode in Edit > Projects Settings > Graphics > Render Graph.
UnityEngine.Debug:ExtractStackTraceNoAlloc (byte*,int,string)
UnityEngine.StackTraceUtility:ExtractStackTrace ()
UnityEngine.DebugLogHandler:Internal_Log (UnityEngine.LogType,UnityEngine.LogOption,string,UnityEngine.Object)
UnityEngine.DebugLogHandler:LogFormat (UnityEngine.LogType,UnityEngine.Object,string,object[])
UnityEngine.Logger:Log (UnityEngine.LogType,object)
UnityEngine.Debug:LogWarning (object)
UnityEngine.Rendering.Universal.WarnUsingNonRenderGraph:EmitConsoleWarning () (at ./Library/PackageCache/com.unity.render-pipelines.universal@1e1527b3a17b/Runtime/Data/UniversalRenderPipelineAsset.cs:432)
System.Reflection.RuntimeMethodInfo:Invoke (object,System.Reflection.BindingFlags,System.Reflection.Binder,object[],System.Globalization.CultureInfo)
System.Reflection.MethodBase:Invoke (object,object[])
UnityEditor.EditorAssemblies:ProcessInitializeOnLoadMethodAttributes ()

(Filename: ./Library/PackageCache/com.unity.render-pipelines.universal@1e1527b3a17b/Runtime/Data/UniversalRenderPipelineAsset.cs Line: 432)

Mono: successfully reloaded assembly
- Finished resetting the current domain, in  0.722 seconds
Domain Reload Profiling: 1361ms
	BeginReloadAssembly (152ms)
		ExecutionOrderSort (0ms)
		DisableScriptedObjects (6ms)
		BackupInstance (0ms)
		ReleaseScriptingObjects (0ms)
		CreateAndSetChildDomain (26ms)
	RebuildCommonClasses (30ms)
	RebuildNativeTypeToScriptingClass (10ms)
	initialDomainReloadingComplete (31ms)
	LoadAllAssembliesAndSetupDomain (416ms)
		LoadAssemblies (302ms)
		RebuildTransferFunctionScriptingTraits (0ms)
		AnalyzeDomain (200ms)
			TypeCache.Refresh (145ms)
				TypeCache.ScanAssembly (134ms)
			BuildScriptInfoCaches (43ms)
			ResolveRequiredComponents (9ms)
	FinalizeReload (722ms)
		ReleaseScriptCaches (0ms)
		RebuildScriptCaches (0ms)
		SetupLoadedEditorAssemblies (600ms)
			LogAssemblyErrors (0ms)
			InitializePlatformSupportModulesInManaged (1ms)
			SetLoadedEditorAssemblies (4ms)
			BeforeProcessingInitializeOnLoad (107ms)
			ProcessInitializeOnLoadAttributes (392ms)
			ProcessInitializeOnLoadMethodAttributes (94ms)
			AfterProcessingInitializeOnLoad (2ms)
			EditorAssembliesLoaded (0ms)
		ExecutionOrderSort2 (0ms)
		AwakeInstancesAfterBackupRestoration (5ms)
Launched and connected shader compiler UnityShaderCompiler.exe after 0.01 seconds
Refreshing native plugins compatible for Editor in 1.06 ms, found 4 plugins.
Preloading 0 native plugins for Editor in 0.00 ms.
Unloading 14 Unused Serialized files (Serialized files now loaded: 0)
Unloading 6468 unused Assets / (4.9 MB). Loaded Objects now: 7170.
Memory consumption went from 137.2 MB to 132.2 MB.
Total: 10.430200 ms (FindLiveObjects: 0.603400 ms CreateObjectMapping: 0.753600 ms MarkObjects: 6.647100 ms  DeleteObjects: 2.425100 ms)

========================================================================
Received Prepare
Refreshing native plugins compatible for Editor in 1.13 ms, found 4 plugins.
Preloading 0 native plugins for Editor in 0.00 ms.
Unloading 14 Unused Serialized files (Serialized files now loaded: 0)
Unloading 14 unused Assets / (1.8 MB). Loaded Objects now: 7170.
Memory consumption went from 130.2 MB to 128.4 MB.
Total: 6.454300 ms (FindLiveObjects: 0.355600 ms CreateObjectMapping: 0.373100 ms MarkObjects: 5.327700 ms  DeleteObjects: 0.396900 ms)

Prepare: number of updated asset objects reloaded= 6
========================================================================
Received Import Request.
  Time since last request: 4152.375792 seconds.
  path: Assets/UniversalRenderPipelineGlobalSettings.asset
  artifactKey: Guid(93b439a37f63240aca3dd4e01d978a9f) Importer(815301076,1909f56bfc062723c751e8b465ee728b)
Start importing Assets/UniversalRenderPipelineGlobalSettings.asset using Guid(93b439a37f63240aca3dd4e01d978a9f) Importer(815301076,1909f56bfc062723c751e8b465ee728b) (PreviewImporter) -> (artifact id: '68ebc19f187ffe77ee0d87438036cd48') in 0.0160239 seconds
Number of updated asset objects reloaded before import = 0Number of asset objects unloaded after import = 0

========================================================================
Received Prepare
Begin MonoManager ReloadAssembly
- Loaded All Assemblies, in  0.659 seconds
Refreshing native plugins compatible for Editor in 1.67 ms, found 4 plugins.
Native extension for WindowsStandalone target not found
[Package Manager] Failed to launch server process. Reason: Unity was launched with the -noUpm command-line argument
[Package Manager] Unable to send message (not connected to server process).
[Package Manager] Cannot connect to Unity Package Manager local server
The project currently uses the compatibility mode where the Render Graph API is disabled. Support for this mode will be removed in future Unity versions. Migrate existing ScriptableRenderPasses to the new RenderGraph API. After the migration, disable the compatibility mode in Edit > Projects Settings > Graphics > Render Graph.
UnityEngine.Debug:ExtractStackTraceNoAlloc (byte*,int,string)
UnityEngine.StackTraceUtility:ExtractStackTrace ()
UnityEngine.DebugLogHandler:Internal_Log (UnityEngine.LogType,UnityEngine.LogOption,string,UnityEngine.Object)
UnityEngine.DebugLogHandler:LogFormat (UnityEngine.LogType,UnityEngine.Object,string,object[])
UnityEngine.Logger:Log (UnityEngine.LogType,object)
UnityEngine.Debug:LogWarning (object)
UnityEngine.Rendering.Universal.WarnUsingNonRenderGraph:EmitConsoleWarning () (at ./Library/PackageCache/com.unity.render-pipelines.universal@1e1527b3a17b/Runtime/Data/UniversalRenderPipelineAsset.cs:432)
System.Reflection.RuntimeMethodInfo:Invoke (object,System.Reflection.BindingFlags,System.Reflection.Binder,object[],System.Globalization.CultureInfo)
System.Reflection.MethodBase:Invoke (object,object[])
UnityEditor.EditorAssemblies:ProcessInitializeOnLoadMethodAttributes ()

(Filename: ./Library/PackageCache/com.unity.render-pipelines.universal@1e1527b3a17b/Runtime/Data/UniversalRenderPipelineAsset.cs Line: 432)

Mono: successfully reloaded assembly
- Finished resetting the current domain, in  0.877 seconds
Domain Reload Profiling: 1540ms
	BeginReloadAssembly (197ms)
		ExecutionOrderSort (0ms)
		DisableScriptedObjects (13ms)
		BackupInstance (0ms)
		ReleaseScriptingObjects (0ms)
		CreateAndSetChildDomain (52ms)
	RebuildCommonClasses (28ms)
	RebuildNativeTypeToScriptingClass (10ms)
	initialDomainReloadingComplete (20ms)
	LoadAllAssembliesAndSetupDomain (407ms)
		LoadAssemblies (286ms)
		RebuildTransferFunctionScriptingTraits (0ms)
		AnalyzeDomain (207ms)
			TypeCache.Refresh (9ms)
				TypeCache.ScanAssembly (1ms)
			BuildScriptInfoCaches (182ms)
			ResolveRequiredComponents (11ms)
	FinalizeReload (877ms)
		ReleaseScriptCaches (0ms)
		RebuildScriptCaches (0ms)
		SetupLoadedEditorAssemblies (696ms)
			LogAssemblyErrors (0ms)
			InitializePlatformSupportModulesInManaged (2ms)
			SetLoadedEditorAssemblies (5ms)
			BeforeProcessingInitializeOnLoad (150ms)
			ProcessInitializeOnLoadAttributes (478ms)
			ProcessInitializeOnLoadMethodAttributes (59ms)
			AfterProcessingInitializeOnLoad (2ms)
			EditorAssembliesLoaded (0ms)
		ExecutionOrderSort2 (0ms)
		AwakeInstancesAfterBackupRestoration (17ms)
Refreshing native plugins compatible for Editor in 1.11 ms, found 4 plugins.
Preloading 0 native plugins for Editor in 0.00 ms.
Unloading 14 Unused Serialized files (Serialized files now loaded: 0)
Unloading 6466 unused Assets / (4.4 MB). Loaded Objects now: 7176.
Memory consumption went from 140.8 MB to 136.4 MB.
Total: 8.922800 ms (FindLiveObjects: 0.617200 ms CreateObjectMapping: 0.675000 ms MarkObjects: 5.191700 ms  DeleteObjects: 2.438200 ms)

Prepare: number of updated asset objects reloaded= 0
========================================================================
Received Prepare
Begin MonoManager ReloadAssembly
- Loaded All Assemblies, in  0.582 seconds
Refreshing native plugins compatible for Editor in 1.06 ms, found 4 plugins.
Native extension for WindowsStandalone target not found
[Package Manager] Failed to launch server process. Reason: Unity was launched with the -noUpm command-line argument
[Package Manager] Unable to send message (not connected to server process).
[Package Manager] Cannot connect to Unity Package Manager local server
The project currently uses the compatibility mode where the Render Graph API is disabled. Support for this mode will be removed in future Unity versions. Migrate existing ScriptableRenderPasses to the new RenderGraph API. After the migration, disable the compatibility mode in Edit > Projects Settings > Graphics > Render Graph.
UnityEngine.Debug:ExtractStackTraceNoAlloc (byte*,int,string)
UnityEngine.StackTraceUtility:ExtractStackTrace ()
UnityEngine.DebugLogHandler:Internal_Log (UnityEngine.LogType,UnityEngine.LogOption,string,UnityEngine.Object)
UnityEngine.DebugLogHandler:LogFormat (UnityEngine.LogType,UnityEngine.Object,string,object[])
UnityEngine.Logger:Log (UnityEngine.LogType,object)
UnityEngine.Debug:LogWarning (object)
UnityEngine.Rendering.Universal.WarnUsingNonRenderGraph:EmitConsoleWarning () (at ./Library/PackageCache/com.unity.render-pipelines.universal@1e1527b3a17b/Runtime/Data/UniversalRenderPipelineAsset.cs:432)
System.Reflection.RuntimeMethodInfo:Invoke (object,System.Reflection.BindingFlags,System.Reflection.Binder,object[],System.Globalization.CultureInfo)
System.Reflection.MethodBase:Invoke (object,object[])
UnityEditor.EditorAssemblies:ProcessInitializeOnLoadMethodAttributes ()

(Filename: ./Library/PackageCache/com.unity.render-pipelines.universal@1e1527b3a17b/Runtime/Data/UniversalRenderPipelineAsset.cs Line: 432)

Mono: successfully reloaded assembly
- Finished resetting the current domain, in  0.662 seconds
Domain Reload Profiling: 1246ms
	BeginReloadAssembly (192ms)
		ExecutionOrderSort (0ms)
		DisableScriptedObjects (13ms)
		BackupInstance (0ms)
		ReleaseScriptingObjects (0ms)
		CreateAndSetChildDomain (50ms)
	RebuildCommonClasses (28ms)
	RebuildNativeTypeToScriptingClass (10ms)
	initialDomainReloadingComplete (20ms)
	LoadAllAssembliesAndSetupDomain (333ms)
		LoadAssemblies (265ms)
		RebuildTransferFunctionScriptingTraits (0ms)
		AnalyzeDomain (153ms)
			TypeCache.Refresh (13ms)
				TypeCache.ScanAssembly (6ms)
			BuildScriptInfoCaches (128ms)
			ResolveRequiredComponents (9ms)
	FinalizeReload (662ms)
		ReleaseScriptCaches (0ms)
		RebuildScriptCaches (0ms)
		SetupLoadedEditorAssemblies (536ms)
			LogAssemblyErrors (0ms)
			InitializePlatformSupportModulesInManaged (1ms)
			SetLoadedEditorAssemblies (5ms)
			BeforeProcessingInitializeOnLoad (126ms)
			ProcessInitializeOnLoadAttributes (353ms)
			ProcessInitializeOnLoadMethodAttributes (48ms)
			AfterProcessingInitializeOnLoad (2ms)
			EditorAssembliesLoaded (0ms)
		ExecutionOrderSort2 (0ms)
		AwakeInstancesAfterBackupRestoration (13ms)
Refreshing native plugins compatible for Editor in 1.44 ms, found 4 plugins.
Preloading 0 native plugins for Editor in 0.00 ms.
Unloading 14 Unused Serialized files (Serialized files now loaded: 0)
Unloading 6468 unused Assets / (4.5 MB). Loaded Objects now: 7180.
Memory consumption went from 140.8 MB to 136.3 MB.
Total: 8.518700 ms (FindLiveObjects: 0.641400 ms CreateObjectMapping: 0.814900 ms MarkObjects: 4.748800 ms  DeleteObjects: 2.313000 ms)

Prepare: number of updated asset objects reloaded= 0
========================================================================
Received Prepare
Begin MonoManager ReloadAssembly
[Licensing::Client] Successfully resolved entitlement details
- Loaded All Assemblies, in  0.810 seconds
Refreshing native plugins compatible for Editor in 1.48 ms, found 4 plugins.
Native extension for WindowsStandalone target not found
[Package Manager] Failed to launch server process. Reason: Unity was launched with the -noUpm command-line argument
[Package Manager] Unable to send message (not connected to server process).
[Package Manager] Cannot connect to Unity Package Manager local server
The project currently uses the compatibility mode where the Render Graph API is disabled. Support for this mode will be removed in future Unity versions. Migrate existing ScriptableRenderPasses to the new RenderGraph API. After the migration, disable the compatibility mode in Edit > Projects Settings > Graphics > Render Graph.
UnityEngine.Debug:ExtractStackTraceNoAlloc (byte*,int,string)
UnityEngine.StackTraceUtility:ExtractStackTrace ()
UnityEngine.DebugLogHandler:Internal_Log (UnityEngine.LogType,UnityEngine.LogOption,string,UnityEngine.Object)
UnityEngine.DebugLogHandler:LogFormat (UnityEngine.LogType,UnityEngine.Object,string,object[])
UnityEngine.Logger:Log (UnityEngine.LogType,object)
UnityEngine.Debug:LogWarning (object)
UnityEngine.Rendering.Universal.WarnUsingNonRenderGraph:EmitConsoleWarning () (at ./Library/PackageCache/com.unity.render-pipelines.universal@1e1527b3a17b/Runtime/Data/UniversalRenderPipelineAsset.cs:432)
System.Reflection.RuntimeMethodInfo:Invoke (object,System.Reflection.BindingFlags,System.Reflection.Binder,object[],System.Globalization.CultureInfo)
System.Reflection.MethodBase:Invoke (object,object[])
UnityEditor.EditorAssemblies:ProcessInitializeOnLoadMethodAttributes ()

(Filename: ./Library/PackageCache/com.unity.render-pipelines.universal@1e1527b3a17b/Runtime/Data/UniversalRenderPipelineAsset.cs Line: 432)

Mono: successfully reloaded assembly
- Finished resetting the current domain, in  0.879 seconds
Domain Reload Profiling: 1693ms
	BeginReloadAssembly (241ms)
		ExecutionOrderSort (0ms)
		DisableScriptedObjects (15ms)
		BackupInstance (0ms)
		ReleaseScriptingObjects (0ms)
		CreateAndSetChildDomain (60ms)
	RebuildCommonClasses (47ms)
	RebuildNativeTypeToScriptingClass (17ms)
	initialDomainReloadingComplete (30ms)
	LoadAllAssembliesAndSetupDomain (478ms)
		LoadAssemblies (326ms)
		RebuildTransferFunctionScriptingTraits (0ms)
		AnalyzeDomain (260ms)
			TypeCache.Refresh (44ms)
				TypeCache.ScanAssembly (33ms)
			BuildScriptInfoCaches (197ms)
			ResolveRequiredComponents (13ms)
	FinalizeReload (880ms)
		ReleaseScriptCaches (0ms)
		RebuildScriptCaches (0ms)
		SetupLoadedEditorAssemblies (704ms)
			LogAssemblyErrors (0ms)
			InitializePlatformSupportModulesInManaged (2ms)
			SetLoadedEditorAssemblies (8ms)
			BeforeProcessingInitializeOnLoad (163ms)
			ProcessInitializeOnLoadAttributes (467ms)
			ProcessInitializeOnLoadMethodAttributes (62ms)
			AfterProcessingInitializeOnLoad (3ms)
			EditorAssembliesLoaded (0ms)
		ExecutionOrderSort2 (0ms)
		AwakeInstancesAfterBackupRestoration (20ms)
Refreshing native plugins compatible for Editor in 1.18 ms, found 4 plugins.
Preloading 0 native plugins for Editor in 0.00 ms.
Unloading 14 Unused Serialized files (Serialized files now loaded: 0)
Unloading 6470 unused Assets / (4.9 MB). Loaded Objects now: 7184.
Memory consumption went from 140.9 MB to 136.0 MB.
Total: 8.648400 ms (FindLiveObjects: 0.685000 ms CreateObjectMapping: 0.752400 ms MarkObjects: 4.861100 ms  DeleteObjects: 2.349000 ms)

Prepare: number of updated asset objects reloaded= 0
========================================================================
Received Prepare
Begin MonoManager ReloadAssembly
- Loaded All Assemblies, in  0.776 seconds
Refreshing native plugins compatible for Editor in 1.10 ms, found 4 plugins.
Native extension for WindowsStandalone target not found
[Package Manager] Failed to launch server process. Reason: Unity was launched with the -noUpm command-line argument
[Package Manager] Unable to send message (not connected to server process).
[Package Manager] Cannot connect to Unity Package Manager local server
The project currently uses the compatibility mode where the Render Graph API is disabled. Support for this mode will be removed in future Unity versions. Migrate existing ScriptableRenderPasses to the new RenderGraph API. After the migration, disable the compatibility mode in Edit > Projects Settings > Graphics > Render Graph.
UnityEngine.Debug:ExtractStackTraceNoAlloc (byte*,int,string)
UnityEngine.StackTraceUtility:ExtractStackTrace ()
UnityEngine.DebugLogHandler:Internal_Log (UnityEngine.LogType,UnityEngine.LogOption,string,UnityEngine.Object)
UnityEngine.DebugLogHandler:LogFormat (UnityEngine.LogType,UnityEngine.Object,string,object[])
UnityEngine.Logger:Log (UnityEngine.LogType,object)
UnityEngine.Debug:LogWarning (object)
UnityEngine.Rendering.Universal.WarnUsingNonRenderGraph:EmitConsoleWarning () (at ./Library/PackageCache/com.unity.render-pipelines.universal@1e1527b3a17b/Runtime/Data/UniversalRenderPipelineAsset.cs:432)
System.Reflection.RuntimeMethodInfo:Invoke (object,System.Reflection.BindingFlags,System.Reflection.Binder,object[],System.Globalization.CultureInfo)
System.Reflection.MethodBase:Invoke (object,object[])
UnityEditor.EditorAssemblies:ProcessInitializeOnLoadMethodAttributes ()

(Filename: ./Library/PackageCache/com.unity.render-pipelines.universal@1e1527b3a17b/Runtime/Data/UniversalRenderPipelineAsset.cs Line: 432)

Mono: successfully reloaded assembly
- Finished resetting the current domain, in  0.881 seconds
Domain Reload Profiling: 1659ms
	BeginReloadAssembly (235ms)
		ExecutionOrderSort (0ms)
		DisableScriptedObjects (16ms)
		BackupInstance (0ms)
		ReleaseScriptingObjects (0ms)
		CreateAndSetChildDomain (59ms)
	RebuildCommonClasses (45ms)
	RebuildNativeTypeToScriptingClass (14ms)
	initialDomainReloadingComplete (26ms)
	LoadAllAssembliesAndSetupDomain (457ms)
		LoadAssemblies (335ms)
		RebuildTransferFunctionScriptingTraits (0ms)
		AnalyzeDomain (228ms)
			TypeCache.Refresh (11ms)
				TypeCache.ScanAssembly (2ms)
			BuildScriptInfoCaches (199ms)
			ResolveRequiredComponents (13ms)
	FinalizeReload (882ms)
		ReleaseScriptCaches (0ms)
		RebuildScriptCaches (0ms)
		SetupLoadedEditorAssemblies (727ms)
			LogAssemblyErrors (0ms)
			InitializePlatformSupportModulesInManaged (2ms)
			SetLoadedEditorAssemblies (6ms)
			BeforeProcessingInitializeOnLoad (167ms)
			ProcessInitializeOnLoadAttributes (480ms)
			ProcessInitializeOnLoadMethodAttributes (67ms)
			AfterProcessingInitializeOnLoad (4ms)
			EditorAssembliesLoaded (0ms)
		ExecutionOrderSort2 (0ms)
		AwakeInstancesAfterBackupRestoration (17ms)
Refreshing native plugins compatible for Editor in 1.00 ms, found 4 plugins.
Preloading 0 native plugins for Editor in 0.00 ms.
Unloading 14 Unused Serialized files (Serialized files now loaded: 0)
Unloading 6468 unused Assets / (4.8 MB). Loaded Objects now: 7185.
Memory consumption went from 140.9 MB to 136.1 MB.
Total: 9.149200 ms (FindLiveObjects: 0.630500 ms CreateObjectMapping: 0.808500 ms MarkObjects: 4.884000 ms  DeleteObjects: 2.825700 ms)

Prepare: number of updated asset objects reloaded= 0
========================================================================
Received Import Request.
  Time since last request: 270.113992 seconds.
  path: Assets/UniversalRenderPipelineGlobalSettings.asset
  artifactKey: Guid(93b439a37f63240aca3dd4e01d978a9f) Importer(2089858483,192608db42251d675da83286b1cce702)
Start importing Assets/UniversalRenderPipelineGlobalSettings.asset using Guid(93b439a37f63240aca3dd4e01d978a9f) Importer(2089858483,192608db42251d675da83286b1cce702) (ScriptedImporter) -> (artifact id: 'b5c8498fc5c835eee23937f891d47948') in 0.2393512 seconds
Number of updated asset objects reloaded before import = 0Number of asset objects unloaded after import = 0

========================================================================
Received Import Request.
  Time since last request: 0.000016 seconds.
  path: Assets/Settings/Renderer2D.asset
  artifactKey: Guid(424799608f7334c24bf367e4bbfa7f9a) Importer(2089858483,192608db42251d675da83286b1cce702)
Start importing Assets/Settings/Renderer2D.asset using Guid(424799608f7334c24bf367e4bbfa7f9a) Importer(2089858483,192608db42251d675da83286b1cce702) (ScriptedImporter) -> (artifact id: 'd31d96e8e9cee380d502a06f7b3cd68d') in 0.0321386 seconds
Number of updated asset objects reloaded before import = 0Number of asset objects unloaded after import = 1

========================================================================
Received Import Request.
  Time since last request: 0.000021 seconds.
  path: Assets/TextMesh Pro/Shaders/TMP_SDF-Mobile.shader
  artifactKey: Guid(fe393ace9b354375a9cb14cdbbc28be4) Importer(2089858483,192608db42251d675da83286b1cce702)
Start importing Assets/TextMesh Pro/Shaders/TMP_SDF-Mobile.shader using Guid(fe393ace9b354375a9cb14cdbbc28be4) Importer(2089858483,192608db42251d675da83286b1cce702) (ScriptedImporter) -> (artifact id: '9aacfae33bf787b98946bb4f25e0a30b') in 0.0158821 seconds
Number of updated asset objects reloaded before import = 0Number of asset objects unloaded after import = 1

========================================================================
Received Import Request.
  Time since last request: 0.000012 seconds.
  path: Assets/PreFabs/GummyBear 1.prefab
  artifactKey: Guid(ae4f29f4ca9745ecba7ace959e86df76) Importer(2089858483,192608db42251d675da83286b1cce702)
Start importing Assets/PreFabs/GummyBear 1.prefab using Guid(ae4f29f4ca9745ecba7ace959e86df76) Importer(2089858483,192608db42251d675da83286b1cce702) (ScriptedImporter) -> (artifact id: 'efc343494421f345ab6d48c561294f53') in 0.0685919 seconds
Number of updated asset objects reloaded before import = 0Number of asset objects unloaded after import = 47

========================================================================
Received Import Request.
  Time since last request: 0.000021 seconds.
  path: Assets/TextMesh Pro/Shaders/TMP_SDF-Mobile SSD.shader
  artifactKey: Guid(c8d12adcee749c344b8117cf7c7eb912) Importer(2089858483,192608db42251d675da83286b1cce702)
Start importing Assets/TextMesh Pro/Shaders/TMP_SDF-Mobile SSD.shader using Guid(c8d12adcee749c344b8117cf7c7eb912) Importer(2089858483,192608db42251d675da83286b1cce702) (ScriptedImporter) -> (artifact id: '33e17c88b06dfd82cb696c934bb0ac93') in 0.0124413 seconds
Number of updated asset objects reloaded before import = 0Number of asset objects unloaded after import = 1

========================================================================
Received Import Request.
  Time since last request: 0.000015 seconds.
  path: Assets/Scripts/NPCMovement.cs
  artifactKey: Guid(3eca9a9245fc3a24c9cc42142e2079da) Importer(2089858483,192608db42251d675da83286b1cce702)
Start importing Assets/Scripts/NPCMovement.cs using Guid(3eca9a9245fc3a24c9cc42142e2079da) Importer(2089858483,192608db42251d675da83286b1cce702) (ScriptedImporter) -> (artifact id: 'bb2e45c2979d19483ab0b454fae90d77') in 0.0113235 seconds
Number of updated asset objects reloaded before import = 0Number of asset objects unloaded after import = 0

========================================================================
Received Import Request.
  Time since last request: 0.000016 seconds.
  path: Assets/Tilemaps/Background/Grass.png
  artifactKey: Guid(cbe169b1f1be7883aa8cc7ecf3b8b99e) Importer(2089858483,192608db42251d675da83286b1cce702)
Start importing Assets/Tilemaps/Background/Grass.png using Guid(cbe169b1f1be7883aa8cc7ecf3b8b99e) Importer(2089858483,192608db42251d675da83286b1cce702) (ScriptedImporter) -> (artifact id: '3cc320c1178354bcbd0e312658f53571') in 0.0520349 seconds
Number of updated asset objects reloaded before import = 0Number of asset objects unloaded after import = 3

========================================================================
Received Import Request.
  Time since last request: 0.000022 seconds.
  path: Assets/NavMeshComponents/Scripts/RootSources2d.cs
  artifactKey: Guid(6fec7b7904f76c4498a68fd145934563) Importer(2089858483,192608db42251d675da83286b1cce702)
Start importing Assets/NavMeshComponents/Scripts/RootSources2d.cs using Guid(6fec7b7904f76c4498a68fd145934563) Importer(2089858483,192608db42251d675da83286b1cce702) (ScriptedImporter) -> (artifact id: '3d9b5bd1df0b88c7316bf0cd6992a887') in 0.010897 seconds
Number of updated asset objects reloaded before import = 0Number of asset objects unloaded after import = 0

========================================================================
Received Import Request.
  Time since last request: 0.000013 seconds.
  path: Assets/Settings/UniversalRP.asset
  artifactKey: Guid(681886c5eb7344803b6206f758bf0b1c) Importer(2089858483,192608db42251d675da83286b1cce702)
Start importing Assets/Settings/UniversalRP.asset using Guid(681886c5eb7344803b6206f758bf0b1c) Importer(2089858483,192608db42251d675da83286b1cce702) (ScriptedImporter) -> (artifact id: '11ef6c4636f358eb689f255e8a102749') in 0.0374025 seconds
Number of updated asset objects reloaded before import = 0Number of asset objects unloaded after import = 1

========================================================================
Received Import Request.
  Time since last request: 0.000013 seconds.
  path: Assets/NavMeshComponents/Scripts/NavMeshLink.cs
  artifactKey: Guid(9b9acdb93a5f98644a2e18d4884f04e2) Importer(2089858483,192608db42251d675da83286b1cce702)
Start importing Assets/NavMeshComponents/Scripts/NavMeshLink.cs using Guid(9b9acdb93a5f98644a2e18d4884f04e2) Importer(2089858483,192608db42251d675da83286b1cce702) (ScriptedImporter) -> (artifact id: '32390366b340f9265c5e32721d417ed8') in 0.0109074 seconds
Number of updated asset objects reloaded before import = 0Number of asset objects unloaded after import = 0

========================================================================
Received Import Request.
  Time since last request: 0.000012 seconds.
  path: Assets/PreFabs/Torii.prefab
  artifactKey: Guid(aa3bb7e494c8c4bca8eff3782a11db3b) Importer(2089858483,192608db42251d675da83286b1cce702)
Start importing Assets/PreFabs/Torii.prefab using Guid(aa3bb7e494c8c4bca8eff3782a11db3b) Importer(2089858483,192608db42251d675da83286b1cce702) (ScriptedImporter) -> (artifact id: 'a072d09db18e14b1bc06e6a2d0c66c4f') in 0.0199804 seconds
Number of updated asset objects reloaded before import = 0Number of asset objects unloaded after import = 21

========================================================================
Received Import Request.
  Time since last request: 0.000013 seconds.
  path: Assets/PreFabs/GummyBear.prefab
  artifactKey: Guid(9c08282405e8a47bda2c55dac58aabb8) Importer(2089858483,192608db42251d675da83286b1cce702)
Start importing Assets/PreFabs/GummyBear.prefab using Guid(9c08282405e8a47bda2c55dac58aabb8) Importer(2089858483,192608db42251d675da83286b1cce702) (ScriptedImporter) -> (artifact id: '0ea9382c64bb1fd358b556c5e9d3b808') in 0.0265939 seconds
Number of updated asset objects reloaded before import = 0Number of asset objects unloaded after import = 49

========================================================================
Received Import Request.
  Time since last request: 0.000017 seconds.
  path: Assets/NavMeshComponents/Editor/NavMeshAssetManager.cs
  artifactKey: Guid(0d969266144f4fb47be21604dd1e7900) Importer(2089858483,192608db42251d675da83286b1cce702)
Start importing Assets/NavMeshComponents/Editor/NavMeshAssetManager.cs using Guid(0d969266144f4fb47be21604dd1e7900) Importer(2089858483,192608db42251d675da83286b1cce702) (ScriptedImporter) -> (artifact id: 'acad9cc648a6805e888aed83710e2d15') in 0.0117234 seconds
Number of updated asset objects reloaded before import = 0Number of asset objects unloaded after import = 0

========================================================================
Received Import Request.
  Time since last request: 0.000023 seconds.
  path: Assets/NavMeshComponents/Scripts/RotateAgentSmoothly.cs
  artifactKey: Guid(7f8df5c105d35bd4787c3b4ce3e1c56b) Importer(2089858483,192608db42251d675da83286b1cce702)
Start importing Assets/NavMeshComponents/Scripts/RotateAgentSmoothly.cs using Guid(7f8df5c105d35bd4787c3b4ce3e1c56b) Importer(2089858483,192608db42251d675da83286b1cce702) (ScriptedImporter) -> (artifact id: '85aae1e67fe4bf05066b184e1cfbea1d') in 0.0122039 seconds
Number of updated asset objects reloaded before import = 0Number of asset objects unloaded after import = 0

========================================================================
Received Import Request.
  Time since last request: 0.000012 seconds.
  path: Assets/NavMeshComponents/Scripts/NavMeshBuilder2d.cs
  artifactKey: Guid(fc6dd3809c1761a4e9a227c70117ed54) Importer(2089858483,192608db42251d675da83286b1cce702)
Start importing Assets/NavMeshComponents/Scripts/NavMeshBuilder2d.cs using Guid(fc6dd3809c1761a4e9a227c70117ed54) Importer(2089858483,192608db42251d675da83286b1cce702) (ScriptedImporter) -> (artifact id: '96929f2d679e86c20013164d71c1a52e') in 0.0105275 seconds
Number of updated asset objects reloaded before import = 0Number of asset objects unloaded after import = 0

========================================================================
Received Import Request.
  Time since last request: 0.000014 seconds.
  path: Assets/Tilemaps/Background/River_Vertical_Road_Crossing_Bridge.png
  artifactKey: Guid(0397c6e3b0b567eebad98a547b637486) Importer(2089858483,192608db42251d675da83286b1cce702)
Start importing Assets/Tilemaps/Background/River_Vertical_Road_Crossing_Bridge.png using Guid(0397c6e3b0b567eebad98a547b637486) Importer(2089858483,192608db42251d675da83286b1cce702) (ScriptedImporter) -> (artifact id: '4f03925525c003d802223d465be2e997') in 0.0162174 seconds
Number of updated asset objects reloaded before import = 0Number of asset objects unloaded after import = 3

========================================================================
Received Import Request.
  Time since last request: 0.000014 seconds.
  path: Assets/Tilemaps/Background/Path_Vertical.png
  artifactKey: Guid(e9b93e6d084bb5a85a3851c677d1adf4) Importer(2089858483,192608db42251d675da83286b1cce702)
Start importing Assets/Tilemaps/Background/Path_Vertical.png using Guid(e9b93e6d084bb5a85a3851c677d1adf4) Importer(2089858483,192608db42251d675da83286b1cce702) (ScriptedImporter) -> (artifact id: '27539a1c20061f1600655c5f282c99a1') in 0.0163545 seconds
Number of updated asset objects reloaded before import = 0Number of asset objects unloaded after import = 3

========================================================================
Received Import Request.
  Time since last request: 0.000013 seconds.
  path: Assets/Tilemaps/Background/Road_L_Reverse.asset
  artifactKey: Guid(3571cb0307d5de9fbbc68404c986ca39) Importer(2089858483,192608db42251d675da83286b1cce702)
Start importing Assets/Tilemaps/Background/Road_L_Reverse.asset using Guid(3571cb0307d5de9fbbc68404c986ca39) Importer(2089858483,192608db42251d675da83286b1cce702) (ScriptedImporter) -> (artifact id: '40676e94bfcff805c53d468da5fb8082') in 0.0185227 seconds
Number of updated asset objects reloaded before import = 0Number of asset objects unloaded after import = 2

========================================================================
Received Import Request.
  Time since last request: 0.000015 seconds.
  path: Assets/NavMeshComponents/Scripts/NavMeshExtensionsProvider.cs
  artifactKey: Guid(dc9c5ff0af7a2f247a2c64921cf9d045) Importer(2089858483,192608db42251d675da83286b1cce702)
Start importing Assets/NavMeshComponents/Scripts/NavMeshExtensionsProvider.cs using Guid(dc9c5ff0af7a2f247a2c64921cf9d045) Importer(2089858483,192608db42251d675da83286b1cce702) (ScriptedImporter) -> (artifact id: '43a0ce07724a7770d898e2822d9a9201') in 0.0113735 seconds
Number of updated asset objects reloaded before import = 0Number of asset objects unloaded after import = 0

========================================================================
Received Import Request.
  Time since last request: 0.000019 seconds.
  path: Assets/NavMeshComponents/Editor/AgentOverride2dEditor.cs
  artifactKey: Guid(86cc6cf350c6f62469395948494f0945) Importer(2089858483,192608db42251d675da83286b1cce702)
Start importing Assets/NavMeshComponents/Editor/AgentOverride2dEditor.cs using Guid(86cc6cf350c6f62469395948494f0945) Importer(2089858483,192608db42251d675da83286b1cce702) (ScriptedImporter) -> (artifact id: '689bf606f267a0a39a22246087b60a95') in 0.0097578 seconds
Number of updated asset objects reloaded before import = 0Number of asset objects unloaded after import = 0

========================================================================
Received Import Request.
  Time since last request: 0.000013 seconds.
  path: Assets/NavMeshComponents/Scripts/CollectTilemapSourcesCache2d.cs
  artifactKey: Guid(4db9c2c5aca397f41a57740bd678fd51) Importer(2089858483,192608db42251d675da83286b1cce702)
Start importing Assets/NavMeshComponents/Scripts/CollectTilemapSourcesCache2d.cs using Guid(4db9c2c5aca397f41a57740bd678fd51) Importer(2089858483,192608db42251d675da83286b1cce702) (ScriptedImporter) -> (artifact id: '6ddff663813961ce8046fe5e6da7f46d') in 0.0100531 seconds
Number of updated asset objects reloaded before import = 0Number of asset objects unloaded after import = 0

========================================================================
Received Import Request.
  Time since last request: 0.000014 seconds.
  path: Assets/PreFabs/Player.prefab
  artifactKey: Guid(7a6eaa233892646418fa84584db1b57d) Importer(2089858483,192608db42251d675da83286b1cce702)
Start importing Assets/PreFabs/Player.prefab using Guid(7a6eaa233892646418fa84584db1b57d) Importer(2089858483,192608db42251d675da83286b1cce702) (ScriptedImporter) -> (artifact id: '4b323eac0fa9bac45a4828c98a287fa6') in 0.028091 seconds
Number of updated asset objects reloaded before import = 0Number of asset objects unloaded after import = 30

========================================================================
Received Import Request.
  Time since last request: 0.000013 seconds.
  path: Assets/Tilemaps/Background/Cleansing_Water.png
  artifactKey: Guid(0de0c68f51c6250bc89434ce08a94138) Importer(2089858483,192608db42251d675da83286b1cce702)
Start importing Assets/Tilemaps/Background/Cleansing_Water.png using Guid(0de0c68f51c6250bc89434ce08a94138) Importer(2089858483,192608db42251d675da83286b1cce702) (ScriptedImporter) -> (artifact id: '70d477849c44cbf8b089da9faf9409cf') in 0.0194649 seconds
Number of updated asset objects reloaded before import = 0Number of asset objects unloaded after import = 3

========================================================================
Received Import Request.
  Time since last request: 0.000025 seconds.
  path: Assets/Tilemaps/Background/Trees_1.asset
  artifactKey: Guid(b45a5d1502194f4fc9e814f21f4d028f) Importer(2089858483,192608db42251d675da83286b1cce702)
Start importing Assets/Tilemaps/Background/Trees_1.asset using Guid(b45a5d1502194f4fc9e814f21f4d028f) Importer(2089858483,192608db42251d675da83286b1cce702) (ScriptedImporter) -> (artifact id: '7eb39c9cd9af644e36423fe3ef996e6d') in 0.014577 seconds
Number of updated asset objects reloaded before import = 0Number of asset objects unloaded after import = 2

========================================================================
Received Import Request.
  Time since last request: 0.000016 seconds.
  path: Assets/Tilemaps/Background/River_Vertical_End_Bottom.png
  artifactKey: Guid(06d1bb7a9395bf01799e7f0255e9cc13) Importer(2089858483,192608db42251d675da83286b1cce702)
Start importing Assets/Tilemaps/Background/River_Vertical_End_Bottom.png using Guid(06d1bb7a9395bf01799e7f0255e9cc13) Importer(2089858483,192608db42251d675da83286b1cce702) (ScriptedImporter) -> (artifact id: '1654db325142d85fc8f6a41eeae2fb47') in 0.0174319 seconds
Number of updated asset objects reloaded before import = 0Number of asset objects unloaded after import = 3

========================================================================
Received Import Request.
  Time since last request: 0.000020 seconds.
  path: Assets/PreFabs/Bullet 1.prefab
  artifactKey: Guid(356f28c039e5a441082f759187f105b9) Importer(2089858483,192608db42251d675da83286b1cce702)
Start importing Assets/PreFabs/Bullet 1.prefab using Guid(356f28c039e5a441082f759187f105b9) Importer(2089858483,192608db42251d675da83286b1cce702) (ScriptedImporter) -> (artifact id: '9b61752b6565a916fc6fab23f1a550e4') in 0.0190481 seconds
Number of updated asset objects reloaded before import = 0Number of asset objects unloaded after import = 10

========================================================================
Received Import Request.
  Time since last request: 0.000015 seconds.
  path: Assets/Tilemaps/Background/Trees_5.asset
  artifactKey: Guid(4f9644b6e087b3f93a55de7298eaefb8) Importer(2089858483,192608db42251d675da83286b1cce702)
Start importing Assets/Tilemaps/Background/Trees_5.asset using Guid(4f9644b6e087b3f93a55de7298eaefb8) Importer(2089858483,192608db42251d675da83286b1cce702) (ScriptedImporter) -> (artifact id: '42c9932ffe5669b632a2fdbb71dadfdc') in 0.0114938 seconds
Number of updated asset objects reloaded before import = 0Number of asset objects unloaded after import = 2

========================================================================
Received Import Request.
  Time since last request: 0.000013 seconds.
  path: Assets/Tilemaps/Background/Trees_7.png
  artifactKey: Guid(69684dc664a417f44a8b85a1602bcef0) Importer(2089858483,192608db42251d675da83286b1cce702)
Start importing Assets/Tilemaps/Background/Trees_7.png using Guid(69684dc664a417f44a8b85a1602bcef0) Importer(2089858483,192608db42251d675da83286b1cce702) (ScriptedImporter) -> (artifact id: '9d827df800a387fd418600b9a68fff75') in 0.0244721 seconds
Number of updated asset objects reloaded before import = 0Number of asset objects unloaded after import = 3

========================================================================
Received Import Request.
  Time since last request: 0.000015 seconds.
  path: Assets/Tilemaps/Background/Trees_3.png
  artifactKey: Guid(298602d7140d42003907fee3a5747ee2) Importer(2089858483,192608db42251d675da83286b1cce702)
Start importing Assets/Tilemaps/Background/Trees_3.png using Guid(298602d7140d42003907fee3a5747ee2) Importer(2089858483,192608db42251d675da83286b1cce702) (ScriptedImporter) -> (artifact id: 'ec5b2ed0db39f1b5f86b879885791347') in 0.0182347 seconds
Number of updated asset objects reloaded before import = 0Number of asset objects unloaded after import = 3

========================================================================
Received Import Request.
  Time since last request: 0.000017 seconds.
  path: Assets/Tilemaps/Background/Trees_5.png
  artifactKey: Guid(ce65430839d30770e97f15e15b7a5467) Importer(2089858483,192608db42251d675da83286b1cce702)
Start importing Assets/Tilemaps/Background/Trees_5.png using Guid(ce65430839d30770e97f15e15b7a5467) Importer(2089858483,192608db42251d675da83286b1cce702) (ScriptedImporter) -> (artifact id: '0020a6589c53b4a315396a1e0af33455') in 0.0195539 seconds
Number of updated asset objects reloaded before import = 0Number of asset objects unloaded after import = 3

========================================================================
Received Import Request.
  Time since last request: 0.000032 seconds.
  path: Assets/TextMesh Pro/Shaders/TMPro_Properties.cginc
  artifactKey: Guid(3997e2241185407d80309a82f9148466) Importer(2089858483,192608db42251d675da83286b1cce702)
Start importing Assets/TextMesh Pro/Shaders/TMPro_Properties.cginc using Guid(3997e2241185407d80309a82f9148466) Importer(2089858483,192608db42251d675da83286b1cce702) (ScriptedImporter) -> (artifact id: '2a5ed4414b6f994df5baab5490c65c38') in 0.0130919 seconds
Number of updated asset objects reloaded before import = 0Number of asset objects unloaded after import = 1

========================================================================
Received Import Request.
  Time since last request: 0.000013 seconds.
  path: Assets/NavMeshComponents/Editor/NavMeshAgentAttributePropertyDrawer.cs
  artifactKey: Guid(1d43a96ce80684449a8b4eee132e5d47) Importer(2089858483,192608db42251d675da83286b1cce702)
Start importing Assets/NavMeshComponents/Editor/NavMeshAgentAttributePropertyDrawer.cs using Guid(1d43a96ce80684449a8b4eee132e5d47) Importer(2089858483,192608db42251d675da83286b1cce702) (ScriptedImporter) -> (artifact id: '0c8ff8d8c011625ba8752392339bd8d6') in 0.0112059 seconds
Number of updated asset objects reloaded before import = 0Number of asset objects unloaded after import = 0

========================================================================
Received Import Request.
  Time since last request: 0.000013 seconds.
  path: Assets/TextMesh Pro/Fonts/LiberationSans - OFL.txt
  artifactKey: Guid(6e59c59b81ab47f9b6ec5781fa725d2c) Importer(2089858483,192608db42251d675da83286b1cce702)
Start importing Assets/TextMesh Pro/Fonts/LiberationSans - OFL.txt using Guid(6e59c59b81ab47f9b6ec5781fa725d2c) Importer(2089858483,192608db42251d675da83286b1cce702) (ScriptedImporter) -> (artifact id: '6d450ceaf3d8c3bb9419ddb258bb9a25') in 0.0109622 seconds
Number of updated asset objects reloaded before import = 0Number of asset objects unloaded after import = 1

========================================================================
Received Import Request.
  Time since last request: 0.000014 seconds.
  path: Assets/Tilemaps/Background/River_Vertical.asset
  artifactKey: Guid(4a419c086214c675293bdd7fdaf0ebe6) Importer(2089858483,192608db42251d675da83286b1cce702)
Start importing Assets/Tilemaps/Background/River_Vertical.asset using Guid(4a419c086214c675293bdd7fdaf0ebe6) Importer(2089858483,192608db42251d675da83286b1cce702) (ScriptedImporter) -> (artifact id: 'eb5b59dca0af1cdcf3aaac61de3107d6') in 0.0118967 seconds
Number of updated asset objects reloaded before import = 0Number of asset objects unloaded after import = 2

========================================================================
Received Import Request.
  Time since last request: 0.000014 seconds.
  path: Assets/Tilemaps/Background/Trees_7.asset
  artifactKey: Guid(815091878f8a1f956aa8174029a281ed) Importer(2089858483,192608db42251d675da83286b1cce702)
Start importing Assets/Tilemaps/Background/Trees_7.asset using Guid(815091878f8a1f956aa8174029a281ed) Importer(2089858483,192608db42251d675da83286b1cce702) (ScriptedImporter) -> (artifact id: '43d846ea976389085c350de477addd71') in 0.0137896 seconds
Number of updated asset objects reloaded before import = 0Number of asset objects unloaded after import = 2

========================================================================
Received Import Request.
  Time since last request: 0.000014 seconds.
  path: Assets/Tilemaps/Background/Path_T.asset
  artifactKey: Guid(0fb37d27773d3473b9fb5ad52428f316) Importer(2089858483,192608db42251d675da83286b1cce702)
Start importing Assets/Tilemaps/Background/Path_T.asset using Guid(0fb37d27773d3473b9fb5ad52428f316) Importer(2089858483,192608db42251d675da83286b1cce702) (ScriptedImporter) -> (artifact id: '72f841b068a07fcbb7406acbc32e04ef') in 0.0135697 seconds
Number of updated asset objects reloaded before import = 0Number of asset objects unloaded after import = 2

========================================================================
Received Import Request.
  Time since last request: 0.000024 seconds.
  path: Assets/Tilemaps/Background/Water_5.asset
  artifactKey: Guid(8d51bccc5e8575f1185a216f6e923b81) Importer(2089858483,192608db42251d675da83286b1cce702)
Start importing Assets/Tilemaps/Background/Water_5.asset using Guid(8d51bccc5e8575f1185a216f6e923b81) Importer(2089858483,192608db42251d675da83286b1cce702) (ScriptedImporter) -> (artifact id: '51836e61ab8a4dcd9bb33fefd2c240df') in 0.0113722 seconds
Number of updated asset objects reloaded before import = 0Number of asset objects unloaded after import = 2

========================================================================
Received Import Request.
  Time since last request: 0.000013 seconds.
  path: Assets/Tilemaps/GummyBear/Gummy_Bear_Walk_Left_1.png
  artifactKey: Guid(3a3878fe1cc423b19a40ecb500f881fb) Importer(2089858483,192608db42251d675da83286b1cce702)
Start importing Assets/Tilemaps/GummyBear/Gummy_Bear_Walk_Left_1.png using Guid(3a3878fe1cc423b19a40ecb500f881fb) Importer(2089858483,192608db42251d675da83286b1cce702) (ScriptedImporter) -> (artifact id: '434afefbaa16744ab037a94214aea98c') in 0.018311 seconds
Number of updated asset objects reloaded before import = 0Number of asset objects unloaded after import = 3

========================================================================
Received Import Request.
  Time since last request: 0.000015 seconds.
  path: Assets/Tilemaps/GummyBear/Gummy_Bear_Walk_Left.anim
  artifactKey: Guid(0fc2fcab70e37ebcc9488e753e73851c) Importer(2089858483,192608db42251d675da83286b1cce702)
Start importing Assets/Tilemaps/GummyBear/Gummy_Bear_Walk_Left.anim using Guid(0fc2fcab70e37ebcc9488e753e73851c) Importer(2089858483,192608db42251d675da83286b1cce702) (ScriptedImporter) -> (artifact id: '667e4e5b7b0db31dbed62414f16cbed7') in 0.0137789 seconds
Number of updated asset objects reloaded before import = 0Number of asset objects unloaded after import = 1

========================================================================
Received Import Request.
  Time since last request: 0.000014 seconds.
  path: Assets/Tilemaps/Background/Water_3.png
  artifactKey: Guid(6fe5467849182aa92be8c4bea859db6b) Importer(2089858483,192608db42251d675da83286b1cce702)
Start importing Assets/Tilemaps/Background/Water_3.png using Guid(6fe5467849182aa92be8c4bea859db6b) Importer(2089858483,192608db42251d675da83286b1cce702) (ScriptedImporter) -> (artifact id: '1e181712924238981bc6d159096472de') in 0.0156711 seconds
Number of updated asset objects reloaded before import = 0Number of asset objects unloaded after import = 3

========================================================================
Received Import Request.
  Time since last request: 0.000015 seconds.
  path: Assets/Tilemaps/GummyBear/Gummy_Bear_Walk_Fwd_1.png
  artifactKey: Guid(7be6550f09ce7dc7998715b9cd1208f4) Importer(2089858483,192608db42251d675da83286b1cce702)
Start importing Assets/Tilemaps/GummyBear/Gummy_Bear_Walk_Fwd_1.png using Guid(7be6550f09ce7dc7998715b9cd1208f4) Importer(2089858483,192608db42251d675da83286b1cce702) (ScriptedImporter) -> (artifact id: '73b90ed9978fe279040a732e87474b21') in 0.016337 seconds
Number of updated asset objects reloaded before import = 0Number of asset objects unloaded after import = 3

========================================================================
Received Import Request.
  Time since last request: 0.000017 seconds.
  path: Assets/TextMesh Pro/Shaders/TMP_SDF-Surface-Mobile.shader
  artifactKey: Guid(85187c2149c549c5b33f0cdb02836b17) Importer(2089858483,192608db42251d675da83286b1cce702)
Start importing Assets/TextMesh Pro/Shaders/TMP_SDF-Surface-Mobile.shader using Guid(85187c2149c549c5b33f0cdb02836b17) Importer(2089858483,192608db42251d675da83286b1cce702) (ScriptedImporter) -> (artifact id: '79c7457051927864ff283373f3368c90') in 0.0107726 seconds
Number of updated asset objects reloaded before import = 0Number of asset objects unloaded after import = 1

========================================================================
Received Import Request.
  Time since last request: 0.000022 seconds.
  path: Assets/Tilemaps/Background/Trees_6.png
  artifactKey: Guid(7ac14e45d0f2ef2db8fd2834100a1a81) Importer(2089858483,192608db42251d675da83286b1cce702)
Start importing Assets/Tilemaps/Background/Trees_6.png using Guid(7ac14e45d0f2ef2db8fd2834100a1a81) Importer(2089858483,192608db42251d675da83286b1cce702) (ScriptedImporter) -> (artifact id: '6c9740367339e0361532d4f9daa7c2c8') in 0.0173244 seconds
Number of updated asset objects reloaded before import = 0Number of asset objects unloaded after import = 3

========================================================================
Received Import Request.
  Time since last request: 0.000014 seconds.
  path: Assets/Tilemaps/Background/Wall.asset
  artifactKey: Guid(6716828ca1abbfe4fbdc369f41e95790) Importer(2089858483,192608db42251d675da83286b1cce702)
Start importing Assets/Tilemaps/Background/Wall.asset using Guid(6716828ca1abbfe4fbdc369f41e95790) Importer(2089858483,192608db42251d675da83286b1cce702) (ScriptedImporter) -> (artifact id: 'ef9b125585d45d794f9e4bc70f084c9d') in 0.0112009 seconds
Number of updated asset objects reloaded before import = 0Number of asset objects unloaded after import = 2

========================================================================
Received Import Request.
  Time since last request: 0.000014 seconds.
  path: Assets/TextMesh Pro/Shaders/TMPro_Mobile.cginc
  artifactKey: Guid(c334973cef89a9840b0b0c507e0377ab) Importer(2089858483,192608db42251d675da83286b1cce702)
Start importing Assets/TextMesh Pro/Shaders/TMPro_Mobile.cginc using Guid(c334973cef89a9840b0b0c507e0377ab) Importer(2089858483,192608db42251d675da83286b1cce702) (ScriptedImporter) -> (artifact id: '7f6d9a994d30930dac299fb20ddc8222') in 0.0098695 seconds
Number of updated asset objects reloaded before import = 0Number of asset objects unloaded after import = 1

========================================================================
Received Import Request.
  Time since last request: 0.000014 seconds.
  path: Assets/Tilemaps/Background/Wall.png
  artifactKey: Guid(a4d786aec649a6846b279cec22a4086a) Importer(2089858483,192608db42251d675da83286b1cce702)
Start importing Assets/Tilemaps/Background/Wall.png using Guid(a4d786aec649a6846b279cec22a4086a) Importer(2089858483,192608db42251d675da83286b1cce702) (ScriptedImporter) -> (artifact id: '70a4b77ecfca4cbca3cdd67fed2f84fc') in 0.0171636 seconds
Number of updated asset objects reloaded before import = 0Number of asset objects unloaded after import = 3

========================================================================
Received Import Request.
  Time since last request: 0.000013 seconds.
  path: Assets/NavMeshComponents/Scripts/RotateAgentInstantly.cs
  artifactKey: Guid(5b304bdab91a28c469562d02b8225df3) Importer(2089858483,192608db42251d675da83286b1cce702)
Start importing Assets/NavMeshComponents/Scripts/RotateAgentInstantly.cs using Guid(5b304bdab91a28c469562d02b8225df3) Importer(2089858483,192608db42251d675da83286b1cce702) (ScriptedImporter) -> (artifact id: 'fa90af8644657153ec8520b0f36d6d93') in 0.0109666 seconds
Number of updated asset objects reloaded before import = 0Number of asset objects unloaded after import = 0

========================================================================
Received Import Request.
  Time since last request: 0.000014 seconds.
  path: Assets/TextMesh Pro/Shaders/TMP_SDF-Mobile Overlay.shader
  artifactKey: Guid(a02a7d8c237544f1962732b55a9aebf1) Importer(2089858483,192608db42251d675da83286b1cce702)
Start importing Assets/TextMesh Pro/Shaders/TMP_SDF-Mobile Overlay.shader using Guid(a02a7d8c237544f1962732b55a9aebf1) Importer(2089858483,192608db42251d675da83286b1cce702) (ScriptedImporter) -> (artifact id: 'b5ae2afafdc07f9792a1bffec3fcaedc') in 0.0119886 seconds
Number of updated asset objects reloaded before import = 0Number of asset objects unloaded after import = 1

========================================================================
Received Import Request.
  Time since last request: 0.000017 seconds.
  path: Assets/Tilemaps/Background/Trees_10.png
  artifactKey: Guid(8fbb371c6ece383aa925dca96e45dea4) Importer(2089858483,192608db42251d675da83286b1cce702)
Start importing Assets/Tilemaps/Background/Trees_10.png using Guid(8fbb371c6ece383aa925dca96e45dea4) Importer(2089858483,192608db42251d675da83286b1cce702) (ScriptedImporter) -> (artifact id: 'd691d68be655ac72a9d7ac55b251ef0f') in 0.0171495 seconds
Number of updated asset objects reloaded before import = 0Number of asset objects unloaded after import = 3

========================================================================
Received Import Request.
  Time since last request: 0.000022 seconds.
  path: Assets/NavMeshComponents/Editor/NavMeshAreaAttributePropertyDrawer.cs
  artifactKey: Guid(51136e93cfad4dd7883ae6248247b6a2) Importer(2089858483,192608db42251d675da83286b1cce702)
Start importing Assets/NavMeshComponents/Editor/NavMeshAreaAttributePropertyDrawer.cs using Guid(51136e93cfad4dd7883ae6248247b6a2) Importer(2089858483,192608db42251d675da83286b1cce702) (ScriptedImporter) -> (artifact id: 'aa16d5da8bb09c9ef267650b14bb4e7a') in 0.0107009 seconds
Number of updated asset objects reloaded before import = 0Number of asset objects unloaded after import = 0

========================================================================
Received Import Request.
  Time since last request: 0.000014 seconds.
  path: Assets/PreFabs/Boss.prefab
  artifactKey: Guid(f11bfb25ef98443daae74b7f289b2d37) Importer(2089858483,192608db42251d675da83286b1cce702)
Start importing Assets/PreFabs/Boss.prefab using Guid(f11bfb25ef98443daae74b7f289b2d37) Importer(2089858483,192608db42251d675da83286b1cce702) (ScriptedImporter) -> (artifact id: '41897162fe25731476fd3465ce49fe63') in 0.0212272 seconds
Number of updated asset objects reloaded before import = 0Number of asset objects unloaded after import = 25

========================================================================
Received Import Request.
  Time since last request: 0.000014 seconds.
  path: Assets/Tilemaps/Background/Road_L.png
  artifactKey: Guid(6776fb539cccd496e81490866b03aa93) Importer(2089858483,192608db42251d675da83286b1cce702)
Start importing Assets/Tilemaps/Background/Road_L.png using Guid(6776fb539cccd496e81490866b03aa93) Importer(2089858483,192608db42251d675da83286b1cce702) (ScriptedImporter) -> (artifact id: '9b70660a268a9251e585665f4fa34006') in 0.0158337 seconds
Number of updated asset objects reloaded before import = 0Number of asset objects unloaded after import = 3

========================================================================
Received Import Request.
  Time since last request: 0.000015 seconds.
  path: Assets/Tilemaps/GummyBear/Gummy_Bear_Walk_2.png
  artifactKey: Guid(b9f2f61748af62aaca8e2a17c7d10999) Importer(2089858483,192608db42251d675da83286b1cce702)
Start importing Assets/Tilemaps/GummyBear/Gummy_Bear_Walk_2.png using Guid(b9f2f61748af62aaca8e2a17c7d10999) Importer(2089858483,192608db42251d675da83286b1cce702) (ScriptedImporter) -> (artifact id: 'd3d085775cc60406573b59d5d815b17a') in 0.0190127 seconds
Number of updated asset objects reloaded before import = 0Number of asset objects unloaded after import = 3

========================================================================
Received Import Request.
  Time since last request: 0.000012 seconds.
  path: Assets/PreFabs/Wall.prefab
  artifactKey: Guid(1b277471dc3261c48b5ccd7fda21954f) Importer(2089858483,192608db42251d675da83286b1cce702)
Start importing Assets/PreFabs/Wall.prefab using Guid(1b277471dc3261c48b5ccd7fda21954f) Importer(2089858483,192608db42251d675da83286b1cce702) (ScriptedImporter) -> (artifact id: 'e22f28b5569ef486dd58b2283bcd2b90') in 0.0134814 seconds
Number of updated asset objects reloaded before import = 0Number of asset objects unloaded after import = 7

========================================================================
Received Import Request.
  Time since last request: 0.000016 seconds.
  path: Assets/Tilemaps/GummyBear/Gummy_Bear_Walk_1.png
  artifactKey: Guid(1a5efe64b71991714b8fe9c25c904984) Importer(2089858483,192608db42251d675da83286b1cce702)
Start importing Assets/Tilemaps/GummyBear/Gummy_Bear_Walk_1.png using Guid(1a5efe64b71991714b8fe9c25c904984) Importer(2089858483,192608db42251d675da83286b1cce702) (ScriptedImporter) -> (artifact id: '2ee15a5c127301da75fc72a7b7e7a224') in 0.0156883 seconds
Number of updated asset objects reloaded before import = 0Number of asset objects unloaded after import = 3

========================================================================
Received Import Request.
  Time since last request: 0.000021 seconds.
  path: Assets/Tilemaps/Background/Path_Horizontal.asset
  artifactKey: Guid(ed99a9420e4e9b5f08613877a5914dc8) Importer(2089858483,192608db42251d675da83286b1cce702)
Start importing Assets/Tilemaps/Background/Path_Horizontal.asset using Guid(ed99a9420e4e9b5f08613877a5914dc8) Importer(2089858483,192608db42251d675da83286b1cce702) (ScriptedImporter) -> (artifact id: '5c8277c68c71f86422cc74a81639bca3') in 0.0104222 seconds
Number of updated asset objects reloaded before import = 0Number of asset objects unloaded after import = 2

========================================================================
Received Import Request.
  Time since last request: 0.000014 seconds.
  path: Assets/NavMeshComponents/Editor/NavMeshModifierVolumeEditor.cs
  artifactKey: Guid(5999826ec8e37f74a80d7f6ee2700a3a) Importer(2089858483,192608db42251d675da83286b1cce702)
Start importing Assets/NavMeshComponents/Editor/NavMeshModifierVolumeEditor.cs using Guid(5999826ec8e37f74a80d7f6ee2700a3a) Importer(2089858483,192608db42251d675da83286b1cce702) (ScriptedImporter) -> (artifact id: '020696a3dc1710754977ce98af43c0b1') in 0.0103004 seconds
Number of updated asset objects reloaded before import = 0Number of asset objects unloaded after import = 0

========================================================================
Received Import Request.
  Time since last request: 0.000012 seconds.
  path: Assets/Tilemaps/GummyBear/Gummy_Bear_Idle.anim
  artifactKey: Guid(efa084e6109f3c4c7acdc3d855d30466) Importer(2089858483,192608db42251d675da83286b1cce702)
Start importing Assets/Tilemaps/GummyBear/Gummy_Bear_Idle.anim using Guid(efa084e6109f3c4c7acdc3d855d30466) Importer(2089858483,192608db42251d675da83286b1cce702) (ScriptedImporter) -> (artifact id: 'fb27af825447b0f6a5f8f37fab681f3e') in 0.0108907 seconds
Number of updated asset objects reloaded before import = 0Number of asset objects unloaded after import = 1

========================================================================
Received Import Request.
  Time since last request: 0.000014 seconds.
  path: Assets/Tilemaps/Background/Trees_9.asset
  artifactKey: Guid(bdf3e61221f0df41ea038cf36cfdac6d) Importer(2089858483,192608db42251d675da83286b1cce702)
Start importing Assets/Tilemaps/Background/Trees_9.asset using Guid(bdf3e61221f0df41ea038cf36cfdac6d) Importer(2089858483,192608db42251d675da83286b1cce702) (ScriptedImporter) -> (artifact id: 'e9952a63b49694caa18e5ad49e4d69aa') in 0.0117882 seconds
Number of updated asset objects reloaded before import = 0Number of asset objects unloaded after import = 2

========================================================================
Received Import Request.
  Time since last request: 0.000017 seconds.
  path: Assets/Tilemaps/Background/Water_4.asset
  artifactKey: Guid(fedf4b888723b305cb4c559291030672) Importer(2089858483,192608db42251d675da83286b1cce702)
Start importing Assets/Tilemaps/Background/Water_4.asset using Guid(fedf4b888723b305cb4c559291030672) Importer(2089858483,192608db42251d675da83286b1cce702) (ScriptedImporter) -> (artifact id: 'b6f2be345647c5492b9fd189a2513bf1') in 0.0118005 seconds
Number of updated asset objects reloaded before import = 0Number of asset objects unloaded after import = 2

========================================================================
Received Import Request.
  Time since last request: 0.000014 seconds.
  path: Assets/Tilemaps/Background/Trees_4.png
  artifactKey: Guid(83a8d1611c0b54aa19a78ea5ecf528a7) Importer(2089858483,192608db42251d675da83286b1cce702)
Start importing Assets/Tilemaps/Background/Trees_4.png using Guid(83a8d1611c0b54aa19a78ea5ecf528a7) Importer(2089858483,192608db42251d675da83286b1cce702) (ScriptedImporter) -> (artifact id: 'd197afc90f8ce7663147ec874e58a952') in 0.018168 seconds
Number of updated asset objects reloaded before import = 0Number of asset objects unloaded after import = 3

========================================================================
Received Import Request.
  Time since last request: 0.000033 seconds.
  path: Assets/NavMeshComponents/Scripts/NavMeshComponents.asmdef
  artifactKey: Guid(299beb10465c46f41abeaf10478b4727) Importer(2089858483,192608db42251d675da83286b1cce702)
Start importing Assets/NavMeshComponents/Scripts/NavMeshComponents.asmdef using Guid(299beb10465c46f41abeaf10478b4727) Importer(2089858483,192608db42251d675da83286b1cce702) (ScriptedImporter) -> (artifact id: 'b9c4e73820a898daced075b714a4aa27') in 0.011401 seconds
Number of updated asset objects reloaded before import = 0Number of asset objects unloaded after import = 1

========================================================================
Received Import Request.
  Time since last request: 0.000021 seconds.
  path: Assets/Tilemaps/Background/River_Vertical_End_Top.png
  artifactKey: Guid(115d3ee456f7b1480a78d3b146c865e4) Importer(2089858483,192608db42251d675da83286b1cce702)
Start importing Assets/Tilemaps/Background/River_Vertical_End_Top.png using Guid(115d3ee456f7b1480a78d3b146c865e4) Importer(2089858483,192608db42251d675da83286b1cce702) (ScriptedImporter) -> (artifact id: '887ebceae35b38976dd5b50a05f1d00f') in 0.0187317 seconds
Number of updated asset objects reloaded before import = 0Number of asset objects unloaded after import = 3

========================================================================
Received Import Request.
  Time since last request: 0.000015 seconds.
  path: Assets/Tilemaps/Background/Path_Bottom_Right.asset
  artifactKey: Guid(49183a706b53dbbf7a18a0b97400aa69) Importer(2089858483,192608db42251d675da83286b1cce702)
Start importing Assets/Tilemaps/Background/Path_Bottom_Right.asset using Guid(49183a706b53dbbf7a18a0b97400aa69) Importer(2089858483,192608db42251d675da83286b1cce702) (ScriptedImporter) -> (artifact id: '4f6192f1b8fbf706b38c1c199ccee54f') in 0.0126136 seconds
Number of updated asset objects reloaded before import = 0Number of asset objects unloaded after import = 2

========================================================================
Received Import Request.
  Time since last request: 0.000015 seconds.
  path: Assets/NavMeshComponents/Scripts/NavMeshModifierTilemap.cs
  artifactKey: Guid(709c8d6349be44c68dff3d220992400c) Importer(2089858483,192608db42251d675da83286b1cce702)
Start importing Assets/NavMeshComponents/Scripts/NavMeshModifierTilemap.cs using Guid(709c8d6349be44c68dff3d220992400c) Importer(2089858483,192608db42251d675da83286b1cce702) (ScriptedImporter) -> (artifact id: '6214cecd2234dc97d515a97a8aaad2af') in 0.0130142 seconds
Number of updated asset objects reloaded before import = 0Number of asset objects unloaded after import = 0

========================================================================
Received Import Request.
  Time since last request: 0.000015 seconds.
  path: Assets/Tilemaps/Background/Water_2.asset
  artifactKey: Guid(865cfece79e9473fa82122fd6c3b9e7c) Importer(2089858483,192608db42251d675da83286b1cce702)
Start importing Assets/Tilemaps/Background/Water_2.asset using Guid(865cfece79e9473fa82122fd6c3b9e7c) Importer(2089858483,192608db42251d675da83286b1cce702) (ScriptedImporter) -> (artifact id: 'dc38cb4d27b0fd4db7eaea02dc157c59') in 0.0112196 seconds
Number of updated asset objects reloaded before import = 0Number of asset objects unloaded after import = 2

========================================================================
Received Import Request.
  Time since last request: 0.000015 seconds.
  path: Assets/Tilemaps/Background/Path_Bottom_Left.asset
  artifactKey: Guid(32c9455f797313c299f3b57491e1527d) Importer(2089858483,192608db42251d675da83286b1cce702)
Start importing Assets/Tilemaps/Background/Path_Bottom_Left.asset using Guid(32c9455f797313c299f3b57491e1527d) Importer(2089858483,192608db42251d675da83286b1cce702) (ScriptedImporter) -> (artifact id: '2a2083a472eb9ba3baa2682643f8bfbc') in 0.0120875 seconds
Number of updated asset objects reloaded before import = 0Number of asset objects unloaded after import = 2

========================================================================
Received Import Request.
  Time since last request: 0.000017 seconds.
  path: Assets/Tilemaps/Background/Trees_2.asset
  artifactKey: Guid(53caa551088d74b3cac74dc768a57ad3) Importer(2089858483,192608db42251d675da83286b1cce702)
Start importing Assets/Tilemaps/Background/Trees_2.asset using Guid(53caa551088d74b3cac74dc768a57ad3) Importer(2089858483,192608db42251d675da83286b1cce702) (ScriptedImporter) -> (artifact id: 'a1ec5ec3ee3f9516643b2b8d07a91663') in 0.012021 seconds
Number of updated asset objects reloaded before import = 0Number of asset objects unloaded after import = 2

========================================================================
Received Import Request.
  Time since last request: 0.000023 seconds.
  path: Assets/Scenes/TalisScene.unity
  artifactKey: Guid(d0f23103dac5ea52e9d9f638f23ff3b1) Importer(2089858483,192608db42251d675da83286b1cce702)
Start importing Assets/Scenes/TalisScene.unity using Guid(d0f23103dac5ea52e9d9f638f23ff3b1) Importer(2089858483,192608db42251d675da83286b1cce702) (ScriptedImporter) -> (artifact id: 'd8edf30a8d7c789f057235e045fe4c95') in 0.016673 seconds
Number of updated asset objects reloaded before import = 0Number of asset objects unloaded after import = 1

========================================================================
Received Import Request.
  Time since last request: 0.000012 seconds.
  path: Assets/Scripts/GummyBearController.cs
  artifactKey: Guid(4b7352cadb3cd2f8a9719b00fb825dc0) Importer(2089858483,192608db42251d675da83286b1cce702)
Start importing Assets/Scripts/GummyBearController.cs using Guid(4b7352cadb3cd2f8a9719b00fb825dc0) Importer(2089858483,192608db42251d675da83286b1cce702) (ScriptedImporter) -> (artifact id: '5b84533e4cd2f936f336c0186e5355c3') in 0.0099772 seconds
Number of updated asset objects reloaded before import = 0Number of asset objects unloaded after import = 0

========================================================================
Received Import Request.
  Time since last request: 0.000017 seconds.
  path: Assets/Settings/Lit2DSceneTemplate.scenetemplate
  artifactKey: Guid(d03ed43fc9d8a4f2e9fa70c1c7916eb9) Importer(2089858483,192608db42251d675da83286b1cce702)
Start importing Assets/Settings/Lit2DSceneTemplate.scenetemplate using Guid(d03ed43fc9d8a4f2e9fa70c1c7916eb9) Importer(2089858483,192608db42251d675da83286b1cce702) (ScriptedImporter) -> (artifact id: '55a2c96003c644ff45b3a4f8bfe28b67') in 0.0352535 seconds
Number of updated asset objects reloaded before import = 0Number of asset objects unloaded after import = 3

========================================================================
Received Import Request.
  Time since last request: 0.000015 seconds.
  path: Assets/Tilemaps/Background/Trees_4.asset
  artifactKey: Guid(85b6c6b074dd77b1f8f875329ed6ac12) Importer(2089858483,192608db42251d675da83286b1cce702)
Start importing Assets/Tilemaps/Background/Trees_4.asset using Guid(85b6c6b074dd77b1f8f875329ed6ac12) Importer(2089858483,192608db42251d675da83286b1cce702) (ScriptedImporter) -> (artifact id: '6111f05cb0d10d101cb2f739dfbb5b34') in 0.0103472 seconds
Number of updated asset objects reloaded before import = 0Number of asset objects unloaded after import = 2

========================================================================
Received Import Request.
  Time since last request: 0.000012 seconds.
  path: Assets/Tilemaps/Background/Road_L_Reverse.png
  artifactKey: Guid(22460e7f395dcc0f5bffbe2de5a4caab) Importer(2089858483,192608db42251d675da83286b1cce702)
Start importing Assets/Tilemaps/Background/Road_L_Reverse.png using Guid(22460e7f395dcc0f5bffbe2de5a4caab) Importer(2089858483,192608db42251d675da83286b1cce702) (ScriptedImporter) -> (artifact id: '26e48bb507773a96f060d43507cbf238') in 0.0159465 seconds
Number of updated asset objects reloaded before import = 0Number of asset objects unloaded after import = 3

========================================================================
Received Import Request.
  Time since last request: 0.000014 seconds.
  path: Assets/NavMeshComponents/Scripts/NavMeshModifier.cs
  artifactKey: Guid(9809bf1345abc5648af68b3a82653f08) Importer(2089858483,192608db42251d675da83286b1cce702)
Start importing Assets/NavMeshComponents/Scripts/NavMeshModifier.cs using Guid(9809bf1345abc5648af68b3a82653f08) Importer(2089858483,192608db42251d675da83286b1cce702) (ScriptedImporter) -> (artifact id: 'd3e83f6a8c404bbedb6b4ee5b7cca2e8') in 0.0098063 seconds
Number of updated asset objects reloaded before import = 0Number of asset objects unloaded after import = 0

========================================================================
Received Import Request.
  Time since last request: 0.000021 seconds.
  path: Assets/PreFabs/ResetWater.prefab
  artifactKey: Guid(f17873149393043b2a81ef8794c596e3) Importer(2089858483,192608db42251d675da83286b1cce702)
Start importing Assets/PreFabs/ResetWater.prefab using Guid(f17873149393043b2a81ef8794c596e3) Importer(2089858483,192608db42251d675da83286b1cce702) (ScriptedImporter) -> (artifact id: 'f166371e7b8b91cda7d0ccda10636c1c') in 0.0150473 seconds
Number of updated asset objects reloaded before import = 0Number of asset objects unloaded after import = 10

========================================================================
Received Import Request.
  Time since last request: 0.000012 seconds.
  path: Assets/Tilemaps/GummyBear/Gummy_Bear_Walk_Down.anim
  artifactKey: Guid(fcd9a3f507f74a8d999d15f8275a5628) Importer(2089858483,192608db42251d675da83286b1cce702)
Start importing Assets/Tilemaps/GummyBear/Gummy_Bear_Walk_Down.anim using Guid(fcd9a3f507f74a8d999d15f8275a5628) Importer(2089858483,192608db42251d675da83286b1cce702) (ScriptedImporter) -> (artifact id: 'aeca9a1d89ca0834b13b673a94363fc1') in 0.0118261 seconds
Number of updated asset objects reloaded before import = 0Number of asset objects unloaded after import = 1

========================================================================
Received Import Request.
  Time since last request: 0.000013 seconds.
  path: Assets/TextMesh Pro/Shaders/TMPro_Surface.cginc
  artifactKey: Guid(d930090c0cd643c7b55f19a38538c162) Importer(2089858483,192608db42251d675da83286b1cce702)
Start importing Assets/TextMesh Pro/Shaders/TMPro_Surface.cginc using Guid(d930090c0cd643c7b55f19a38538c162) Importer(2089858483,192608db42251d675da83286b1cce702) (ScriptedImporter) -> (artifact id: '10423fbd99b1969587a82e7a47d5cf66') in 0.0090942 seconds
Number of updated asset objects reloaded before import = 0Number of asset objects unloaded after import = 1

========================================================================
Received Import Request.
  Time since last request: 5.159444 seconds.
  path: Assets/Tilemaps/GummyBear/Gummy_Bear_Walk_Left_4.png
  artifactKey: Guid(28348354f9cdeddac85a8d7380caf001) Importer(2089858483,192608db42251d675da83286b1cce702)
Start importing Assets/Tilemaps/GummyBear/Gummy_Bear_Walk_Left_4.png using Guid(28348354f9cdeddac85a8d7380caf001) Importer(2089858483,192608db42251d675da83286b1cce702) (ScriptedImporter) -> (artifact id: '99a444d16e480fa0495a95638334e31b') in 0.0165059 seconds
Number of updated asset objects reloaded before import = 0Number of asset objects unloaded after import = 3

========================================================================
Received Import Request.
  Time since last request: 0.000017 seconds.
  path: Assets/TextMesh Pro/Resources/Fonts & Materials/LiberationSans SDF - Drop Shadow.mat
  artifactKey: Guid(e73a58f6e2794ae7b1b7e50b7fb811b0) Importer(2089858483,192608db42251d675da83286b1cce702)
Start importing Assets/TextMesh Pro/Resources/Fonts & Materials/LiberationSans SDF - Drop Shadow.mat using Guid(e73a58f6e2794ae7b1b7e50b7fb811b0) Importer(2089858483,192608db42251d675da83286b1cce702) (ScriptedImporter) -> (artifact id: '1ac19b1c90358fd7c83d4f3990ae517a') in 0.0235514 seconds
Number of updated asset objects reloaded before import = 0Number of asset objects unloaded after import = 2

========================================================================
Received Import Request.
  Time since last request: 0.000025 seconds.
  path: Assets/TextMesh Pro/Resources/Fonts & Materials/LiberationSans SDF - Fallback.asset
  artifactKey: Guid(2e498d1c8094910479dc3e1b768306a4) Importer(2089858483,192608db42251d675da83286b1cce702)
Start importing Assets/TextMesh Pro/Resources/Fonts & Materials/LiberationSans SDF - Fallback.asset using Guid(2e498d1c8094910479dc3e1b768306a4) Importer(2089858483,192608db42251d675da83286b1cce702) (ScriptedImporter) -> (artifact id: '5dd01c02753ca53b0028d259a6a57b14') in 0.035074 seconds
Number of updated asset objects reloaded before import = 0Number of asset objects unloaded after import = 5

========================================================================
Received Import Request.
  Time since last request: 0.000018 seconds.
  path: Assets/Tilemaps/GummyBear/Gummy_Bear_Walk_Right_2.png
  artifactKey: Guid(30e0c52abbe1f9005a4cfd152cb55c97) Importer(2089858483,192608db42251d675da83286b1cce702)
Start importing Assets/Tilemaps/GummyBear/Gummy_Bear_Walk_Right_2.png using Guid(30e0c52abbe1f9005a4cfd152cb55c97) Importer(2089858483,192608db42251d675da83286b1cce702) (ScriptedImporter) -> (artifact id: 'e5a256b946f4223f32d89f0067533599') in 0.0168686 seconds
Number of updated asset objects reloaded before import = 0Number of asset objects unloaded after import = 3

========================================================================
Received Import Request.
  Time since last request: 0.000019 seconds.
  path: Assets/Tilemaps/Torii/Torii_Red.png
  artifactKey: Guid(dda3908bfc5a6e97492da51787cd649b) Importer(2089858483,192608db42251d675da83286b1cce702)
Start importing Assets/Tilemaps/Torii/Torii_Red.png using Guid(dda3908bfc5a6e97492da51787cd649b) Importer(2089858483,192608db42251d675da83286b1cce702) (ScriptedImporter) -> (artifact id: '1128601c793f935e01c81d3de2827bda') in 0.017388 seconds
Number of updated asset objects reloaded before import = 0Number of asset objects unloaded after import = 3

========================================================================
Received Import Request.
  Time since last request: 0.000013 seconds.
  path: Assets/Tilemaps/Torii/Materials/Torii_Green.mat
  artifactKey: Guid(c21836b7cc66e4494b9b6c874129703f) Importer(2089858483,192608db42251d675da83286b1cce702)
Start importing Assets/Tilemaps/Torii/Materials/Torii_Green.mat using Guid(c21836b7cc66e4494b9b6c874129703f) Importer(2089858483,192608db42251d675da83286b1cce702) (ScriptedImporter) -> (artifact id: '492b7db2ad5c509d91479ac33f085ddf') in 0.0155071 seconds
Number of updated asset objects reloaded before import = 0Number of asset objects unloaded after import = 2

========================================================================
Received Import Request.
  Time since last request: 0.000018 seconds.
  path: Assets/Tilemaps/GummyBear/Gummy_Bear_Walk_Right_4.png
  artifactKey: Guid(0995a9f5979b18251a019b8474760334) Importer(2089858483,192608db42251d675da83286b1cce702)
Start importing Assets/Tilemaps/GummyBear/Gummy_Bear_Walk_Right_4.png using Guid(0995a9f5979b18251a019b8474760334) Importer(2089858483,192608db42251d675da83286b1cce702) (ScriptedImporter) -> (artifact id: '7aee36e35428ddeab5cc736fd9f1194d') in 0.0306989 seconds
Number of updated asset objects reloaded before import = 0Number of asset objects unloaded after import = 3

========================================================================
Received Import Request.
  Time since last request: 0.000020 seconds.
  path: Assets/Tilemaps/UI/Menu_Start_Click.png
  artifactKey: Guid(75438ed7dc854b7dd80058f75db54a49) Importer(2089858483,192608db42251d675da83286b1cce702)
Start importing Assets/Tilemaps/UI/Menu_Start_Click.png using Guid(75438ed7dc854b7dd80058f75db54a49) Importer(2089858483,192608db42251d675da83286b1cce702) (ScriptedImporter) -> (artifact id: '24c49aff3ef360f9391ac2ff699a2b02') in 0.0176738 seconds
Number of updated asset objects reloaded before import = 0Number of asset objects unloaded after import = 3

========================================================================
Received Import Request.
  Time since last request: 0.000013 seconds.
  path: Assets/TextMesh Pro/Resources/Fonts & Materials/LiberationSans SDF - Outline.mat
  artifactKey: Guid(79459efec17a4d00a321bdcc27bbc385) Importer(2089858483,192608db42251d675da83286b1cce702)
Start importing Assets/TextMesh Pro/Resources/Fonts & Materials/LiberationSans SDF - Outline.mat using Guid(79459efec17a4d00a321bdcc27bbc385) Importer(2089858483,192608db42251d675da83286b1cce702) (ScriptedImporter) -> (artifact id: 'a0f48826e8d03fff518bcd26e107d3b6') in 0.0161391 seconds
Number of updated asset objects reloaded before import = 0Number of asset objects unloaded after import = 2

========================================================================
Received Import Request.
  Time since last request: 108.600784 seconds.
  path: Assets/Settings/UniversalRP.asset
  artifactKey: Guid(681886c5eb7344803b6206f758bf0b1c) Importer(2089858483,192608db42251d675da83286b1cce702)
Start importing Assets/Settings/UniversalRP.asset using Guid(681886c5eb7344803b6206f758bf0b1c) Importer(2089858483,192608db42251d675da83286b1cce702) (ScriptedImporter) -> (artifact id: '50acd5e4b547f4e1701ba711a576c223') in 0.0184907 seconds
Number of updated asset objects reloaded before import = 3Number of asset objects unloaded after import = 1

